<?xml version="1.0" encoding="UTF-8"?>
<coverage generated="1540563269304" clover="3.2.0">
  <project timestamp="1540563269304" name="All files">
    <metrics statements="502" coveredstatements="500" conditionals="98" coveredconditionals="92" methods="137" coveredmethods="136" elements="737" coveredelements="728" complexity="0" loc="502" ncloc="502" packages="20" files="42" classes="42">
      <package name=".storybook">
        <metrics statements="7" coveredstatements="7" conditionals="0" coveredconditionals="0" methods="3" coveredmethods="3"/>
        <file name="config.js" path="C:\Users\arckm\Documents\GitHub\AP-CSE-APP\.storybook\config.js">
          <metrics statements="5" coveredstatements="5" conditionals="0" coveredconditionals="0" methods="3" coveredmethods="3"/>
          <line num="9" count="28" type="stmt"/>
          <line num="10" count="1" type="stmt"/>
          <line num="13" count="1" type="stmt"/>
          <line num="15" count="14" type="stmt"/>
          <line num="19" count="1" type="stmt"/>
        </file>
        <file name="jestSetup.js" path="C:\Users\arckm\Documents\GitHub\AP-CSE-APP\.storybook\jestSetup.js">
          <metrics statements="2" coveredstatements="2" conditionals="0" coveredconditionals="0" methods="0" coveredmethods="0"/>
          <line num="5" count="10" type="stmt"/>
          <line num="6" count="10" type="stmt"/>
        </file>
      </package>
      <package name="mock_api_data">
        <metrics statements="2" coveredstatements="2" conditionals="0" coveredconditionals="0" methods="0" coveredmethods="0"/>
        <file name="E.G3.C1.ts" path="C:\Users\arckm\Documents\GitHub\AP-CSE-APP\mock_api_data\E.G3.C1.ts">
          <metrics statements="2" coveredstatements="2" conditionals="0" coveredconditionals="0" methods="0" coveredmethods="0"/>
          <line num="2" count="2" type="stmt"/>
          <line num="1440" count="2" type="stmt"/>
        </file>
      </package>
      <package name="src.__decorators__">
        <metrics statements="4" coveredstatements="4" conditionals="0" coveredconditionals="0" methods="1" coveredmethods="1"/>
        <file name="index.tsx" path="C:\Users\arckm\Documents\GitHub\AP-CSE-APP\src\__decorators__\index.tsx">
          <metrics statements="4" coveredstatements="4" conditionals="0" coveredconditionals="0" methods="1" coveredmethods="1"/>
          <line num="1" count="1" type="stmt"/>
          <line num="3" count="1" type="stmt"/>
          <line num="5" count="1" type="stmt"/>
          <line num="6" count="2" type="stmt"/>
        </file>
      </package>
      <package name="src.components.AdditionalMaterials">
        <metrics statements="12" coveredstatements="12" conditionals="2" coveredconditionals="2" methods="3" coveredmethods="3"/>
        <file name="index.tsx" path="C:\Users\arckm\Documents\GitHub\AP-CSE-APP\src\components\AdditionalMaterials\index.tsx">
          <metrics statements="12" coveredstatements="12" conditionals="2" coveredconditionals="2" methods="3" coveredmethods="3"/>
          <line num="1" count="2" type="stmt"/>
          <line num="2" count="2" type="stmt"/>
          <line num="3" count="2" type="stmt"/>
          <line num="4" count="2" type="stmt"/>
          <line num="10" count="2" type="cond" truecount="2" falsecount="0"/>
          <line num="11" count="2" type="stmt"/>
          <line num="12" count="2" type="stmt"/>
          <line num="13" count="2" type="stmt"/>
          <line num="16" count="2" type="stmt"/>
          <line num="17" count="6" type="stmt"/>
          <line num="18" count="18" type="stmt"/>
          <line num="35" count="6" type="stmt"/>
        </file>
      </package>
      <package name="src.components.Breadcrumbs">
        <metrics statements="44" coveredstatements="44" conditionals="20" coveredconditionals="20" methods="9" coveredmethods="9"/>
        <file name="BreadcrumbLink.tsx" path="C:\Users\arckm\Documents\GitHub\AP-CSE-APP\src\components\Breadcrumbs\BreadcrumbLink.tsx">
          <metrics statements="5" coveredstatements="5" conditionals="0" coveredconditionals="0" methods="1" coveredmethods="1"/>
          <line num="1" count="2" type="stmt"/>
          <line num="2" count="2" type="stmt"/>
          <line num="16" count="2" type="stmt"/>
          <line num="30" count="2" type="stmt"/>
          <line num="35" count="29" type="stmt"/>
        </file>
        <file name="BreadcrumbModel.ts" path="C:\Users\arckm\Documents\GitHub\AP-CSE-APP\src\components\Breadcrumbs\BreadcrumbModel.ts">
          <metrics statements="16" coveredstatements="16" conditionals="6" coveredconditionals="6" methods="3" coveredmethods="3"/>
          <line num="5" count="1" type="cond" truecount="2" falsecount="0"/>
          <line num="6" count="1" type="stmt"/>
          <line num="7" count="1" type="stmt"/>
          <line num="14" count="1" type="cond" truecount="2" falsecount="0"/>
          <line num="15" count="1" type="stmt"/>
          <line num="16" count="1" type="stmt"/>
          <line num="17" count="1" type="stmt"/>
          <line num="18" count="1" type="stmt"/>
          <line num="19" count="1" type="stmt"/>
          <line num="20" count="1" type="stmt"/>
          <line num="21" count="1" type="stmt"/>
          <line num="28" count="1" type="cond" truecount="2" falsecount="0"/>
          <line num="29" count="1" type="stmt"/>
          <line num="30" count="1" type="stmt"/>
          <line num="31" count="1" type="stmt"/>
          <line num="32" count="1" type="stmt"/>
        </file>
        <file name="Breadcrumbs.storybook.tsx" path="C:\Users\arckm\Documents\GitHub\AP-CSE-APP\src\components\Breadcrumbs\Breadcrumbs.storybook.tsx">
          <metrics statements="16" coveredstatements="16" conditionals="0" coveredconditionals="0" methods="4" coveredmethods="4"/>
          <line num="1" count="1" type="stmt"/>
          <line num="2" count="1" type="stmt"/>
          <line num="4" count="1" type="stmt"/>
          <line num="5" count="1" type="stmt"/>
          <line num="6" count="1" type="stmt"/>
          <line num="7" count="1" type="stmt"/>
          <line num="8" count="1" type="stmt"/>
          <line num="10" count="1" type="stmt"/>
          <line num="16" count="1" type="stmt"/>
          <line num="18" count="1" type="stmt"/>
          <line num="25" count="1" type="stmt"/>
          <line num="29" count="1" type="stmt"/>
          <line num="30" count="3" type="stmt"/>
          <line num="32" count="1" type="stmt"/>
          <line num="43" count="1" type="stmt"/>
          <line num="53" count="1" type="stmt"/>
        </file>
        <file name="index.tsx" path="C:\Users\arckm\Documents\GitHub\AP-CSE-APP\src\components\Breadcrumbs\index.tsx">
          <metrics statements="7" coveredstatements="7" conditionals="14" coveredconditionals="14" methods="1" coveredmethods="1"/>
          <line num="1" count="2" type="stmt"/>
          <line num="2" count="2" type="stmt"/>
          <line num="3" count="2" type="stmt"/>
          <line num="4" count="2" type="stmt"/>
          <line num="5" count="2" type="stmt"/>
          <line num="28" count="2" type="stmt"/>
          <line num="29" count="8" type="stmt"/>
        </file>
      </package>
      <package name="src.components.ContentNav">
        <metrics statements="58" coveredstatements="58" conditionals="8" coveredconditionals="8" methods="18" coveredmethods="18"/>
        <file name="ContentNav.storybook.tsx" path="C:\Users\arckm\Documents\GitHub\AP-CSE-APP\src\components\ContentNav\ContentNav.storybook.tsx">
          <metrics statements="7" coveredstatements="7" conditionals="0" coveredconditionals="0" methods="1" coveredmethods="1"/>
          <line num="1" count="1" type="stmt"/>
          <line num="2" count="1" type="stmt"/>
          <line num="3" count="1" type="stmt"/>
          <line num="5" count="1" type="stmt"/>
          <line num="6" count="1" type="stmt"/>
          <line num="8" count="1" type="stmt"/>
          <line num="10" count="1" type="stmt"/>
        </file>
        <file name="index.tsx" path="C:\Users\arckm\Documents\GitHub\AP-CSE-APP\src\components\ContentNav\index.tsx">
          <metrics statements="51" coveredstatements="51" conditionals="8" coveredconditionals="8" methods="17" coveredmethods="17"/>
          <line num="1" count="3" type="stmt"/>
          <line num="2" count="3" type="stmt"/>
          <line num="5" count="3" type="stmt"/>
          <line num="6" count="3" type="stmt"/>
          <line num="33" count="3" type="stmt"/>
          <line num="35" count="11" type="stmt"/>
          <line num="36" count="11" type="stmt"/>
          <line num="42" count="11" type="stmt"/>
          <line num="43" count="89" type="stmt"/>
          <line num="44" count="89" type="stmt"/>
          <line num="45" count="89" type="stmt"/>
          <line num="46" count="89" type="stmt"/>
          <line num="47" count="87" type="stmt"/>
          <line num="49" count="87" type="stmt"/>
          <line num="52" count="89" type="stmt"/>
          <line num="54" count="89" type="stmt"/>
          <line num="58" count="11" type="stmt"/>
          <line num="59" count="2" type="stmt"/>
          <line num="68" count="11" type="stmt"/>
          <line num="69" count="1" type="stmt"/>
          <line num="70" count="1" type="stmt"/>
          <line num="71" count="1" type="stmt"/>
          <line num="72" count="7" type="stmt"/>
          <line num="73" count="7" type="stmt"/>
          <line num="74" count="3" type="stmt"/>
          <line num="75" count="3" type="cond" truecount="2" falsecount="0"/>
          <line num="77" count="3" type="stmt"/>
          <line num="80" count="7" type="stmt"/>
          <line num="83" count="1" type="stmt"/>
          <line num="88" count="11" type="stmt"/>
          <line num="89" count="1" type="stmt"/>
          <line num="90" count="1" type="stmt"/>
          <line num="91" count="7" type="stmt"/>
          <line num="92" count="7" type="stmt"/>
          <line num="93" count="7" type="cond" truecount="2" falsecount="0"/>
          <line num="94" count="3" type="stmt"/>
          <line num="97" count="7" type="stmt"/>
          <line num="100" count="1" type="stmt"/>
          <line num="105" count="11" type="stmt"/>
          <line num="106" count="4" type="stmt"/>
          <line num="107" count="4" type="stmt"/>
          <line num="108" count="28" type="cond" truecount="2" falsecount="0"/>
          <line num="110" count="28" type="stmt"/>
          <line num="113" count="4" type="stmt"/>
          <line num="118" count="11" type="stmt"/>
          <line num="119" count="131" type="cond" truecount="2" falsecount="0"/>
          <line num="120" count="29" type="stmt"/>
          <line num="121" count="105" type="stmt"/>
          <line num="132" count="102" type="stmt"/>
          <line num="136" count="17" type="stmt"/>
          <line num="141" count="131" type="stmt"/>
        </file>
      </package>
      <package name="src.components.ContentNav.Item">
        <metrics statements="29" coveredstatements="29" conditionals="14" coveredconditionals="14" methods="12" coveredmethods="12"/>
        <file name="Item.storybook.tsx" path="C:\Users\arckm\Documents\GitHub\AP-CSE-APP\src\components\ContentNav\Item\Item.storybook.tsx">
          <metrics statements="15" coveredstatements="15" conditionals="0" coveredconditionals="0" methods="7" coveredmethods="7"/>
          <line num="1" count="1" type="stmt"/>
          <line num="2" count="1" type="stmt"/>
          <line num="3" count="1" type="stmt"/>
          <line num="5" count="1" type="stmt"/>
          <line num="6" count="1" type="stmt"/>
          <line num="7" count="1" type="stmt"/>
          <line num="9" count="1" type="stmt"/>
          <line num="11" count="1" type="stmt"/>
          <line num="13" count="1" type="stmt"/>
          <line num="18" count="1" type="stmt"/>
          <line num="24" count="1" type="stmt"/>
          <line num="34" count="1" type="stmt"/>
          <line num="36" count="1" type="stmt"/>
          <line num="38" count="1" type="stmt"/>
          <line num="43" count="1" type="stmt"/>
        </file>
        <file name="index.tsx" path="C:\Users\arckm\Documents\GitHub\AP-CSE-APP\src\components\ContentNav\Item\index.tsx">
          <metrics statements="14" coveredstatements="14" conditionals="14" coveredconditionals="14" methods="5" coveredmethods="5"/>
          <line num="1" count="5" type="stmt"/>
          <line num="2" count="5" type="stmt"/>
          <line num="3" count="5" type="stmt"/>
          <line num="23" count="5" type="stmt"/>
          <line num="24" count="36" type="cond" truecount="2" falsecount="0"/>
          <line num="25" count="8" type="stmt"/>
          <line num="28" count="2" type="cond" truecount="2" falsecount="0"/>
          <line num="34" count="28" type="stmt"/>
          <line num="37" count="4" type="cond" truecount="2" falsecount="0"/>
          <line num="54" count="5" type="stmt"/>
          <line num="63" count="140" type="stmt"/>
          <line num="64" count="140" type="stmt"/>
          <line num="66" count="140" type="stmt"/>
          <line num="70" count="3" type="cond" truecount="2" falsecount="0"/>
        </file>
      </package>
      <package name="src.components.ContentNav.SubItem">
        <metrics statements="13" coveredstatements="13" conditionals="4" coveredconditionals="4" methods="4" coveredmethods="4"/>
        <file name="SubItem.storybook.tsx" path="C:\Users\arckm\Documents\GitHub\AP-CSE-APP\src\components\ContentNav\SubItem\SubItem.storybook.tsx">
          <metrics statements="7" coveredstatements="7" conditionals="0" coveredconditionals="0" methods="2" coveredmethods="2"/>
          <line num="1" count="1" type="stmt"/>
          <line num="2" count="1" type="stmt"/>
          <line num="3" count="1" type="stmt"/>
          <line num="5" count="1" type="stmt"/>
          <line num="7" count="1" type="stmt"/>
          <line num="9" count="1" type="stmt"/>
          <line num="10" count="1" type="stmt"/>
        </file>
        <file name="index.tsx" path="C:\Users\arckm\Documents\GitHub\AP-CSE-APP\src\components\ContentNav\SubItem\index.tsx">
          <metrics statements="6" coveredstatements="6" conditionals="4" coveredconditionals="4" methods="2" coveredmethods="2"/>
          <line num="1" count="5" type="stmt"/>
          <line num="2" count="5" type="stmt"/>
          <line num="24" count="5" type="stmt"/>
          <line num="25" count="116" type="stmt"/>
          <line num="27" count="116" type="stmt"/>
          <line num="31" count="3" type="cond" truecount="2" falsecount="0"/>
        </file>
      </package>
      <package name="src.components.FilterItem">
        <metrics statements="14" coveredstatements="14" conditionals="0" coveredconditionals="0" methods="2" coveredmethods="2"/>
        <file name="FilterItem.storybook.tsx" path="C:\Users\arckm\Documents\GitHub\AP-CSE-APP\src\components\FilterItem\FilterItem.storybook.tsx">
          <metrics statements="7" coveredstatements="7" conditionals="0" coveredconditionals="0" methods="1" coveredmethods="1"/>
          <line num="1" count="1" type="stmt"/>
          <line num="2" count="1" type="stmt"/>
          <line num="3" count="1" type="stmt"/>
          <line num="4" count="1" type="stmt"/>
          <line num="6" count="1" type="stmt"/>
          <line num="16" count="1" type="stmt"/>
          <line num="18" count="1" type="stmt"/>
        </file>
        <file name="index.tsx" path="C:\Users\arckm\Documents\GitHub\AP-CSE-APP\src\components\FilterItem\index.tsx">
          <metrics statements="7" coveredstatements="7" conditionals="0" coveredconditionals="0" methods="1" coveredmethods="1"/>
          <line num="1" count="1" type="stmt"/>
          <line num="12" count="1" type="stmt"/>
          <line num="17" count="1" type="stmt"/>
          <line num="22" count="1" type="stmt"/>
          <line num="26" count="1" type="stmt"/>
          <line num="30" count="1" type="stmt"/>
          <line num="31" count="7" type="stmt"/>
        </file>
      </package>
      <package name="src.components.FilterItemList">
        <metrics statements="14" coveredstatements="14" conditionals="0" coveredconditionals="0" methods="4" coveredmethods="4"/>
        <file name="FilterItemList.storybook.tsx" path="C:\Users\arckm\Documents\GitHub\AP-CSE-APP\src\components\FilterItemList\FilterItemList.storybook.tsx">
          <metrics statements="7" coveredstatements="7" conditionals="0" coveredconditionals="0" methods="1" coveredmethods="1"/>
          <line num="1" count="1" type="stmt"/>
          <line num="2" count="1" type="stmt"/>
          <line num="3" count="1" type="stmt"/>
          <line num="4" count="1" type="stmt"/>
          <line num="8" count="1" type="stmt"/>
          <line num="41" count="1" type="stmt"/>
          <line num="43" count="1" type="stmt"/>
        </file>
        <file name="index.tsx" path="C:\Users\arckm\Documents\GitHub\AP-CSE-APP\src\components\FilterItemList\index.tsx">
          <metrics statements="7" coveredstatements="7" conditionals="0" coveredconditionals="0" methods="3" coveredmethods="3"/>
          <line num="1" count="1" type="stmt"/>
          <line num="2" count="1" type="stmt"/>
          <line num="18" count="1" type="stmt"/>
          <line num="20" count="2" type="stmt"/>
          <line num="21" count="2" type="stmt"/>
          <line num="25" count="6" type="stmt"/>
          <line num="27" count="2" type="stmt"/>
        </file>
      </package>
      <package name="src.components.HelloWorld">
        <metrics statements="12" coveredstatements="12" conditionals="2" coveredconditionals="2" methods="4" coveredmethods="4"/>
        <file name="HelloWorld.storybook.tsx" path="C:\Users\arckm\Documents\GitHub\AP-CSE-APP\src\components\HelloWorld\HelloWorld.storybook.tsx">
          <metrics statements="7" coveredstatements="7" conditionals="0" coveredconditionals="0" methods="2" coveredmethods="2"/>
          <line num="1" count="1" type="stmt"/>
          <line num="2" count="1" type="stmt"/>
          <line num="3" count="1" type="stmt"/>
          <line num="5" count="1" type="stmt"/>
          <line num="7" count="1" type="stmt"/>
          <line num="9" count="1" type="stmt"/>
          <line num="10" count="1" type="stmt"/>
        </file>
        <file name="index.tsx" path="C:\Users\arckm\Documents\GitHub\AP-CSE-APP\src\components\HelloWorld\index.tsx">
          <metrics statements="5" coveredstatements="5" conditionals="2" coveredconditionals="2" methods="2" coveredmethods="2"/>
          <line num="1" count="2" type="stmt"/>
          <line num="3" count="2" type="stmt"/>
          <line num="4" count="2" type="stmt"/>
          <line num="12" count="2" type="stmt"/>
          <line num="13" count="2" type="stmt"/>
        </file>
      </package>
      <package name="src.components.HomeContent">
        <metrics statements="13" coveredstatements="13" conditionals="0" coveredconditionals="0" methods="2" coveredmethods="2"/>
        <file name="Buttons.storybook.tsx" path="C:\Users\arckm\Documents\GitHub\AP-CSE-APP\src\components\HomeContent\Buttons.storybook.tsx">
          <metrics statements="6" coveredstatements="6" conditionals="0" coveredconditionals="0" methods="1" coveredmethods="1"/>
          <line num="1" count="1" type="stmt"/>
          <line num="2" count="1" type="stmt"/>
          <line num="3" count="1" type="stmt"/>
          <line num="5" count="1" type="stmt"/>
          <line num="7" count="1" type="stmt"/>
          <line num="9" count="1" type="stmt"/>
        </file>
        <file name="index.tsx" path="C:\Users\arckm\Documents\GitHub\AP-CSE-APP\src\components\HomeContent\index.tsx">
          <metrics statements="7" coveredstatements="7" conditionals="0" coveredconditionals="0" methods="1" coveredmethods="1"/>
          <line num="1" count="1" type="stmt"/>
          <line num="2" count="1" type="stmt"/>
          <line num="3" count="1" type="stmt"/>
          <line num="4" count="1" type="stmt"/>
          <line num="6" count="1" type="stmt"/>
          <line num="9" count="1" type="stmt"/>
          <line num="10" count="1" type="stmt"/>
        </file>
      </package>
      <package name="src.components.MainContent">
        <metrics statements="114" coveredstatements="113" conditionals="24" coveredconditionals="20" methods="36" coveredmethods="36"/>
        <file name="Components.tsx" path="C:\Users\arckm\Documents\GitHub\AP-CSE-APP\src\components\MainContent\Components.tsx">
          <metrics statements="14" coveredstatements="14" conditionals="0" coveredconditionals="0" methods="6" coveredmethods="6"/>
          <line num="1" count="2" type="stmt"/>
          <line num="2" count="2" type="stmt"/>
          <line num="13" count="2" type="stmt"/>
          <line num="14" count="196" type="stmt"/>
          <line num="24" count="2" type="stmt"/>
          <line num="25" count="70" type="stmt"/>
          <line num="29" count="2" type="stmt"/>
          <line num="30" count="126" type="stmt"/>
          <line num="35" count="2" type="stmt"/>
          <line num="36" count="49" type="stmt"/>
          <line num="49" count="2" type="stmt"/>
          <line num="50" count="28" type="stmt"/>
          <line num="61" count="2" type="stmt"/>
          <line num="62" count="84" type="stmt"/>
        </file>
        <file name="MainContent.storybook.tsx" path="C:\Users\arckm\Documents\GitHub\AP-CSE-APP\src\components\MainContent\MainContent.storybook.tsx">
          <metrics statements="10" coveredstatements="10" conditionals="0" coveredconditionals="0" methods="1" coveredmethods="1"/>
          <line num="1" count="1" type="stmt"/>
          <line num="2" count="1" type="stmt"/>
          <line num="3" count="1" type="stmt"/>
          <line num="5" count="1" type="stmt"/>
          <line num="6" count="1" type="stmt"/>
          <line num="7" count="1" type="stmt"/>
          <line num="8" count="1" type="stmt"/>
          <line num="10" count="1" type="stmt"/>
          <line num="17" count="1" type="stmt"/>
          <line num="20" count="1" type="stmt"/>
        </file>
        <file name="TaskModel.tsx" path="C:\Users\arckm\Documents\GitHub\AP-CSE-APP\src\components\MainContent\TaskModel.tsx">
          <metrics statements="18" coveredstatements="18" conditionals="4" coveredconditionals="4" methods="7" coveredmethods="7"/>
          <line num="1" count="2" type="stmt"/>
          <line num="2" count="2" type="stmt"/>
          <line num="3" count="2" type="stmt"/>
          <line num="4" count="2" type="stmt"/>
          <line num="15" count="2" type="stmt"/>
          <line num="16" count="84" type="stmt"/>
          <line num="17" count="42" type="stmt"/>
          <line num="19" count="42" type="stmt"/>
          <line num="22" count="21" type="stmt"/>
          <line num="24" count="2" type="stmt"/>
          <line num="25" count="21" type="stmt"/>
          <line num="27" count="2" type="stmt"/>
          <line num="30" count="21" type="cond" truecount="4" falsecount="0"/>
          <line num="31" count="7" type="stmt"/>
          <line num="40" count="2" type="stmt"/>
          <line num="48" count="21" type="stmt"/>
          <line num="49" count="21" type="stmt"/>
          <line num="51" count="21" type="stmt"/>
        </file>
        <file name="index.tsx" path="C:\Users\arckm\Documents\GitHub\AP-CSE-APP\src\components\MainContent\index.tsx">
          <metrics statements="41" coveredstatements="40" conditionals="10" coveredconditionals="7" methods="12" coveredmethods="12"/>
          <line num="1" count="2" type="stmt"/>
          <line num="2" count="2" type="stmt"/>
          <line num="3" count="2" type="stmt"/>
          <line num="4" count="2" type="stmt"/>
          <line num="32" count="2" type="stmt"/>
          <line num="33" count="28" type="stmt"/>
          <line num="34" count="40" type="stmt"/>
          <line num="37" count="2" type="stmt"/>
          <line num="38" count="58" type="stmt"/>
          <line num="39" count="58" type="cond" truecount="1" falsecount="1"/>
          <line num="41" count="58" type="stmt"/>
          <line num="44" count="2" type="stmt"/>
          <line num="45" count="14" type="stmt"/>
          <line num="46" count="14" type="cond" truecount="2" falsecount="0"/>
          <line num="47" count="9" type="stmt"/>
          <line num="59" count="5" type="stmt"/>
          <line num="62" count="2" type="stmt"/>
          <line num="63" count="17" type="cond" truecount="2" falsecount="0"/>
          <line num="64" count="10" type="cond" truecount="1" falsecount="1"/>
          <line num="66" count="0" type="stmt"/>
          <line num="69" count="2" type="stmt"/>
          <line num="70" count="7" type="stmt"/>
          <line num="71" count="14" type="stmt"/>
          <line num="72" count="14" type="stmt"/>
          <line num="74" count="14" type="stmt"/>
          <line num="81" count="2" type="stmt"/>
          <line num="88" count="7" type="stmt"/>
          <line num="89" count="21" type="stmt"/>
          <line num="90" count="21" type="stmt"/>
          <line num="91" count="21" type="stmt"/>
          <line num="93" count="21" type="stmt"/>
          <line num="106" count="2" type="stmt"/>
          <line num="107" count="7" type="stmt"/>
          <line num="108" count="14" type="stmt"/>
          <line num="120" count="2" type="stmt"/>
          <line num="121" count="7" type="stmt"/>
          <line num="122" count="7" type="stmt"/>
          <line num="123" count="7" type="stmt"/>
          <line num="124" count="7" type="stmt"/>
          <line num="126" count="7" type="stmt"/>
          <line num="128" count="7" type="stmt"/>
        </file>
        <file name="parseUtils.tsx" path="C:\Users\arckm\Documents\GitHub\AP-CSE-APP\src\components\MainContent\parseUtils.tsx">
          <metrics statements="31" coveredstatements="31" conditionals="10" coveredconditionals="9" methods="10" coveredmethods="10"/>
          <line num="1" count="2" type="stmt"/>
          <line num="4" count="2" type="stmt"/>
          <line num="5" count="112" type="stmt"/>
          <line num="8" count="2" type="stmt"/>
          <line num="9" count="112" type="stmt"/>
          <line num="15" count="2" type="stmt"/>
          <line num="16" count="884" type="stmt"/>
          <line num="22" count="2196" type="stmt"/>
          <line num="24" count="2" type="stmt"/>
          <line num="25" count="2054" type="stmt"/>
          <line num="27" count="2054" type="stmt"/>
          <line num="28" count="2196" type="stmt"/>
          <line num="29" count="2196" type="cond" truecount="2" falsecount="0"/>
          <line num="30" count="71" type="cond" truecount="2" falsecount="0"/>
          <line num="32" count="19" type="stmt"/>
          <line num="35" count="2125" type="stmt"/>
          <line num="39" count="2" type="stmt"/>
          <line num="40" count="884" type="stmt"/>
          <line num="42" count="884" type="stmt"/>
          <line num="43" count="2054" type="stmt"/>
          <line num="44" count="2054" type="cond" truecount="2" falsecount="0"/>
          <line num="45" count="585" type="stmt"/>
          <line num="48" count="1469" type="stmt"/>
          <line num="52" count="2" type="stmt"/>
          <line num="53" count="112" type="stmt"/>
          <line num="55" count="112" type="cond" truecount="1" falsecount="1"/>
          <line num="56" count="112" type="stmt"/>
          <line num="58" count="112" type="cond" truecount="2" falsecount="0"/>
          <line num="59" count="6" type="stmt"/>
          <line num="62" count="112" type="stmt"/>
          <line num="63" count="884" type="stmt"/>
        </file>
      </package>
      <package name="src.components.NavBar">
        <metrics statements="33" coveredstatements="33" conditionals="0" coveredconditionals="0" methods="5" coveredmethods="5"/>
        <file name="MainMenu.tsx" path="C:\Users\arckm\Documents\GitHub\AP-CSE-APP\src\components\NavBar\MainMenu.tsx">
          <metrics statements="13" coveredstatements="13" conditionals="0" coveredconditionals="0" methods="2" coveredmethods="2"/>
          <line num="1" count="1" type="stmt"/>
          <line num="2" count="1" type="stmt"/>
          <line num="3" count="1" type="stmt"/>
          <line num="4" count="1" type="stmt"/>
          <line num="16" count="1" type="stmt"/>
          <line num="17" count="8" type="stmt"/>
          <line num="36" count="1" type="stmt"/>
          <line num="37" count="2" type="stmt"/>
          <line num="41" count="2" type="stmt"/>
          <line num="42" count="2" type="stmt"/>
          <line num="43" count="2" type="stmt"/>
          <line num="44" count="2" type="stmt"/>
          <line num="46" count="2" type="stmt"/>
        </file>
        <file name="NavBar.storybook.tsx" path="C:\Users\arckm\Documents\GitHub\AP-CSE-APP\src\components\NavBar\NavBar.storybook.tsx">
          <metrics statements="6" coveredstatements="6" conditionals="0" coveredconditionals="0" methods="1" coveredmethods="1"/>
          <line num="1" count="1" type="stmt"/>
          <line num="2" count="1" type="stmt"/>
          <line num="3" count="1" type="stmt"/>
          <line num="5" count="1" type="stmt"/>
          <line num="7" count="1" type="stmt"/>
          <line num="9" count="1" type="stmt"/>
        </file>
        <file name="index.tsx" path="C:\Users\arckm\Documents\GitHub\AP-CSE-APP\src\components\NavBar\index.tsx">
          <metrics statements="14" coveredstatements="14" conditionals="0" coveredconditionals="0" methods="2" coveredmethods="2"/>
          <line num="1" count="1" type="stmt"/>
          <line num="2" count="1" type="stmt"/>
          <line num="3" count="1" type="stmt"/>
          <line num="4" count="1" type="stmt"/>
          <line num="5" count="1" type="stmt"/>
          <line num="6" count="1" type="stmt"/>
          <line num="9" count="1" type="stmt"/>
          <line num="17" count="1" type="stmt"/>
          <line num="18" count="2" type="stmt"/>
          <line num="42" count="1" type="stmt"/>
          <line num="43" count="2" type="stmt"/>
          <line num="47" count="2" type="stmt"/>
          <line num="48" count="2" type="stmt"/>
          <line num="50" count="2" type="stmt"/>
        </file>
      </package>
      <package name="src.components.SbNavLink">
        <metrics statements="3" coveredstatements="3" conditionals="0" coveredconditionals="0" methods="1" coveredmethods="1"/>
        <file name="index.tsx" path="C:\Users\arckm\Documents\GitHub\AP-CSE-APP\src\components\SbNavLink\index.tsx">
          <metrics statements="3" coveredstatements="3" conditionals="0" coveredconditionals="0" methods="1" coveredmethods="1"/>
          <line num="1" count="2" type="stmt"/>
          <line num="8" count="2" type="stmt"/>
          <line num="9" count="30" type="stmt"/>
        </file>
      </package>
      <package name="src.components.SearchBar">
        <metrics statements="11" coveredstatements="11" conditionals="0" coveredconditionals="0" methods="2" coveredmethods="2"/>
        <file name="SearchBar.storybook.tsx" path="C:\Users\arckm\Documents\GitHub\AP-CSE-APP\src\components\SearchBar\SearchBar.storybook.tsx">
          <metrics statements="6" coveredstatements="6" conditionals="0" coveredconditionals="0" methods="1" coveredmethods="1"/>
          <line num="1" count="1" type="stmt"/>
          <line num="2" count="1" type="stmt"/>
          <line num="3" count="1" type="stmt"/>
          <line num="5" count="1" type="stmt"/>
          <line num="7" count="1" type="stmt"/>
          <line num="9" count="1" type="stmt"/>
        </file>
        <file name="index.tsx" path="C:\Users\arckm\Documents\GitHub\AP-CSE-APP\src\components\SearchBar\index.tsx">
          <metrics statements="5" coveredstatements="5" conditionals="0" coveredconditionals="0" methods="1" coveredmethods="1"/>
          <line num="1" count="1" type="stmt"/>
          <line num="2" count="1" type="stmt"/>
          <line num="3" count="1" type="stmt"/>
          <line num="5" count="1" type="stmt"/>
          <line num="6" count="4" type="stmt"/>
        </file>
      </package>
      <package name="src.components.SearchPage">
        <metrics statements="15" coveredstatements="15" conditionals="0" coveredconditionals="0" methods="2" coveredmethods="2"/>
        <file name="SearchPage.storybook.tsx" path="C:\Users\arckm\Documents\GitHub\AP-CSE-APP\src\components\SearchPage\SearchPage.storybook.tsx">
          <metrics statements="7" coveredstatements="7" conditionals="0" coveredconditionals="0" methods="1" coveredmethods="1"/>
          <line num="1" count="1" type="stmt"/>
          <line num="2" count="1" type="stmt"/>
          <line num="3" count="1" type="stmt"/>
          <line num="4" count="1" type="stmt"/>
          <line num="8" count="1" type="stmt"/>
          <line num="44" count="1" type="stmt"/>
          <line num="46" count="1" type="stmt"/>
        </file>
        <file name="index.tsx" path="C:\Users\arckm\Documents\GitHub\AP-CSE-APP\src\components\SearchPage\index.tsx">
          <metrics statements="8" coveredstatements="8" conditionals="0" coveredconditionals="0" methods="1" coveredmethods="1"/>
          <line num="1" count="1" type="stmt"/>
          <line num="3" count="1" type="stmt"/>
          <line num="4" count="1" type="stmt"/>
          <line num="5" count="1" type="stmt"/>
          <line num="6" count="1" type="stmt"/>
          <line num="13" count="1" type="stmt"/>
          <line num="18" count="1" type="stmt"/>
          <line num="19" count="1" type="stmt"/>
        </file>
      </package>
      <package name="src.components.TitleBar">
        <metrics statements="23" coveredstatements="23" conditionals="10" coveredconditionals="10" methods="6" coveredmethods="6"/>
        <file name="DownloadBtn.tsx" path="C:\Users\arckm\Documents\GitHub\AP-CSE-APP\src\components\TitleBar\DownloadBtn.tsx">
          <metrics statements="5" coveredstatements="5" conditionals="0" coveredconditionals="0" methods="1" coveredmethods="1"/>
          <line num="1" count="2" type="stmt"/>
          <line num="2" count="2" type="stmt"/>
          <line num="3" count="2" type="stmt"/>
          <line num="22" count="2" type="stmt"/>
          <line num="23" count="9" type="stmt"/>
        </file>
        <file name="TitleBar.storybook.tsx" path="C:\Users\arckm\Documents\GitHub\AP-CSE-APP\src\components\TitleBar\TitleBar.storybook.tsx">
          <metrics statements="12" coveredstatements="12" conditionals="0" coveredconditionals="0" methods="4" coveredmethods="4"/>
          <line num="1" count="1" type="stmt"/>
          <line num="2" count="1" type="stmt"/>
          <line num="4" count="1" type="stmt"/>
          <line num="5" count="1" type="stmt"/>
          <line num="7" count="1" type="stmt"/>
          <line num="11" count="1" type="stmt"/>
          <line num="17" count="1" type="stmt"/>
          <line num="24" count="1" type="stmt"/>
          <line num="26" count="1" type="stmt"/>
          <line num="31" count="1" type="stmt"/>
          <line num="36" count="1" type="stmt"/>
          <line num="47" count="1" type="stmt"/>
        </file>
        <file name="index.tsx" path="C:\Users\arckm\Documents\GitHub\AP-CSE-APP\src\components\TitleBar\index.tsx">
          <metrics statements="6" coveredstatements="6" conditionals="10" coveredconditionals="10" methods="1" coveredmethods="1"/>
          <line num="1" count="2" type="stmt"/>
          <line num="2" count="2" type="stmt"/>
          <line num="3" count="2" type="stmt"/>
          <line num="18" count="2" type="stmt"/>
          <line num="33" count="2" type="stmt"/>
          <line num="40" count="11" type="stmt"/>
        </file>
      </package>
      <package name="src.constants">
        <metrics statements="17" coveredstatements="17" conditionals="4" coveredconditionals="4" methods="2" coveredmethods="2"/>
        <file name="index.ts" path="C:\Users\arckm\Documents\GitHub\AP-CSE-APP\src\constants\index.ts">
          <metrics statements="17" coveredstatements="17" conditionals="4" coveredconditionals="4" methods="2" coveredmethods="2"/>
          <line num="1" count="7" type="cond" truecount="2" falsecount="0"/>
          <line num="2" count="7" type="stmt"/>
          <line num="3" count="7" type="stmt"/>
          <line num="4" count="7" type="stmt"/>
          <line num="5" count="7" type="stmt"/>
          <line num="6" count="7" type="stmt"/>
          <line num="7" count="7" type="stmt"/>
          <line num="8" count="7" type="stmt"/>
          <line num="11" count="7" type="cond" truecount="2" falsecount="0"/>
          <line num="12" count="7" type="stmt"/>
          <line num="13" count="7" type="stmt"/>
          <line num="14" count="7" type="stmt"/>
          <line num="15" count="7" type="stmt"/>
          <line num="16" count="7" type="stmt"/>
          <line num="17" count="7" type="stmt"/>
          <line num="18" count="7" type="stmt"/>
          <line num="21" count="7" type="stmt"/>
        </file>
      </package>
      <package name="src.pages.Target">
        <metrics statements="64" coveredstatements="63" conditionals="10" coveredconditionals="8" methods="21" coveredmethods="20"/>
        <file name="TargetPage.storybook.tsx" path="C:\Users\arckm\Documents\GitHub\AP-CSE-APP\src\pages\Target\TargetPage.storybook.tsx">
          <metrics statements="8" coveredstatements="8" conditionals="0" coveredconditionals="0" methods="2" coveredmethods="2"/>
          <line num="1" count="1" type="stmt"/>
          <line num="2" count="1" type="stmt"/>
          <line num="3" count="1" type="stmt"/>
          <line num="4" count="1" type="stmt"/>
          <line num="6" count="1" type="stmt"/>
          <line num="8" count="1" type="stmt"/>
          <line num="11" count="1" type="stmt"/>
          <line num="12" count="1" type="stmt"/>
        </file>
        <file name="index.tsx" path="C:\Users\arckm\Documents\GitHub\AP-CSE-APP\src\pages\Target\index.tsx">
          <metrics statements="56" coveredstatements="55" conditionals="10" coveredconditionals="8" methods="19" coveredmethods="18"/>
          <line num="1" count="2" type="stmt"/>
          <line num="3" count="2" type="stmt"/>
          <line num="4" count="2" type="stmt"/>
          <line num="7" count="2" type="stmt"/>
          <line num="8" count="2" type="stmt"/>
          <line num="9" count="2" type="stmt"/>
          <line num="10" count="2" type="stmt"/>
          <line num="13" count="2" type="stmt"/>
          <line num="33" count="2" type="stmt"/>
          <line num="36" count="2" type="stmt"/>
          <line num="41" count="2" type="stmt"/>
          <line num="51" count="2" type="stmt"/>
          <line num="58" count="2" type="stmt"/>
          <line num="59" count="25" type="stmt"/>
          <line num="60" count="25" type="stmt"/>
          <line num="61" count="100" type="stmt"/>
          <line num="64" count="25" type="stmt"/>
          <line num="67" count="2" type="stmt"/>
          <line num="68" count="51" type="stmt"/>
          <line num="69" count="51" type="stmt"/>
          <line num="70" count="51" type="cond" truecount="2" falsecount="0"/>
          <line num="71" count="8" type="stmt"/>
          <line num="72" count="8" type="cond" truecount="1" falsecount="1"/>
          <line num="73" count="8" type="stmt"/>
          <line num="74" count="24" type="stmt"/>
          <line num="77" count="8" type="stmt"/>
          <line num="79" count="43" type="stmt"/>
          <line num="82" count="51" type="stmt"/>
          <line num="85" count="2" type="stmt"/>
          <line num="86" count="7" type="stmt"/>
          <line num="87" count="7" type="stmt"/>
          <line num="88" count="49" type="stmt"/>
          <line num="91" count="7" type="stmt"/>
          <line num="94" count="2" type="stmt"/>
          <line num="95" count="9" type="stmt"/>
          <line num="103" count="2" type="stmt"/>
          <line num="104" count="9" type="stmt"/>
          <line num="113" count="2" type="stmt"/>
          <line num="114" count="6" type="stmt"/>
          <line num="156" count="2" type="stmt"/>
          <line num="163" count="8" type="stmt"/>
          <line num="164" count="8" type="stmt"/>
          <line num="173" count="8" type="stmt"/>
          <line num="175" count="8" type="cond" truecount="1" falsecount="1"/>
          <line num="176" count="8" type="stmt"/>
          <line num="177" count="8" type="stmt"/>
          <line num="188" count="0" type="stmt"/>
          <line num="195" count="8" type="stmt"/>
          <line num="196" count="8" type="stmt"/>
          <line num="197" count="8" type="stmt"/>
          <line num="198" count="8" type="stmt"/>
          <line num="202" count="8" type="stmt"/>
          <line num="203" count="8" type="stmt"/>
          <line num="208" count="14" type="stmt"/>
          <line num="215" count="14" type="stmt"/>
          <line num="217" count="14" type="stmt"/>
        </file>
      </package>
    </metrics>
  </project>
</coverage>
