{"C:\\Users\\arckm\\Documents\\GitHub\\AP-CSE-APP\\.storybook\\config.js": {"path":"C:\\Users\\arckm\\Documents\\GitHub\\AP-CSE-APP\\.storybook\\config.js","statementMap":{"0":{"start":{"line":9,"column":0},"end":{"line":9,"column":67}},"1":{"start":{"line":9,"column":35},"end":{"line":9,"column":66}},"2":{"start":{"line":10,"column":0},"end":{"line":10,"column":23}},"3":{"start":{"line":13,"column":14},"end":{"line":13,"column":66}},"4":{"start":{"line":15,"column":2},"end":{"line":15,"column":39}},"5":{"start":{"line":15,"column":29},"end":{"line":15,"column":38}},"6":{"start":{"line":19,"column":0},"end":{"line":19,"column":31}}},"fnMap":{"0":{"name":"(anonymous_0)","decl":{"start":{"line":9,"column":13},"end":{"line":9,"column":14}},"loc":{"start":{"line":9,"column":35},"end":{"line":9,"column":66}},"line":9},"1":{"name":"loadStories","decl":{"start":{"line":12,"column":9},"end":{"line":12,"column":20}},"loc":{"start":{"line":12,"column":23},"end":{"line":17,"column":1}},"line":12},"2":{"name":"(anonymous_2)","decl":{"start":{"line":15,"column":21},"end":{"line":15,"column":22}},"loc":{"start":{"line":15,"column":29},"end":{"line":15,"column":38}},"line":15}},"branchMap":{},"s":{"0":1,"1":28,"2":1,"3":1,"4":1,"5":14,"6":1},"f":{"0":28,"1":1,"2":14},"b":{},"_coverageSchema":"332fd63041d2c1bcb487cc26dd0d5f7d97098a6c","hash":"8484a1e089621eb0943b0b3912523be978cb51d4"}
,"C:\\Users\\arckm\\Documents\\GitHub\\AP-CSE-APP\\.storybook\\jestSetup.js": {"path":"C:\\Users\\arckm\\Documents\\GitHub\\AP-CSE-APP\\.storybook\\jestSetup.js","statementMap":{"0":{"start":{"line":5,"column":0},"end":{"line":5,"column":38}},"1":{"start":{"line":6,"column":0},"end":{"line":6,"column":29}}},"fnMap":{},"branchMap":{},"s":{"0":10,"1":10},"f":{},"b":{},"_coverageSchema":"332fd63041d2c1bcb487cc26dd0d5f7d97098a6c","hash":"7fc87be2244e52b68ff9fc63ac3c87005a3d961f"}
,"C:\\Users\\arckm\\Documents\\GitHub\\AP-CSE-APP\\mock_api_data\\E.G3.C1.ts": {"path":"C:\\Users\\arckm\\Documents\\GitHub\\AP-CSE-APP\\mock_api_data\\E.G3.C1.ts","statementMap":{"0":{"start":{"line":2,"column":23},"end":{"line":1439,"column":1}},"1":{"start":{"line":1440,"column":0},"end":{"line":1440,"column":30}}},"fnMap":{},"branchMap":{},"s":{"0":2,"1":2},"f":{},"b":{}}
,"C:\\Users\\arckm\\Documents\\GitHub\\AP-CSE-APP\\src\\__decorators__\\index.tsx": {"path":"C:\\Users\\arckm\\Documents\\GitHub\\AP-CSE-APP\\src\\__decorators__\\index.tsx","statementMap":{"0":{"start":{"line":1,"column":0},"end":{"line":1,"column":25}},"1":{"start":{"line":3,"column":0},"end":{"line":3,"column":43}},"2":{"start":{"line":5,"column":13},"end":{"line":7,"column":2}},"3":{"start":{"line":6,"column":2},"end":{"line":6,"column":65}}},"fnMap":{"0":{"name":"(anonymous_1)","decl":{"start":{"line":5,"column":47},"end":{"line":5,"column":53}},"loc":{"start":{"line":6,"column":2},"end":{"line":6,"column":65}}}},"branchMap":{},"s":{"0":1,"1":1,"2":1,"3":2},"f":{"0":2},"b":{}}
,"C:\\Users\\arckm\\Documents\\GitHub\\AP-CSE-APP\\src\\components\\AdditionalMaterials\\index.tsx": {"path":"C:\\Users\\arckm\\Documents\\GitHub\\AP-CSE-APP\\src\\components\\AdditionalMaterials\\index.tsx","statementMap":{"0":{"start":{"line":1,"column":0},"end":{"line":1,"column":25}},"1":{"start":{"line":2,"column":0},"end":{"line":2,"column":42}},"2":{"start":{"line":3,"column":0},"end":{"line":3,"column":40}},"3":{"start":{"line":4,"column":0},"end":{"line":4,"column":56}},"4":{"start":{"line":10,"column":0},"end":{"line":14,"column":1}},"5":{"start":{"line":11,"column":2},"end":{"line":11,"column":65}},"6":{"start":{"line":12,"column":2},"end":{"line":12,"column":45}},"7":{"start":{"line":13,"column":2},"end":{"line":13,"column":53}},"8":{"start":{"line":16,"column":13},"end":{"line":42,"column":2}},"9":{"start":{"line":17,"column":23},"end":{"line":33,"column":3}},"10":{"start":{"line":18,"column":4},"end":{"line":32,"column":10}},"11":{"start":{"line":35,"column":2},"end":{"line":41,"column":4}}},"fnMap":{"0":{"name":"(anonymous_1)","decl":{"start":{"line":10,"column":0},"end":{"line":10,"column":4}},"loc":{"start":{"line":10,"column":12},"end":{"line":14,"column":1}}},"1":{"name":"(anonymous_2)","decl":{"start":{"line":16,"column":46},"end":{"line":16,"column":61}},"loc":{"start":{"line":16,"column":64},"end":{"line":42,"column":1}}},"2":{"name":"(anonymous_3)","decl":{"start":{"line":17,"column":23},"end":{"line":17,"column":24}},"loc":{"start":{"line":18,"column":4},"end":{"line":32,"column":10}}}},"branchMap":{"0":{"loc":{"start":{"line":10,"column":5},"end":{"line":10,"column":12}},"type":"binary-expr","locations":[{"start":{"line":10,"column":5},"end":{"line":10,"column":12}},{"start":{"line":10,"column":5},"end":{"line":10,"column":12}}]}},"s":{"0":2,"1":2,"2":2,"3":2,"4":2,"5":2,"6":2,"7":2,"8":2,"9":6,"10":18,"11":6},"f":{"0":2,"1":6,"2":18},"b":{"0":[2,2]}}
,"C:\\Users\\arckm\\Documents\\GitHub\\AP-CSE-APP\\src\\components\\Breadcrumbs\\BreadcrumbLink.tsx": {"path":"C:\\Users\\arckm\\Documents\\GitHub\\AP-CSE-APP\\src\\components\\Breadcrumbs\\BreadcrumbLink.tsx","statementMap":{"0":{"start":{"line":1,"column":0},"end":{"line":1,"column":25}},"1":{"start":{"line":2,"column":0},"end":{"line":2,"column":39}},"2":{"start":{"line":16,"column":14},"end":{"line":20,"column":1}},"3":{"start":{"line":30,"column":13},"end":{"line":61,"column":2}},"4":{"start":{"line":35,"column":2},"end":{"line":60,"column":7}}},"fnMap":{"0":{"name":"(anonymous_1)","decl":{"start":{"line":30,"column":62},"end":{"line":30,"column":63}},"loc":{"start":{"line":35,"column":2},"end":{"line":60,"column":7}}}},"branchMap":{},"s":{"0":2,"1":2,"2":2,"3":2,"4":29},"f":{"0":29},"b":{}}
,"C:\\Users\\arckm\\Documents\\GitHub\\AP-CSE-APP\\src\\components\\Breadcrumbs\\BreadcrumbModel.ts": {"path":"C:\\Users\\arckm\\Documents\\GitHub\\AP-CSE-APP\\src\\components\\Breadcrumbs\\BreadcrumbModel.ts","statementMap":{"0":{"start":{"line":5,"column":0},"end":{"line":8,"column":1}},"1":{"start":{"line":6,"column":2},"end":{"line":6,"column":33}},"2":{"start":{"line":7,"column":2},"end":{"line":7,"column":17}},"3":{"start":{"line":14,"column":0},"end":{"line":22,"column":1}},"4":{"start":{"line":15,"column":2},"end":{"line":15,"column":16}},"5":{"start":{"line":16,"column":2},"end":{"line":16,"column":16}},"6":{"start":{"line":17,"column":2},"end":{"line":17,"column":16}},"7":{"start":{"line":18,"column":2},"end":{"line":18,"column":16}},"8":{"start":{"line":19,"column":2},"end":{"line":19,"column":16}},"9":{"start":{"line":20,"column":2},"end":{"line":20,"column":16}},"10":{"start":{"line":21,"column":2},"end":{"line":21,"column":20}},"11":{"start":{"line":28,"column":0},"end":{"line":33,"column":1}},"12":{"start":{"line":29,"column":2},"end":{"line":29,"column":16}},"13":{"start":{"line":30,"column":2},"end":{"line":30,"column":16}},"14":{"start":{"line":31,"column":2},"end":{"line":31,"column":16}},"15":{"start":{"line":32,"column":2},"end":{"line":32,"column":16}}},"fnMap":{"0":{"name":"(anonymous_0)","decl":{"start":{"line":5,"column":0},"end":{"line":5,"column":11}},"loc":{"start":{"line":5,"column":23},"end":{"line":8,"column":1}}},"1":{"name":"(anonymous_1)","decl":{"start":{"line":14,"column":0},"end":{"line":14,"column":11}},"loc":{"start":{"line":14,"column":21},"end":{"line":22,"column":1}}},"2":{"name":"(anonymous_2)","decl":{"start":{"line":28,"column":0},"end":{"line":28,"column":11}},"loc":{"start":{"line":28,"column":21},"end":{"line":33,"column":1}}}},"branchMap":{"0":{"loc":{"start":{"line":5,"column":12},"end":{"line":5,"column":23}},"type":"binary-expr","locations":[{"start":{"line":5,"column":12},"end":{"line":5,"column":23}},{"start":{"line":5,"column":12},"end":{"line":5,"column":23}}]},"1":{"loc":{"start":{"line":14,"column":12},"end":{"line":14,"column":21}},"type":"binary-expr","locations":[{"start":{"line":14,"column":12},"end":{"line":14,"column":21}},{"start":{"line":14,"column":12},"end":{"line":14,"column":21}}]},"2":{"loc":{"start":{"line":28,"column":12},"end":{"line":28,"column":21}},"type":"binary-expr","locations":[{"start":{"line":28,"column":12},"end":{"line":28,"column":21}},{"start":{"line":28,"column":12},"end":{"line":28,"column":21}}]}},"s":{"0":1,"1":1,"2":1,"3":1,"4":1,"5":1,"6":1,"7":1,"8":1,"9":1,"10":1,"11":1,"12":1,"13":1,"14":1,"15":1},"f":{"0":1,"1":1,"2":1},"b":{"0":[1,1],"1":[1,1],"2":[1,1]}}
,"C:\\Users\\arckm\\Documents\\GitHub\\AP-CSE-APP\\src\\components\\Breadcrumbs\\Breadcrumbs.storybook.tsx": {"path":"C:\\Users\\arckm\\Documents\\GitHub\\AP-CSE-APP\\src\\components\\Breadcrumbs\\Breadcrumbs.storybook.tsx","statementMap":{"0":{"start":{"line":1,"column":0},"end":{"line":1,"column":25}},"1":{"start":{"line":2,"column":0},"end":{"line":2,"column":44}},"2":{"start":{"line":4,"column":0},"end":{"line":4,"column":48}},"3":{"start":{"line":5,"column":0},"end":{"line":5,"column":70}},"4":{"start":{"line":6,"column":0},"end":{"line":6,"column":55}},"5":{"start":{"line":7,"column":0},"end":{"line":7,"column":69}},"6":{"start":{"line":8,"column":0},"end":{"line":8,"column":40}},"7":{"start":{"line":10,"column":45},"end":{"line":14,"column":1}},"8":{"start":{"line":16,"column":36},"end":{"line":16,"column":38}},"9":{"start":{"line":18,"column":38},"end":{"line":23,"column":1}},"10":{"start":{"line":25,"column":19},"end":{"line":27,"column":1}},"11":{"start":{"line":29,"column":0},"end":{"line":61,"column":5}},"12":{"start":{"line":30,"column":25},"end":{"line":30,"column":65}},"13":{"start":{"line":32,"column":4},"end":{"line":40,"column":10}},"14":{"start":{"line":43,"column":4},"end":{"line":50,"column":10}},"15":{"start":{"line":53,"column":4},"end":{"line":60,"column":10}}},"fnMap":{"0":{"name":"(anonymous_1)","decl":{"start":{"line":30,"column":16},"end":{"line":30,"column":20}},"loc":{"start":{"line":30,"column":25},"end":{"line":30,"column":65}}},"1":{"name":"(anonymous_2)","decl":{"start":{"line":31,"column":49},"end":{"line":31,"column":51}},"loc":{"start":{"line":32,"column":4},"end":{"line":40,"column":10}}},"2":{"name":"(anonymous_3)","decl":{"start":{"line":42,"column":43},"end":{"line":42,"column":45}},"loc":{"start":{"line":43,"column":4},"end":{"line":50,"column":10}}},"3":{"name":"(anonymous_4)","decl":{"start":{"line":52,"column":44},"end":{"line":52,"column":46}},"loc":{"start":{"line":53,"column":4},"end":{"line":60,"column":10}}}},"branchMap":{},"s":{"0":1,"1":1,"2":1,"3":1,"4":1,"5":1,"6":1,"7":1,"8":1,"9":1,"10":1,"11":1,"12":3,"13":1,"14":1,"15":1},"f":{"0":3,"1":1,"2":1,"3":1},"b":{}}
,"C:\\Users\\arckm\\Documents\\GitHub\\AP-CSE-APP\\src\\components\\Breadcrumbs\\index.tsx": {"path":"C:\\Users\\arckm\\Documents\\GitHub\\AP-CSE-APP\\src\\components\\Breadcrumbs\\index.tsx","statementMap":{"0":{"start":{"line":1,"column":0},"end":{"line":1,"column":25}},"1":{"start":{"line":2,"column":0},"end":{"line":2,"column":36}},"2":{"start":{"line":3,"column":0},"end":{"line":3,"column":39}},"3":{"start":{"line":4,"column":0},"end":{"line":4,"column":49}},"4":{"start":{"line":5,"column":0},"end":{"line":5,"column":48}},"5":{"start":{"line":28,"column":13},"end":{"line":91,"column":2}},"6":{"start":{"line":29,"column":2},"end":{"line":90,"column":8}}},"fnMap":{"0":{"name":"(anonymous_1)","decl":{"start":{"line":28,"column":27},"end":{"line":28,"column":28}},"loc":{"start":{"line":29,"column":2},"end":{"line":90,"column":8}}}},"branchMap":{"0":{"loc":{"start":{"line":38,"column":7},"end":{"line":38,"column":14}},"type":"binary-expr","locations":[{"start":{"line":38,"column":7},"end":{"line":38,"column":14}},{"start":{"line":38,"column":18},"end":{"line":38,"column":89}}]},"1":{"loc":{"start":{"line":39,"column":7},"end":{"line":39,"column":14}},"type":"binary-expr","locations":[{"start":{"line":39,"column":7},"end":{"line":39,"column":14}},{"start":{"line":40,"column":8},"end":{"line":40,"column":13}},{"start":{"line":40,"column":17},"end":{"line":40,"column":93}}]},"2":{"loc":{"start":{"line":41,"column":7},"end":{"line":41,"column":14}},"type":"binary-expr","locations":[{"start":{"line":41,"column":7},"end":{"line":41,"column":14}},{"start":{"line":42,"column":8},"end":{"line":42,"column":13}},{"start":{"line":43,"column":8},"end":{"line":43,"column":13}},{"start":{"line":44,"column":10},"end":{"line":44,"column":95}}]},"3":{"loc":{"start":{"line":46,"column":7},"end":{"line":46,"column":14}},"type":"binary-expr","locations":[{"start":{"line":46,"column":7},"end":{"line":46,"column":14}},{"start":{"line":47,"column":8},"end":{"line":47,"column":13}},{"start":{"line":48,"column":8},"end":{"line":48,"column":13}},{"start":{"line":49,"column":8},"end":{"line":49,"column":14}},{"start":{"line":50,"column":10},"end":{"line":54,"column":12}}]}},"s":{"0":2,"1":2,"2":2,"3":2,"4":2,"5":2,"6":8},"f":{"0":8},"b":{"0":[8,7],"1":[8,7,7],"2":[8,7,7,7],"3":[8,7,7,7,7]}}
,"C:\\Users\\arckm\\Documents\\GitHub\\AP-CSE-APP\\src\\components\\ContentNav\\ContentNav.storybook.tsx": {"path":"C:\\Users\\arckm\\Documents\\GitHub\\AP-CSE-APP\\src\\components\\ContentNav\\ContentNav.storybook.tsx","statementMap":{"0":{"start":{"line":1,"column":0},"end":{"line":1,"column":25}},"1":{"start":{"line":2,"column":0},"end":{"line":2,"column":44}},"2":{"start":{"line":3,"column":0},"end":{"line":3,"column":48}},"3":{"start":{"line":5,"column":0},"end":{"line":5,"column":30}},"4":{"start":{"line":6,"column":0},"end":{"line":6,"column":38}},"5":{"start":{"line":8,"column":0},"end":{"line":10,"column":57}},"6":{"start":{"line":10,"column":24},"end":{"line":10,"column":55}}},"fnMap":{"0":{"name":"(anonymous_1)","decl":{"start":{"line":10,"column":18},"end":{"line":10,"column":20}},"loc":{"start":{"line":10,"column":24},"end":{"line":10,"column":55}}}},"branchMap":{},"s":{"0":1,"1":1,"2":1,"3":1,"4":1,"5":1,"6":1},"f":{"0":1},"b":{}}
,"C:\\Users\\arckm\\Documents\\GitHub\\AP-CSE-APP\\src\\components\\ContentNav\\index.tsx": {"path":"C:\\Users\\arckm\\Documents\\GitHub\\AP-CSE-APP\\src\\components\\ContentNav\\index.tsx","statementMap":{"0":{"start":{"line":1,"column":0},"end":{"line":1,"column":40}},"1":{"start":{"line":2,"column":0},"end":{"line":2,"column":33}},"2":{"start":{"line":5,"column":0},"end":{"line":5,"column":40}},"3":{"start":{"line":6,"column":0},"end":{"line":6,"column":49}},"4":{"start":{"line":35,"column":4},"end":{"line":35,"column":17}},"5":{"start":{"line":58,"column":2},"end":{"line":66,"column":4}},"6":{"start":{"line":59,"column":4},"end":{"line":65,"column":7}},"7":{"start":{"line":68,"column":2},"end":{"line":86,"column":4}},"8":{"start":{"line":69,"column":4},"end":{"line":69,"column":28}},"9":{"start":{"line":70,"column":4},"end":{"line":70,"column":34}},"10":{"start":{"line":71,"column":34},"end":{"line":81,"column":6}},"11":{"start":{"line":72,"column":25},"end":{"line":72,"column":30}},"12":{"start":{"line":73,"column":6},"end":{"line":78,"column":9}},"13":{"start":{"line":74,"column":25},"end":{"line":74,"column":46}},"14":{"start":{"line":75,"column":8},"end":{"line":75,"column":55}},"15":{"start":{"line":77,"column":8},"end":{"line":77,"column":48}},"16":{"start":{"line":80,"column":6},"end":{"line":80,"column":47}},"17":{"start":{"line":83,"column":4},"end":{"line":85,"column":7}},"18":{"start":{"line":88,"column":2},"end":{"line":103,"column":4}},"19":{"start":{"line":89,"column":4},"end":{"line":89,"column":34}},"20":{"start":{"line":90,"column":34},"end":{"line":98,"column":6}},"21":{"start":{"line":91,"column":23},"end":{"line":91,"column":41}},"22":{"start":{"line":92,"column":40},"end":{"line":92,"column":42}},"23":{"start":{"line":93,"column":6},"end":{"line":95,"column":7}},"24":{"start":{"line":94,"column":8},"end":{"line":94,"column":100}},"25":{"start":{"line":94,"column":67},"end":{"line":94,"column":95}},"26":{"start":{"line":97,"column":6},"end":{"line":97,"column":66}},"27":{"start":{"line":100,"column":4},"end":{"line":102,"column":7}},"28":{"start":{"line":105,"column":2},"end":{"line":116,"column":4}},"29":{"start":{"line":106,"column":4},"end":{"line":106,"column":28}},"30":{"start":{"line":107,"column":34},"end":{"line":111,"column":6}},"31":{"start":{"line":108,"column":25},"end":{"line":108,"column":76}},"32":{"start":{"line":110,"column":6},"end":{"line":110,"column":47}},"33":{"start":{"line":113,"column":4},"end":{"line":115,"column":7}},"34":{"start":{"line":118,"column":2},"end":{"line":133,"column":4}},"35":{"start":{"line":119,"column":4},"end":{"line":130,"column":5}},"36":{"start":{"line":120,"column":6},"end":{"line":129,"column":9}},"37":{"start":{"line":121,"column":8},"end":{"line":128,"column":10}},"38":{"start":{"line":132,"column":4},"end":{"line":132,"column":17}},"39":{"start":{"line":36,"column":4},"end":{"line":38,"column":6}},"40":{"start":{"line":42,"column":4},"end":{"line":55,"column":7}},"41":{"start":{"line":43,"column":23},"end":{"line":43,"column":61}},"42":{"start":{"line":44,"column":17},"end":{"line":44,"column":49}},"43":{"start":{"line":45,"column":28},"end":{"line":45,"column":33}},"44":{"start":{"line":46,"column":6},"end":{"line":50,"column":9}},"45":{"start":{"line":47,"column":8},"end":{"line":47,"column":86}},"46":{"start":{"line":49,"column":8},"end":{"line":49,"column":55}},"47":{"start":{"line":52,"column":6},"end":{"line":52,"column":58}},"48":{"start":{"line":54,"column":6},"end":{"line":54,"column":21}},"49":{"start":{"line":136,"column":4},"end":{"line":180,"column":6}},"50":{"start":{"line":141,"column":14},"end":{"line":151,"column":21}},"51":{"start":{"line":33,"column":0},"end":{"line":182,"column":1}}},"fnMap":{"0":{"name":"(anonymous_2)","decl":{"start":{"line":34,"column":2},"end":{"line":34,"column":13}},"loc":{"start":{"line":34,"column":36},"end":{"line":39,"column":3}}},"1":{"name":"(anonymous_3)","decl":{"start":{"line":58,"column":17},"end":{"line":58,"column":18}},"loc":{"start":{"line":58,"column":56},"end":{"line":66,"column":3}}},"2":{"name":"(anonymous_4)","decl":{"start":{"line":68,"column":19},"end":{"line":68,"column":20}},"loc":{"start":{"line":68,"column":76},"end":{"line":86,"column":3}}},"3":{"name":"(anonymous_5)","decl":{"start":{"line":71,"column":55},"end":{"line":71,"column":56}},"loc":{"start":{"line":71,"column":75},"end":{"line":81,"column":5}}},"4":{"name":"(anonymous_6)","decl":{"start":{"line":73,"column":40},"end":{"line":73,"column":41}},"loc":{"start":{"line":73,"column":66},"end":{"line":78,"column":7}}},"5":{"name":"(anonymous_7)","decl":{"start":{"line":88,"column":16},"end":{"line":88,"column":17}},"loc":{"start":{"line":88,"column":73},"end":{"line":103,"column":3}}},"6":{"name":"(anonymous_8)","decl":{"start":{"line":90,"column":55},"end":{"line":90,"column":56}},"loc":{"start":{"line":90,"column":75},"end":{"line":98,"column":5}}},"7":{"name":"(anonymous_9)","decl":{"start":{"line":94,"column":40},"end":{"line":94,"column":41}},"loc":{"start":{"line":94,"column":67},"end":{"line":94,"column":95}}},"8":{"name":"(anonymous_10)","decl":{"start":{"line":105,"column":11},"end":{"line":105,"column":12}},"loc":{"start":{"line":105,"column":65},"end":{"line":116,"column":3}}},"9":{"name":"(anonymous_11)","decl":{"start":{"line":107,"column":55},"end":{"line":107,"column":56}},"loc":{"start":{"line":107,"column":75},"end":{"line":111,"column":5}}},"10":{"name":"(anonymous_12)","decl":{"start":{"line":118,"column":19},"end":{"line":118,"column":20}},"loc":{"start":{"line":118,"column":48},"end":{"line":133,"column":3}}},"11":{"name":"(anonymous_13)","decl":{"start":{"line":120,"column":26},"end":{"line":120,"column":27}},"loc":{"start":{"line":120,"column":52},"end":{"line":129,"column":7}}},"12":{"name":"(anonymous_14)","decl":{"start":{"line":41,"column":2},"end":{"line":41,"column":15}},"loc":{"start":{"line":41,"column":35},"end":{"line":56,"column":3}}},"13":{"name":"(anonymous_15)","decl":{"start":{"line":42,"column":21},"end":{"line":42,"column":22}},"loc":{"start":{"line":42,"column":41},"end":{"line":55,"column":5}}},"14":{"name":"(anonymous_16)","decl":{"start":{"line":46,"column":43},"end":{"line":46,"column":49}},"loc":{"start":{"line":46,"column":53},"end":{"line":50,"column":7}}},"15":{"name":"(anonymous_17)","decl":{"start":{"line":135,"column":2},"end":{"line":135,"column":7}},"loc":{"start":{"line":135,"column":8},"end":{"line":181,"column":3}}},"16":{"name":"(anonymous_18)","decl":{"start":{"line":140,"column":34},"end":{"line":140,"column":35}},"loc":{"start":{"line":141,"column":14},"end":{"line":151,"column":21}}}},"branchMap":{"0":{"loc":{"start":{"line":75,"column":39},"end":{"line":75,"column":47}},"type":"cond-expr","locations":[{"start":{"line":75,"column":39},"end":{"line":75,"column":47}},{"start":{"line":75,"column":50},"end":{"line":75,"column":54}}]},"1":{"loc":{"start":{"line":93,"column":6},"end":{"line":95,"column":7}},"type":"if","locations":[{"start":{"line":93,"column":6},"end":{"line":95,"column":7}},{"start":{"line":93,"column":6},"end":{"line":95,"column":7}}]},"2":{"loc":{"start":{"line":108,"column":46},"end":{"line":108,"column":60}},"type":"cond-expr","locations":[{"start":{"line":108,"column":46},"end":{"line":108,"column":60}},{"start":{"line":108,"column":63},"end":{"line":108,"column":76}}]},"3":{"loc":{"start":{"line":119,"column":4},"end":{"line":130,"column":5}},"type":"if","locations":[{"start":{"line":119,"column":4},"end":{"line":130,"column":5}},{"start":{"line":119,"column":4},"end":{"line":130,"column":5}}]}},"s":{"0":3,"1":3,"2":3,"3":3,"4":11,"5":11,"6":2,"7":11,"8":1,"9":1,"10":1,"11":7,"12":7,"13":3,"14":3,"15":3,"16":7,"17":1,"18":11,"19":1,"20":1,"21":7,"22":7,"23":7,"24":1,"25":3,"26":7,"27":1,"28":11,"29":4,"30":4,"31":28,"32":28,"33":4,"34":11,"35":131,"36":29,"37":105,"38":102,"39":11,"40":11,"41":89,"42":89,"43":89,"44":89,"45":87,"46":87,"47":89,"48":89,"49":17,"50":131,"51":3},"f":{"0":11,"1":2,"2":1,"3":7,"4":3,"5":1,"6":7,"7":3,"8":4,"9":28,"10":131,"11":105,"12":11,"13":89,"14":87,"15":17,"16":131},"b":{"0":[1,2],"1":[1,6],"2":[4,24],"3":[29,102]}}
,"C:\\Users\\arckm\\Documents\\GitHub\\AP-CSE-APP\\src\\components\\ContentNav\\Item\\Item.storybook.tsx": {"path":"C:\\Users\\arckm\\Documents\\GitHub\\AP-CSE-APP\\src\\components\\ContentNav\\Item\\Item.storybook.tsx","statementMap":{"0":{"start":{"line":1,"column":0},"end":{"line":1,"column":25}},"1":{"start":{"line":2,"column":0},"end":{"line":2,"column":44}},"2":{"start":{"line":3,"column":0},"end":{"line":3,"column":48}},"3":{"start":{"line":5,"column":0},"end":{"line":5,"column":24}},"4":{"start":{"line":6,"column":0},"end":{"line":6,"column":36}},"5":{"start":{"line":7,"column":0},"end":{"line":7,"column":42}},"6":{"start":{"line":9,"column":0},"end":{"line":32,"column":5}},"7":{"start":{"line":11,"column":23},"end":{"line":11,"column":81}},"8":{"start":{"line":13,"column":4},"end":{"line":15,"column":11}},"9":{"start":{"line":18,"column":4},"end":{"line":21,"column":11}},"10":{"start":{"line":24,"column":4},"end":{"line":31,"column":11}},"11":{"start":{"line":34,"column":0},"end":{"line":46,"column":5}},"12":{"start":{"line":36,"column":24},"end":{"line":36,"column":68}},"13":{"start":{"line":38,"column":4},"end":{"line":40,"column":11}},"14":{"start":{"line":43,"column":4},"end":{"line":45,"column":11}}},"fnMap":{"0":{"name":"(anonymous_1)","decl":{"start":{"line":11,"column":17},"end":{"line":11,"column":19}},"loc":{"start":{"line":11,"column":23},"end":{"line":11,"column":81}}},"1":{"name":"(anonymous_2)","decl":{"start":{"line":12,"column":21},"end":{"line":12,"column":23}},"loc":{"start":{"line":13,"column":4},"end":{"line":15,"column":11}}},"2":{"name":"(anonymous_3)","decl":{"start":{"line":17,"column":19},"end":{"line":17,"column":21}},"loc":{"start":{"line":18,"column":4},"end":{"line":21,"column":11}}},"3":{"name":"(anonymous_4)","decl":{"start":{"line":23,"column":39},"end":{"line":23,"column":41}},"loc":{"start":{"line":24,"column":4},"end":{"line":31,"column":11}}},"4":{"name":"(anonymous_5)","decl":{"start":{"line":36,"column":18},"end":{"line":36,"column":20}},"loc":{"start":{"line":36,"column":24},"end":{"line":36,"column":68}}},"5":{"name":"(anonymous_6)","decl":{"start":{"line":37,"column":21},"end":{"line":37,"column":23}},"loc":{"start":{"line":38,"column":4},"end":{"line":40,"column":11}}},"6":{"name":"(anonymous_7)","decl":{"start":{"line":42,"column":19},"end":{"line":42,"column":21}},"loc":{"start":{"line":43,"column":4},"end":{"line":45,"column":11}}}},"branchMap":{},"s":{"0":1,"1":1,"2":1,"3":1,"4":1,"5":1,"6":1,"7":1,"8":1,"9":1,"10":1,"11":1,"12":1,"13":1,"14":1},"f":{"0":1,"1":1,"2":1,"3":1,"4":1,"5":1,"6":1},"b":{}}
,"C:\\Users\\arckm\\Documents\\GitHub\\AP-CSE-APP\\src\\components\\ContentNav\\Item\\index.tsx": {"path":"C:\\Users\\arckm\\Documents\\GitHub\\AP-CSE-APP\\src\\components\\ContentNav\\Item\\index.tsx","statementMap":{"0":{"start":{"line":1,"column":0},"end":{"line":1,"column":43}},"1":{"start":{"line":2,"column":0},"end":{"line":2,"column":51}},"2":{"start":{"line":3,"column":0},"end":{"line":3,"column":54}},"3":{"start":{"line":23,"column":13},"end":{"line":41,"column":2}},"4":{"start":{"line":24,"column":2},"end":{"line":32,"column":3}},"5":{"start":{"line":25,"column":4},"end":{"line":31,"column":6}},"6":{"start":{"line":28,"column":10},"end":{"line":28,"column":42}},"7":{"start":{"line":28,"column":22},"end":{"line":28,"column":42}},"8":{"start":{"line":34,"column":2},"end":{"line":40,"column":4}},"9":{"start":{"line":37,"column":8},"end":{"line":37,"column":40}},"10":{"start":{"line":37,"column":20},"end":{"line":37,"column":40}},"11":{"start":{"line":54,"column":13},"end":{"line":146,"column":2}},"12":{"start":{"line":63,"column":21},"end":{"line":63,"column":26}},"13":{"start":{"line":64,"column":21},"end":{"line":64,"column":64}},"14":{"start":{"line":66,"column":2},"end":{"line":145,"column":4}},"15":{"start":{"line":70,"column":8},"end":{"line":70,"column":40}},"16":{"start":{"line":70,"column":22},"end":{"line":70,"column":40}}},"fnMap":{"0":{"name":"(anonymous_1)","decl":{"start":{"line":23,"column":48},"end":{"line":23,"column":49}},"loc":{"start":{"line":23,"column":83},"end":{"line":41,"column":1}}},"1":{"name":"(anonymous_2)","decl":{"start":{"line":27,"column":17},"end":{"line":27,"column":18}},"loc":{"start":{"line":27,"column":21},"end":{"line":29,"column":9}}},"2":{"name":"(anonymous_3)","decl":{"start":{"line":36,"column":15},"end":{"line":36,"column":16}},"loc":{"start":{"line":36,"column":19},"end":{"line":38,"column":7}}},"3":{"name":"(anonymous_4)","decl":{"start":{"line":54,"column":42},"end":{"line":54,"column":43}},"loc":{"start":{"line":61,"column":5},"end":{"line":146,"column":1}}},"4":{"name":"(anonymous_5)","decl":{"start":{"line":69,"column":15},"end":{"line":69,"column":16}},"loc":{"start":{"line":69,"column":19},"end":{"line":71,"column":7}}}},"branchMap":{"0":{"loc":{"start":{"line":24,"column":2},"end":{"line":32,"column":3}},"type":"if","locations":[{"start":{"line":24,"column":2},"end":{"line":32,"column":3}},{"start":{"line":24,"column":2},"end":{"line":32,"column":3}}]},"1":{"loc":{"start":{"line":28,"column":10},"end":{"line":28,"column":42}},"type":"if","locations":[{"start":{"line":28,"column":10},"end":{"line":28,"column":42}},{"start":{"line":28,"column":10},"end":{"line":28,"column":42}}]},"2":{"loc":{"start":{"line":37,"column":8},"end":{"line":37,"column":40}},"type":"if","locations":[{"start":{"line":37,"column":8},"end":{"line":37,"column":40}},{"start":{"line":37,"column":8},"end":{"line":37,"column":40}}]},"3":{"loc":{"start":{"line":70,"column":8},"end":{"line":70,"column":40}},"type":"if","locations":[{"start":{"line":70,"column":8},"end":{"line":70,"column":40}},{"start":{"line":70,"column":8},"end":{"line":70,"column":40}}]},"4":{"loc":{"start":{"line":74,"column":31},"end":{"line":74,"column":39}},"type":"cond-expr","locations":[{"start":{"line":74,"column":31},"end":{"line":74,"column":39}},{"start":{"line":74,"column":42},"end":{"line":74,"column":44}}]},"5":{"loc":{"start":{"line":78,"column":13},"end":{"line":78,"column":21}},"type":"binary-expr","locations":[{"start":{"line":78,"column":13},"end":{"line":78,"column":21}},{"start":{"line":78,"column":25},"end":{"line":78,"column":88}}]},"6":{"loc":{"start":{"line":82,"column":44},"end":{"line":82,"column":54}},"type":"cond-expr","locations":[{"start":{"line":82,"column":44},"end":{"line":82,"column":54}},{"start":{"line":82,"column":57},"end":{"line":82,"column":59}}]}},"s":{"0":5,"1":5,"2":5,"3":5,"4":36,"5":8,"6":2,"7":1,"8":28,"9":4,"10":3,"11":5,"12":140,"13":140,"14":140,"15":3,"16":1},"f":{"0":36,"1":2,"2":4,"3":140,"4":3},"b":{"0":[8,28],"1":[1,1],"2":[3,1],"3":[1,2],"4":[8,132],"5":[140,34],"6":[7,133]}}
,"C:\\Users\\arckm\\Documents\\GitHub\\AP-CSE-APP\\src\\components\\ContentNav\\SubItem\\SubItem.storybook.tsx": {"path":"C:\\Users\\arckm\\Documents\\GitHub\\AP-CSE-APP\\src\\components\\ContentNav\\SubItem\\SubItem.storybook.tsx","statementMap":{"0":{"start":{"line":1,"column":0},"end":{"line":1,"column":25}},"1":{"start":{"line":2,"column":0},"end":{"line":2,"column":44}},"2":{"start":{"line":3,"column":0},"end":{"line":3,"column":48}},"3":{"start":{"line":5,"column":0},"end":{"line":5,"column":27}},"4":{"start":{"line":7,"column":0},"end":{"line":10,"column":85}},"5":{"start":{"line":9,"column":24},"end":{"line":9,"column":62}},"6":{"start":{"line":10,"column":31},"end":{"line":10,"column":83}}},"fnMap":{"0":{"name":"(anonymous_1)","decl":{"start":{"line":9,"column":18},"end":{"line":9,"column":20}},"loc":{"start":{"line":9,"column":24},"end":{"line":9,"column":62}}},"1":{"name":"(anonymous_2)","decl":{"start":{"line":10,"column":25},"end":{"line":10,"column":27}},"loc":{"start":{"line":10,"column":31},"end":{"line":10,"column":83}}}},"branchMap":{},"s":{"0":1,"1":1,"2":1,"3":1,"4":1,"5":1,"6":1},"f":{"0":1,"1":1},"b":{}}
,"C:\\Users\\arckm\\Documents\\GitHub\\AP-CSE-APP\\src\\components\\ContentNav\\SubItem\\index.tsx": {"path":"C:\\Users\\arckm\\Documents\\GitHub\\AP-CSE-APP\\src\\components\\ContentNav\\SubItem\\index.tsx","statementMap":{"0":{"start":{"line":1,"column":0},"end":{"line":1,"column":25}},"1":{"start":{"line":2,"column":0},"end":{"line":2,"column":51}},"2":{"start":{"line":24,"column":13},"end":{"line":68,"column":2}},"3":{"start":{"line":25,"column":18},"end":{"line":25,"column":36}},"4":{"start":{"line":27,"column":2},"end":{"line":67,"column":4}},"5":{"start":{"line":31,"column":8},"end":{"line":31,"column":40}},"6":{"start":{"line":31,"column":22},"end":{"line":31,"column":40}}},"fnMap":{"0":{"name":"(anonymous_1)","decl":{"start":{"line":24,"column":48},"end":{"line":24,"column":49}},"loc":{"start":{"line":24,"column":79},"end":{"line":68,"column":1}}},"1":{"name":"(anonymous_2)","decl":{"start":{"line":30,"column":15},"end":{"line":30,"column":16}},"loc":{"start":{"line":30,"column":19},"end":{"line":32,"column":7}}}},"branchMap":{"0":{"loc":{"start":{"line":29,"column":29},"end":{"line":29,"column":37}},"type":"cond-expr","locations":[{"start":{"line":29,"column":29},"end":{"line":29,"column":37}},{"start":{"line":29,"column":40},"end":{"line":29,"column":42}}]},"1":{"loc":{"start":{"line":31,"column":8},"end":{"line":31,"column":40}},"type":"if","locations":[{"start":{"line":31,"column":8},"end":{"line":31,"column":40}},{"start":{"line":31,"column":8},"end":{"line":31,"column":40}}]}},"s":{"0":5,"1":5,"2":5,"3":116,"4":116,"5":3,"6":1},"f":{"0":116,"1":3},"b":{"0":[5,111],"1":[1,2]}}
,"C:\\Users\\arckm\\Documents\\GitHub\\AP-CSE-APP\\src\\components\\FilterItem\\FilterItem.storybook.tsx": {"path":"C:\\Users\\arckm\\Documents\\GitHub\\AP-CSE-APP\\src\\components\\FilterItem\\FilterItem.storybook.tsx","statementMap":{"0":{"start":{"line":1,"column":0},"end":{"line":1,"column":25}},"1":{"start":{"line":2,"column":0},"end":{"line":2,"column":44}},"2":{"start":{"line":3,"column":0},"end":{"line":3,"column":48}},"3":{"start":{"line":4,"column":0},"end":{"line":4,"column":47}},"4":{"start":{"line":6,"column":45},"end":{"line":14,"column":1}},"5":{"start":{"line":16,"column":0},"end":{"line":18,"column":68}},"6":{"start":{"line":18,"column":27},"end":{"line":18,"column":66}}},"fnMap":{"0":{"name":"(anonymous_1)","decl":{"start":{"line":18,"column":21},"end":{"line":18,"column":23}},"loc":{"start":{"line":18,"column":27},"end":{"line":18,"column":66}}}},"branchMap":{},"s":{"0":1,"1":1,"2":1,"3":1,"4":1,"5":1,"6":1},"f":{"0":1},"b":{}}
,"C:\\Users\\arckm\\Documents\\GitHub\\AP-CSE-APP\\src\\components\\FilterItem\\index.tsx": {"path":"C:\\Users\\arckm\\Documents\\GitHub\\AP-CSE-APP\\src\\components\\FilterItem\\index.tsx","statementMap":{"0":{"start":{"line":1,"column":0},"end":{"line":1,"column":25}},"1":{"start":{"line":12,"column":14},"end":{"line":15,"column":1}},"2":{"start":{"line":17,"column":18},"end":{"line":20,"column":1}},"3":{"start":{"line":22,"column":24},"end":{"line":24,"column":1}},"4":{"start":{"line":26,"column":22},"end":{"line":28,"column":1}},"5":{"start":{"line":30,"column":13},"end":{"line":45,"column":2}},"6":{"start":{"line":31,"column":2},"end":{"line":44,"column":8}}},"fnMap":{"0":{"name":"(anonymous_1)","decl":{"start":{"line":30,"column":26},"end":{"line":30,"column":27}},"loc":{"start":{"line":31,"column":2},"end":{"line":44,"column":8}}}},"branchMap":{},"s":{"0":1,"1":1,"2":1,"3":1,"4":1,"5":1,"6":7},"f":{"0":7},"b":{}}
,"C:\\Users\\arckm\\Documents\\GitHub\\AP-CSE-APP\\src\\components\\FilterItemList\\FilterItemList.storybook.tsx": {"path":"C:\\Users\\arckm\\Documents\\GitHub\\AP-CSE-APP\\src\\components\\FilterItemList\\FilterItemList.storybook.tsx","statementMap":{"0":{"start":{"line":1,"column":0},"end":{"line":1,"column":25}},"1":{"start":{"line":2,"column":0},"end":{"line":2,"column":44}},"2":{"start":{"line":3,"column":0},"end":{"line":3,"column":48}},"3":{"start":{"line":4,"column":0},"end":{"line":4,"column":55}},"4":{"start":{"line":8,"column":49},"end":{"line":38,"column":1}},"5":{"start":{"line":41,"column":0},"end":{"line":43,"column":76}},"6":{"start":{"line":43,"column":31},"end":{"line":43,"column":74}}},"fnMap":{"0":{"name":"(anonymous_1)","decl":{"start":{"line":43,"column":25},"end":{"line":43,"column":27}},"loc":{"start":{"line":43,"column":31},"end":{"line":43,"column":74}}}},"branchMap":{},"s":{"0":1,"1":1,"2":1,"3":1,"4":1,"5":1,"6":1},"f":{"0":1},"b":{}}
,"C:\\Users\\arckm\\Documents\\GitHub\\AP-CSE-APP\\src\\components\\FilterItemList\\index.tsx": {"path":"C:\\Users\\arckm\\Documents\\GitHub\\AP-CSE-APP\\src\\components\\FilterItemList\\index.tsx","statementMap":{"0":{"start":{"line":1,"column":0},"end":{"line":1,"column":40}},"1":{"start":{"line":2,"column":0},"end":{"line":2,"column":59}},"2":{"start":{"line":20,"column":4},"end":{"line":20,"column":17}},"3":{"start":{"line":21,"column":4},"end":{"line":21,"column":48}},"4":{"start":{"line":25,"column":22},"end":{"line":25,"column":73}},"5":{"start":{"line":25,"column":51},"end":{"line":25,"column":72}},"6":{"start":{"line":27,"column":4},"end":{"line":33,"column":6}},"7":{"start":{"line":18,"column":0},"end":{"line":35,"column":1}}},"fnMap":{"0":{"name":"(anonymous_1)","decl":{"start":{"line":19,"column":2},"end":{"line":19,"column":13}},"loc":{"start":{"line":19,"column":40},"end":{"line":22,"column":3}}},"1":{"name":"(anonymous_2)","decl":{"start":{"line":24,"column":2},"end":{"line":24,"column":7}},"loc":{"start":{"line":24,"column":8},"end":{"line":34,"column":3}}},"2":{"name":"(anonymous_3)","decl":{"start":{"line":25,"column":46},"end":{"line":25,"column":47}},"loc":{"start":{"line":25,"column":51},"end":{"line":25,"column":72}}}},"branchMap":{},"s":{"0":1,"1":1,"2":2,"3":2,"4":2,"5":6,"6":2,"7":1},"f":{"0":2,"1":2,"2":6},"b":{}}
,"C:\\Users\\arckm\\Documents\\GitHub\\AP-CSE-APP\\src\\components\\HelloWorld\\HelloWorld.storybook.tsx": {"path":"C:\\Users\\arckm\\Documents\\GitHub\\AP-CSE-APP\\src\\components\\HelloWorld\\HelloWorld.storybook.tsx","statementMap":{"0":{"start":{"line":1,"column":0},"end":{"line":1,"column":25}},"1":{"start":{"line":2,"column":0},"end":{"line":2,"column":44}},"2":{"start":{"line":3,"column":0},"end":{"line":3,"column":48}},"3":{"start":{"line":5,"column":0},"end":{"line":5,"column":36}},"4":{"start":{"line":7,"column":0},"end":{"line":10,"column":86}},"5":{"start":{"line":9,"column":42},"end":{"line":9,"column":78}},"6":{"start":{"line":10,"column":43},"end":{"line":10,"column":84}}},"fnMap":{"0":{"name":"(anonymous_1)","decl":{"start":{"line":9,"column":36},"end":{"line":9,"column":38}},"loc":{"start":{"line":9,"column":42},"end":{"line":9,"column":78}}},"1":{"name":"(anonymous_2)","decl":{"start":{"line":10,"column":37},"end":{"line":10,"column":39}},"loc":{"start":{"line":10,"column":43},"end":{"line":10,"column":84}}}},"branchMap":{},"s":{"0":1,"1":1,"2":1,"3":1,"4":1,"5":1,"6":1},"f":{"0":1,"1":1},"b":{}}
,"C:\\Users\\arckm\\Documents\\GitHub\\AP-CSE-APP\\src\\components\\HelloWorld\\index.tsx": {"path":"C:\\Users\\arckm\\Documents\\GitHub\\AP-CSE-APP\\src\\components\\HelloWorld\\index.tsx","statementMap":{"0":{"start":{"line":1,"column":0},"end":{"line":1,"column":25}},"1":{"start":{"line":4,"column":2},"end":{"line":4,"column":27}},"2":{"start":{"line":3,"column":0},"end":{"line":5,"column":1}},"3":{"start":{"line":12,"column":13},"end":{"line":22,"column":2}},"4":{"start":{"line":13,"column":2},"end":{"line":21,"column":8}}},"fnMap":{"0":{"name":"capitalize","decl":{"start":{"line":3,"column":16},"end":{"line":3,"column":26}},"loc":{"start":{"line":3,"column":38},"end":{"line":5,"column":1}}},"1":{"name":"(anonymous_2)","decl":{"start":{"line":12,"column":26},"end":{"line":12,"column":27}},"loc":{"start":{"line":13,"column":2},"end":{"line":21,"column":8}}}},"branchMap":{"0":{"loc":{"start":{"line":14,"column":16},"end":{"line":14,"column":32}},"type":"cond-expr","locations":[{"start":{"line":14,"column":16},"end":{"line":14,"column":32}},{"start":{"line":14,"column":35},"end":{"line":14,"column":39}}]}},"s":{"0":2,"1":2,"2":2,"3":2,"4":2},"f":{"0":2,"1":2},"b":{"0":[1,1]}}
,"C:\\Users\\arckm\\Documents\\GitHub\\AP-CSE-APP\\src\\components\\HomeContent\\Buttons.storybook.tsx": {"path":"C:\\Users\\arckm\\Documents\\GitHub\\AP-CSE-APP\\src\\components\\HomeContent\\Buttons.storybook.tsx","statementMap":{"0":{"start":{"line":1,"column":0},"end":{"line":1,"column":25}},"1":{"start":{"line":2,"column":0},"end":{"line":2,"column":44}},"2":{"start":{"line":3,"column":0},"end":{"line":3,"column":48}},"3":{"start":{"line":5,"column":0},"end":{"line":5,"column":37}},"4":{"start":{"line":7,"column":0},"end":{"line":9,"column":45}},"5":{"start":{"line":9,"column":28},"end":{"line":9,"column":43}}},"fnMap":{"0":{"name":"(anonymous_1)","decl":{"start":{"line":9,"column":22},"end":{"line":9,"column":24}},"loc":{"start":{"line":9,"column":28},"end":{"line":9,"column":43}}}},"branchMap":{},"s":{"0":1,"1":1,"2":1,"3":1,"4":1,"5":1},"f":{"0":1},"b":{}}
,"C:\\Users\\arckm\\Documents\\GitHub\\AP-CSE-APP\\src\\components\\HomeContent\\index.tsx": {"path":"C:\\Users\\arckm\\Documents\\GitHub\\AP-CSE-APP\\src\\components\\HomeContent\\index.tsx","statementMap":{"0":{"start":{"line":1,"column":0},"end":{"line":1,"column":25}},"1":{"start":{"line":2,"column":0},"end":{"line":2,"column":47}},"2":{"start":{"line":3,"column":0},"end":{"line":3,"column":38}},"3":{"start":{"line":4,"column":0},"end":{"line":4,"column":56}},"4":{"start":{"line":6,"column":21},"end":{"line":6,"column":39}},"5":{"start":{"line":9,"column":13},"end":{"line":81,"column":2}},"6":{"start":{"line":10,"column":2},"end":{"line":80,"column":8}}},"fnMap":{"0":{"name":"(anonymous_1)","decl":{"start":{"line":9,"column":27},"end":{"line":9,"column":29}},"loc":{"start":{"line":10,"column":2},"end":{"line":80,"column":8}}}},"branchMap":{},"s":{"0":1,"1":1,"2":1,"3":1,"4":1,"5":1,"6":1},"f":{"0":1},"b":{}}
,"C:\\Users\\arckm\\Documents\\GitHub\\AP-CSE-APP\\src\\components\\MainContent\\Components.tsx": {"path":"C:\\Users\\arckm\\Documents\\GitHub\\AP-CSE-APP\\src\\components\\MainContent\\Components.tsx","statementMap":{"0":{"start":{"line":1,"column":0},"end":{"line":1,"column":25}},"1":{"start":{"line":2,"column":0},"end":{"line":2,"column":46}},"2":{"start":{"line":13,"column":13},"end":{"line":22,"column":2}},"3":{"start":{"line":14,"column":2},"end":{"line":21,"column":12}},"4":{"start":{"line":24,"column":13},"end":{"line":28,"column":2}},"5":{"start":{"line":25,"column":2},"end":{"line":27,"column":11}},"6":{"start":{"line":29,"column":13},"end":{"line":33,"column":2}},"7":{"start":{"line":30,"column":2},"end":{"line":32,"column":11}},"8":{"start":{"line":35,"column":13},"end":{"line":47,"column":2}},"9":{"start":{"line":36,"column":2},"end":{"line":46,"column":7}},"10":{"start":{"line":49,"column":13},"end":{"line":59,"column":2}},"11":{"start":{"line":50,"column":2},"end":{"line":58,"column":7}},"12":{"start":{"line":61,"column":13},"end":{"line":71,"column":2}},"13":{"start":{"line":62,"column":2},"end":{"line":70,"column":6}}},"fnMap":{"0":{"name":"(anonymous_1)","decl":{"start":{"line":13,"column":48},"end":{"line":13,"column":49}},"loc":{"start":{"line":14,"column":2},"end":{"line":21,"column":12}}},"1":{"name":"(anonymous_2)","decl":{"start":{"line":24,"column":26},"end":{"line":24,"column":27}},"loc":{"start":{"line":25,"column":2},"end":{"line":27,"column":11}}},"2":{"name":"(anonymous_3)","decl":{"start":{"line":29,"column":25},"end":{"line":29,"column":26}},"loc":{"start":{"line":30,"column":2},"end":{"line":32,"column":11}}},"3":{"name":"(anonymous_4)","decl":{"start":{"line":35,"column":40},"end":{"line":35,"column":41}},"loc":{"start":{"line":36,"column":2},"end":{"line":46,"column":7}}},"4":{"name":"(anonymous_5)","decl":{"start":{"line":49,"column":37},"end":{"line":49,"column":38}},"loc":{"start":{"line":50,"column":2},"end":{"line":58,"column":7}}},"5":{"name":"(anonymous_6)","decl":{"start":{"line":61,"column":34},"end":{"line":61,"column":35}},"loc":{"start":{"line":62,"column":2},"end":{"line":70,"column":6}}}},"branchMap":{},"s":{"0":2,"1":2,"2":2,"3":196,"4":2,"5":70,"6":2,"7":126,"8":2,"9":49,"10":2,"11":28,"12":2,"13":84},"f":{"0":196,"1":70,"2":126,"3":49,"4":28,"5":84},"b":{}}
,"C:\\Users\\arckm\\Documents\\GitHub\\AP-CSE-APP\\src\\components\\MainContent\\MainContent.storybook.tsx": {"path":"C:\\Users\\arckm\\Documents\\GitHub\\AP-CSE-APP\\src\\components\\MainContent\\MainContent.storybook.tsx","statementMap":{"0":{"start":{"line":1,"column":0},"end":{"line":1,"column":25}},"1":{"start":{"line":2,"column":0},"end":{"line":2,"column":44}},"2":{"start":{"line":3,"column":0},"end":{"line":3,"column":48}},"3":{"start":{"line":5,"column":0},"end":{"line":5,"column":40}},"4":{"start":{"line":6,"column":0},"end":{"line":6,"column":37}},"5":{"start":{"line":7,"column":0},"end":{"line":7,"column":47}},"6":{"start":{"line":8,"column":0},"end":{"line":8,"column":64}},"7":{"start":{"line":10,"column":14},"end":{"line":15,"column":1}},"8":{"start":{"line":17,"column":0},"end":{"line":23,"column":5}},"9":{"start":{"line":20,"column":4},"end":{"line":22,"column":10}}},"fnMap":{"0":{"name":"(anonymous_1)","decl":{"start":{"line":19,"column":50},"end":{"line":19,"column":52}},"loc":{"start":{"line":20,"column":4},"end":{"line":22,"column":10}}}},"branchMap":{},"s":{"0":1,"1":1,"2":1,"3":1,"4":1,"5":1,"6":1,"7":1,"8":1,"9":1},"f":{"0":1},"b":{}}
,"C:\\Users\\arckm\\Documents\\GitHub\\AP-CSE-APP\\src\\components\\MainContent\\TaskModel.tsx": {"path":"C:\\Users\\arckm\\Documents\\GitHub\\AP-CSE-APP\\src\\components\\MainContent\\TaskModel.tsx","statementMap":{"0":{"start":{"line":1,"column":0},"end":{"line":1,"column":25}},"1":{"start":{"line":2,"column":0},"end":{"line":2,"column":64}},"2":{"start":{"line":3,"column":0},"end":{"line":3,"column":43}},"3":{"start":{"line":4,"column":0},"end":{"line":4,"column":97}},"4":{"start":{"line":15,"column":22},"end":{"line":20,"column":4}},"5":{"start":{"line":16,"column":2},"end":{"line":20,"column":4}},"6":{"start":{"line":16,"column":23},"end":{"line":16,"column":48}},"7":{"start":{"line":17,"column":17},"end":{"line":17,"column":44}},"8":{"start":{"line":19,"column":4},"end":{"line":19,"column":39}},"9":{"start":{"line":22,"column":31},"end":{"line":22,"column":91}},"10":{"start":{"line":22,"column":50},"end":{"line":22,"column":91}},"11":{"start":{"line":24,"column":32},"end":{"line":25,"column":65}},"12":{"start":{"line":25,"column":2},"end":{"line":25,"column":65}},"13":{"start":{"line":27,"column":28},"end":{"line":38,"column":1}},"14":{"start":{"line":30,"column":2},"end":{"line":37,"column":3}},"15":{"start":{"line":31,"column":4},"end":{"line":36,"column":6}},"16":{"start":{"line":40,"column":13},"end":{"line":82,"column":2}},"17":{"start":{"line":48,"column":21},"end":{"line":48,"column":40}},"18":{"start":{"line":49,"column":15},"end":{"line":49,"column":42}},"19":{"start":{"line":51,"column":2},"end":{"line":81,"column":4}}},"fnMap":{"0":{"name":"(anonymous_1)","decl":{"start":{"line":15,"column":22},"end":{"line":15,"column":23}},"loc":{"start":{"line":16,"column":2},"end":{"line":20,"column":4}}},"1":{"name":"(anonymous_2)","decl":{"start":{"line":16,"column":15},"end":{"line":16,"column":18}},"loc":{"start":{"line":16,"column":23},"end":{"line":16,"column":48}}},"2":{"name":"(anonymous_3)","decl":{"start":{"line":16,"column":54},"end":{"line":16,"column":55}},"loc":{"start":{"line":16,"column":70},"end":{"line":20,"column":3}}},"3":{"name":"(anonymous_4)","decl":{"start":{"line":22,"column":31},"end":{"line":22,"column":32}},"loc":{"start":{"line":22,"column":50},"end":{"line":22,"column":91}}},"4":{"name":"(anonymous_5)","decl":{"start":{"line":24,"column":32},"end":{"line":24,"column":33}},"loc":{"start":{"line":25,"column":2},"end":{"line":25,"column":65}}},"5":{"name":"(anonymous_6)","decl":{"start":{"line":27,"column":28},"end":{"line":27,"column":29}},"loc":{"start":{"line":27,"column":69},"end":{"line":38,"column":1}}},"6":{"name":"(anonymous_7)","decl":{"start":{"line":40,"column":25},"end":{"line":40,"column":26}},"loc":{"start":{"line":47,"column":21},"end":{"line":82,"column":1}}}},"branchMap":{"0":{"loc":{"start":{"line":30,"column":2},"end":{"line":37,"column":3}},"type":"if","locations":[{"start":{"line":30,"column":2},"end":{"line":37,"column":3}},{"start":{"line":30,"column":2},"end":{"line":37,"column":3}}]},"1":{"loc":{"start":{"line":30,"column":6},"end":{"line":30,"column":22}},"type":"binary-expr","locations":[{"start":{"line":30,"column":6},"end":{"line":30,"column":22}},{"start":{"line":30,"column":26},"end":{"line":30,"column":48}}]}},"s":{"0":2,"1":2,"2":2,"3":2,"4":2,"5":42,"6":84,"7":42,"8":42,"9":2,"10":21,"11":2,"12":21,"13":2,"14":21,"15":7,"16":2,"17":21,"18":21,"19":21},"f":{"0":42,"1":84,"2":42,"3":21,"4":21,"5":21,"6":21},"b":{"0":[7,14],"1":[21,8]}}
,"C:\\Users\\arckm\\Documents\\GitHub\\AP-CSE-APP\\src\\components\\MainContent\\index.tsx": {"path":"C:\\Users\\arckm\\Documents\\GitHub\\AP-CSE-APP\\src\\components\\MainContent\\index.tsx","statementMap":{"0":{"start":{"line":1,"column":0},"end":{"line":1,"column":25}},"1":{"start":{"line":2,"column":0},"end":{"line":2,"column":39}},"2":{"start":{"line":3,"column":0},"end":{"line":3,"column":43}},"3":{"start":{"line":4,"column":0},"end":{"line":4,"column":97}},"4":{"start":{"line":32,"column":13},"end":{"line":35,"column":5}},"5":{"start":{"line":33,"column":2},"end":{"line":35,"column":4}},"6":{"start":{"line":34,"column":4},"end":{"line":34,"column":39}},"7":{"start":{"line":37,"column":28},"end":{"line":42,"column":1}},"8":{"start":{"line":38,"column":16},"end":{"line":38,"column":31}},"9":{"start":{"line":39,"column":2},"end":{"line":39,"column":38}},"10":{"start":{"line":39,"column":26},"end":{"line":39,"column":38}},"11":{"start":{"line":41,"column":2},"end":{"line":41,"column":35}},"12":{"start":{"line":44,"column":26},"end":{"line":60,"column":1}},"13":{"start":{"line":45,"column":16},"end":{"line":45,"column":39}},"14":{"start":{"line":46,"column":2},"end":{"line":57,"column":3}},"15":{"start":{"line":47,"column":4},"end":{"line":56,"column":6}},"16":{"start":{"line":59,"column":2},"end":{"line":59,"column":14}},"17":{"start":{"line":62,"column":22},"end":{"line":67,"column":1}},"18":{"start":{"line":63,"column":2},"end":{"line":63,"column":81}},"19":{"start":{"line":63,"column":71},"end":{"line":63,"column":81}},"20":{"start":{"line":64,"column":2},"end":{"line":64,"column":59}},"21":{"start":{"line":64,"column":50},"end":{"line":64,"column":59}},"22":{"start":{"line":66,"column":2},"end":{"line":66,"column":11}},"23":{"start":{"line":69,"column":24},"end":{"line":79,"column":4}},"24":{"start":{"line":70,"column":2},"end":{"line":79,"column":4}},"25":{"start":{"line":71,"column":17},"end":{"line":71,"column":73}},"26":{"start":{"line":72,"column":17},"end":{"line":72,"column":47}},"27":{"start":{"line":74,"column":4},"end":{"line":78,"column":6}},"28":{"start":{"line":81,"column":25},"end":{"line":104,"column":4}},"29":{"start":{"line":88,"column":2},"end":{"line":104,"column":4}},"30":{"start":{"line":89,"column":23},"end":{"line":89,"column":32}},"31":{"start":{"line":90,"column":21},"end":{"line":90,"column":35}},"32":{"start":{"line":91,"column":24},"end":{"line":91,"column":57}},"33":{"start":{"line":93,"column":4},"end":{"line":103,"column":6}},"34":{"start":{"line":106,"column":19},"end":{"line":118,"column":4}},"35":{"start":{"line":107,"column":2},"end":{"line":118,"column":4}},"36":{"start":{"line":108,"column":4},"end":{"line":117,"column":6}},"37":{"start":{"line":120,"column":13},"end":{"line":190,"column":2}},"38":{"start":{"line":121,"column":24},"end":{"line":121,"column":58}},"39":{"start":{"line":122,"column":22},"end":{"line":122,"column":51}},"40":{"start":{"line":123,"column":29},"end":{"line":123,"column":58}},"41":{"start":{"line":124,"column":24},"end":{"line":124,"column":58}},"42":{"start":{"line":126,"column":2},"end":{"line":126,"column":39}},"43":{"start":{"line":128,"column":2},"end":{"line":189,"column":4}}},"fnMap":{"0":{"name":"(anonymous_1)","decl":{"start":{"line":32,"column":31},"end":{"line":32,"column":32}},"loc":{"start":{"line":33,"column":2},"end":{"line":35,"column":4}}},"1":{"name":"(anonymous_2)","decl":{"start":{"line":33,"column":12},"end":{"line":33,"column":13}},"loc":{"start":{"line":33,"column":28},"end":{"line":35,"column":3}}},"2":{"name":"(anonymous_3)","decl":{"start":{"line":37,"column":28},"end":{"line":37,"column":29}},"loc":{"start":{"line":37,"column":45},"end":{"line":42,"column":1}}},"3":{"name":"(anonymous_4)","decl":{"start":{"line":44,"column":26},"end":{"line":44,"column":27}},"loc":{"start":{"line":44,"column":43},"end":{"line":60,"column":1}}},"4":{"name":"(anonymous_5)","decl":{"start":{"line":62,"column":22},"end":{"line":62,"column":23}},"loc":{"start":{"line":62,"column":55},"end":{"line":67,"column":1}}},"5":{"name":"(anonymous_6)","decl":{"start":{"line":69,"column":24},"end":{"line":69,"column":25}},"loc":{"start":{"line":70,"column":2},"end":{"line":79,"column":4}}},"6":{"name":"(anonymous_7)","decl":{"start":{"line":70,"column":16},"end":{"line":70,"column":17}},"loc":{"start":{"line":70,"column":36},"end":{"line":79,"column":3}}},"7":{"name":"(anonymous_8)","decl":{"start":{"line":81,"column":25},"end":{"line":82,"column":2}},"loc":{"start":{"line":88,"column":2},"end":{"line":104,"column":4}}},"8":{"name":"(anonymous_9)","decl":{"start":{"line":88,"column":17},"end":{"line":88,"column":18}},"loc":{"start":{"line":88,"column":38},"end":{"line":104,"column":3}}},"9":{"name":"(anonymous_10)","decl":{"start":{"line":106,"column":19},"end":{"line":106,"column":20}},"loc":{"start":{"line":107,"column":2},"end":{"line":118,"column":4}}},"10":{"name":"(anonymous_11)","decl":{"start":{"line":107,"column":11},"end":{"line":107,"column":12}},"loc":{"start":{"line":107,"column":26},"end":{"line":118,"column":3}}},"11":{"name":"(anonymous_12)","decl":{"start":{"line":120,"column":56},"end":{"line":120,"column":57}},"loc":{"start":{"line":120,"column":88},"end":{"line":190,"column":1}}}},"branchMap":{"0":{"loc":{"start":{"line":39,"column":2},"end":{"line":39,"column":38}},"type":"if","locations":[{"start":{"line":39,"column":2},"end":{"line":39,"column":38}},{"start":{"line":39,"column":2},"end":{"line":39,"column":38}}]},"1":{"loc":{"start":{"line":46,"column":2},"end":{"line":57,"column":3}},"type":"if","locations":[{"start":{"line":46,"column":2},"end":{"line":57,"column":3}},{"start":{"line":46,"column":2},"end":{"line":57,"column":3}}]},"2":{"loc":{"start":{"line":63,"column":2},"end":{"line":63,"column":81}},"type":"if","locations":[{"start":{"line":63,"column":2},"end":{"line":63,"column":81}},{"start":{"line":63,"column":2},"end":{"line":63,"column":81}}]},"3":{"loc":{"start":{"line":64,"column":2},"end":{"line":64,"column":59}},"type":"if","locations":[{"start":{"line":64,"column":2},"end":{"line":64,"column":59}},{"start":{"line":64,"column":2},"end":{"line":64,"column":59}}]},"4":{"loc":{"start":{"line":99,"column":36},"end":{"line":99,"column":55}},"type":"cond-expr","locations":[{"start":{"line":99,"column":36},"end":{"line":99,"column":55}},{"start":{"line":99,"column":58},"end":{"line":99,"column":60}}]}},"s":{"0":2,"1":2,"2":2,"3":2,"4":2,"5":28,"6":40,"7":2,"8":58,"9":58,"10":0,"11":58,"12":2,"13":14,"14":14,"15":9,"16":5,"17":2,"18":17,"19":7,"20":10,"21":10,"22":0,"23":2,"24":7,"25":14,"26":14,"27":14,"28":2,"29":7,"30":21,"31":21,"32":21,"33":21,"34":2,"35":7,"36":14,"37":2,"38":7,"39":7,"40":7,"41":7,"42":7,"43":7},"f":{"0":28,"1":40,"2":58,"3":14,"4":17,"5":7,"6":14,"7":7,"8":21,"9":7,"10":14,"11":7},"b":{"0":[0,58],"1":[9,5],"2":[7,10],"3":[10,0],"4":[21,0]}}
,"C:\\Users\\arckm\\Documents\\GitHub\\AP-CSE-APP\\src\\components\\MainContent\\parseUtils.tsx": {"path":"C:\\Users\\arckm\\Documents\\GitHub\\AP-CSE-APP\\src\\components\\MainContent\\parseUtils.tsx","statementMap":{"0":{"start":{"line":1,"column":0},"end":{"line":1,"column":25}},"1":{"start":{"line":4,"column":23},"end":{"line":6,"column":1}},"2":{"start":{"line":5,"column":2},"end":{"line":5,"column":28}},"3":{"start":{"line":8,"column":21},"end":{"line":13,"column":1}},"4":{"start":{"line":9,"column":2},"end":{"line":12,"column":4}},"5":{"start":{"line":15,"column":13},"end":{"line":20,"column":2}},"6":{"start":{"line":16,"column":2},"end":{"line":19,"column":9}},"7":{"start":{"line":22,"column":27},"end":{"line":22,"column":71}},"8":{"start":{"line":22,"column":45},"end":{"line":22,"column":71}},"9":{"start":{"line":24,"column":28},"end":{"line":37,"column":1}},"10":{"start":{"line":25,"column":16},"end":{"line":25,"column":31}},"11":{"start":{"line":27,"column":2},"end":{"line":36,"column":5}},"12":{"start":{"line":28,"column":23},"end":{"line":28,"column":47}},"13":{"start":{"line":29,"column":4},"end":{"line":33,"column":5}},"14":{"start":{"line":30,"column":6},"end":{"line":30,"column":61}},"15":{"start":{"line":30,"column":22},"end":{"line":30,"column":61}},"16":{"start":{"line":32,"column":6},"end":{"line":32,"column":45}},"17":{"start":{"line":35,"column":4},"end":{"line":35,"column":69}},"18":{"start":{"line":39,"column":29},"end":{"line":50,"column":1}},"19":{"start":{"line":40,"column":16},"end":{"line":40,"column":32}},"20":{"start":{"line":42,"column":2},"end":{"line":49,"column":5}},"21":{"start":{"line":43,"column":23},"end":{"line":43,"column":60}},"22":{"start":{"line":44,"column":4},"end":{"line":46,"column":5}},"23":{"start":{"line":45,"column":6},"end":{"line":45,"column":55}},"24":{"start":{"line":48,"column":4},"end":{"line":48,"column":69}},"25":{"start":{"line":52,"column":13},"end":{"line":65,"column":2}},"26":{"start":{"line":53,"column":16},"end":{"line":53,"column":36}},"27":{"start":{"line":55,"column":2},"end":{"line":55,"column":24}},"28":{"start":{"line":55,"column":17},"end":{"line":55,"column":24}},"29":{"start":{"line":56,"column":21},"end":{"line":56,"column":43}},"30":{"start":{"line":58,"column":2},"end":{"line":60,"column":3}},"31":{"start":{"line":59,"column":4},"end":{"line":59,"column":23}},"32":{"start":{"line":62,"column":2},"end":{"line":64,"column":5}},"33":{"start":{"line":63,"column":4},"end":{"line":63,"column":83}}},"fnMap":{"0":{"name":"(anonymous_1)","decl":{"start":{"line":4,"column":23},"end":{"line":4,"column":24}},"loc":{"start":{"line":4,"column":40},"end":{"line":6,"column":1}}},"1":{"name":"(anonymous_2)","decl":{"start":{"line":8,"column":21},"end":{"line":8,"column":22}},"loc":{"start":{"line":8,"column":38},"end":{"line":13,"column":1}}},"2":{"name":"(anonymous_3)","decl":{"start":{"line":15,"column":23},"end":{"line":15,"column":24}},"loc":{"start":{"line":16,"column":2},"end":{"line":19,"column":9}}},"3":{"name":"(anonymous_4)","decl":{"start":{"line":22,"column":27},"end":{"line":22,"column":28}},"loc":{"start":{"line":22,"column":45},"end":{"line":22,"column":71}}},"4":{"name":"(anonymous_5)","decl":{"start":{"line":24,"column":28},"end":{"line":24,"column":29}},"loc":{"start":{"line":24,"column":66},"end":{"line":37,"column":1}}},"5":{"name":"(anonymous_6)","decl":{"start":{"line":27,"column":19},"end":{"line":27,"column":20}},"loc":{"start":{"line":27,"column":35},"end":{"line":36,"column":3}}},"6":{"name":"(anonymous_7)","decl":{"start":{"line":39,"column":29},"end":{"line":39,"column":30}},"loc":{"start":{"line":39,"column":67},"end":{"line":50,"column":1}}},"7":{"name":"(anonymous_8)","decl":{"start":{"line":42,"column":19},"end":{"line":42,"column":20}},"loc":{"start":{"line":42,"column":35},"end":{"line":49,"column":3}}},"8":{"name":"(anonymous_9)","decl":{"start":{"line":52,"column":28},"end":{"line":52,"column":29}},"loc":{"start":{"line":52,"column":45},"end":{"line":65,"column":1}}},"9":{"name":"(anonymous_10)","decl":{"start":{"line":62,"column":19},"end":{"line":62,"column":20}},"loc":{"start":{"line":62,"column":35},"end":{"line":64,"column":3}}}},"branchMap":{"0":{"loc":{"start":{"line":29,"column":4},"end":{"line":33,"column":5}},"type":"if","locations":[{"start":{"line":29,"column":4},"end":{"line":33,"column":5}},{"start":{"line":29,"column":4},"end":{"line":33,"column":5}}]},"1":{"loc":{"start":{"line":30,"column":6},"end":{"line":30,"column":61}},"type":"if","locations":[{"start":{"line":30,"column":6},"end":{"line":30,"column":61}},{"start":{"line":30,"column":6},"end":{"line":30,"column":61}}]},"2":{"loc":{"start":{"line":44,"column":4},"end":{"line":46,"column":5}},"type":"if","locations":[{"start":{"line":44,"column":4},"end":{"line":46,"column":5}},{"start":{"line":44,"column":4},"end":{"line":46,"column":5}}]},"3":{"loc":{"start":{"line":55,"column":2},"end":{"line":55,"column":24}},"type":"if","locations":[{"start":{"line":55,"column":2},"end":{"line":55,"column":24}},{"start":{"line":55,"column":2},"end":{"line":55,"column":24}}]},"4":{"loc":{"start":{"line":58,"column":2},"end":{"line":60,"column":3}},"type":"if","locations":[{"start":{"line":58,"column":2},"end":{"line":60,"column":3}},{"start":{"line":58,"column":2},"end":{"line":60,"column":3}}]}},"s":{"0":2,"1":2,"2":112,"3":2,"4":112,"5":2,"6":884,"7":2,"8":2196,"9":2,"10":2054,"11":2054,"12":2196,"13":2196,"14":71,"15":52,"16":19,"17":2125,"18":2,"19":884,"20":884,"21":2054,"22":2054,"23":585,"24":1469,"25":2,"26":112,"27":112,"28":0,"29":112,"30":112,"31":6,"32":112,"33":884},"f":{"0":112,"1":112,"2":884,"3":2196,"4":2054,"5":2196,"6":884,"7":2054,"8":112,"9":884},"b":{"0":[71,2125],"1":[52,19],"2":[585,1469],"3":[0,112],"4":[6,106]}}
,"C:\\Users\\arckm\\Documents\\GitHub\\AP-CSE-APP\\src\\components\\NavBar\\MainMenu.tsx": {"path":"C:\\Users\\arckm\\Documents\\GitHub\\AP-CSE-APP\\src\\components\\NavBar\\MainMenu.tsx","statementMap":{"0":{"start":{"line":1,"column":0},"end":{"line":1,"column":25}},"1":{"start":{"line":2,"column":0},"end":{"line":2,"column":40}},"2":{"start":{"line":3,"column":0},"end":{"line":3,"column":40}},"3":{"start":{"line":4,"column":0},"end":{"line":4,"column":55}},"4":{"start":{"line":16,"column":13},"end":{"line":34,"column":2}},"5":{"start":{"line":17,"column":2},"end":{"line":33,"column":8}},"6":{"start":{"line":36,"column":13},"end":{"line":60,"column":2}},"7":{"start":{"line":37,"column":36},"end":{"line":40,"column":3}},"8":{"start":{"line":41,"column":15},"end":{"line":41,"column":75}},"9":{"start":{"line":42,"column":17},"end":{"line":42,"column":81}},"10":{"start":{"line":43,"column":18},"end":{"line":43,"column":80}},"11":{"start":{"line":44,"column":15},"end":{"line":44,"column":75}},"12":{"start":{"line":46,"column":2},"end":{"line":59,"column":4}}},"fnMap":{"0":{"name":"(anonymous_1)","decl":{"start":{"line":16,"column":24},"end":{"line":16,"column":25}},"loc":{"start":{"line":17,"column":2},"end":{"line":33,"column":8}}},"1":{"name":"(anonymous_2)","decl":{"start":{"line":36,"column":24},"end":{"line":36,"column":39}},"loc":{"start":{"line":36,"column":42},"end":{"line":60,"column":1}}}},"branchMap":{},"s":{"0":1,"1":1,"2":1,"3":1,"4":1,"5":8,"6":1,"7":2,"8":2,"9":2,"10":2,"11":2,"12":2},"f":{"0":8,"1":2},"b":{}}
,"C:\\Users\\arckm\\Documents\\GitHub\\AP-CSE-APP\\src\\components\\NavBar\\NavBar.storybook.tsx": {"path":"C:\\Users\\arckm\\Documents\\GitHub\\AP-CSE-APP\\src\\components\\NavBar\\NavBar.storybook.tsx","statementMap":{"0":{"start":{"line":1,"column":0},"end":{"line":1,"column":25}},"1":{"start":{"line":2,"column":0},"end":{"line":2,"column":44}},"2":{"start":{"line":3,"column":0},"end":{"line":3,"column":48}},"3":{"start":{"line":5,"column":0},"end":{"line":5,"column":26}},"4":{"start":{"line":7,"column":0},"end":{"line":9,"column":87}},"5":{"start":{"line":9,"column":23},"end":{"line":9,"column":85}}},"fnMap":{"0":{"name":"(anonymous_1)","decl":{"start":{"line":9,"column":17},"end":{"line":9,"column":19}},"loc":{"start":{"line":9,"column":23},"end":{"line":9,"column":85}}}},"branchMap":{},"s":{"0":1,"1":1,"2":1,"3":1,"4":1,"5":1},"f":{"0":1},"b":{}}
,"C:\\Users\\arckm\\Documents\\GitHub\\AP-CSE-APP\\src\\components\\NavBar\\index.tsx": {"path":"C:\\Users\\arckm\\Documents\\GitHub\\AP-CSE-APP\\src\\components\\NavBar\\index.tsx","statementMap":{"0":{"start":{"line":1,"column":0},"end":{"line":1,"column":25}},"1":{"start":{"line":2,"column":0},"end":{"line":2,"column":48}},"2":{"start":{"line":3,"column":0},"end":{"line":3,"column":48}},"3":{"start":{"line":4,"column":0},"end":{"line":4,"column":56}},"4":{"start":{"line":5,"column":0},"end":{"line":5,"column":40}},"5":{"start":{"line":6,"column":0},"end":{"line":6,"column":48}},"6":{"start":{"line":9,"column":23},"end":{"line":9,"column":97}},"7":{"start":{"line":17,"column":13},"end":{"line":40,"column":2}},"8":{"start":{"line":18,"column":2},"end":{"line":39,"column":8}},"9":{"start":{"line":42,"column":13},"end":{"line":109,"column":2}},"10":{"start":{"line":43,"column":36},"end":{"line":46,"column":3}},"11":{"start":{"line":47,"column":15},"end":{"line":47,"column":49}},"12":{"start":{"line":48,"column":15},"end":{"line":48,"column":43}},"13":{"start":{"line":50,"column":2},"end":{"line":108,"column":4}}},"fnMap":{"0":{"name":"(anonymous_1)","decl":{"start":{"line":17,"column":20},"end":{"line":17,"column":35}},"loc":{"start":{"line":18,"column":2},"end":{"line":39,"column":8}}},"1":{"name":"(anonymous_2)","decl":{"start":{"line":42,"column":22},"end":{"line":42,"column":23}},"loc":{"start":{"line":42,"column":58},"end":{"line":109,"column":1}}}},"branchMap":{},"s":{"0":1,"1":1,"2":1,"3":1,"4":1,"5":1,"6":1,"7":1,"8":2,"9":1,"10":2,"11":2,"12":2,"13":2},"f":{"0":2,"1":2},"b":{}}
,"C:\\Users\\arckm\\Documents\\GitHub\\AP-CSE-APP\\src\\components\\SbNavLink\\index.tsx": {"path":"C:\\Users\\arckm\\Documents\\GitHub\\AP-CSE-APP\\src\\components\\SbNavLink\\index.tsx","statementMap":{"0":{"start":{"line":1,"column":0},"end":{"line":1,"column":25}},"1":{"start":{"line":8,"column":13},"end":{"line":20,"column":2}},"2":{"start":{"line":9,"column":2},"end":{"line":19,"column":4}}},"fnMap":{"0":{"name":"(anonymous_1)","decl":{"start":{"line":8,"column":25},"end":{"line":8,"column":26}},"loc":{"start":{"line":8,"column":62},"end":{"line":20,"column":1}}}},"branchMap":{},"s":{"0":2,"1":2,"2":30},"f":{"0":30},"b":{}}
,"C:\\Users\\arckm\\Documents\\GitHub\\AP-CSE-APP\\src\\components\\SearchBar\\SearchBar.storybook.tsx": {"path":"C:\\Users\\arckm\\Documents\\GitHub\\AP-CSE-APP\\src\\components\\SearchBar\\SearchBar.storybook.tsx","statementMap":{"0":{"start":{"line":1,"column":0},"end":{"line":1,"column":25}},"1":{"start":{"line":2,"column":0},"end":{"line":2,"column":44}},"2":{"start":{"line":3,"column":0},"end":{"line":3,"column":48}},"3":{"start":{"line":5,"column":0},"end":{"line":5,"column":29}},"4":{"start":{"line":7,"column":0},"end":{"line":9,"column":41}},"5":{"start":{"line":9,"column":26},"end":{"line":9,"column":39}}},"fnMap":{"0":{"name":"(anonymous_1)","decl":{"start":{"line":9,"column":20},"end":{"line":9,"column":22}},"loc":{"start":{"line":9,"column":26},"end":{"line":9,"column":39}}}},"branchMap":{},"s":{"0":1,"1":1,"2":1,"3":1,"4":1,"5":1},"f":{"0":1},"b":{}}
,"C:\\Users\\arckm\\Documents\\GitHub\\AP-CSE-APP\\src\\components\\SearchBar\\index.tsx": {"path":"C:\\Users\\arckm\\Documents\\GitHub\\AP-CSE-APP\\src\\components\\SearchBar\\index.tsx","statementMap":{"0":{"start":{"line":1,"column":0},"end":{"line":1,"column":25}},"1":{"start":{"line":2,"column":0},"end":{"line":2,"column":38}},"2":{"start":{"line":3,"column":0},"end":{"line":3,"column":40}},"3":{"start":{"line":5,"column":13},"end":{"line":39,"column":2}},"4":{"start":{"line":6,"column":2},"end":{"line":38,"column":8}}},"fnMap":{"0":{"name":"(anonymous_1)","decl":{"start":{"line":5,"column":25},"end":{"line":5,"column":40}},"loc":{"start":{"line":6,"column":2},"end":{"line":38,"column":8}}}},"branchMap":{},"s":{"0":1,"1":1,"2":1,"3":1,"4":4},"f":{"0":4},"b":{}}
,"C:\\Users\\arckm\\Documents\\GitHub\\AP-CSE-APP\\src\\components\\SearchPage\\SearchPage.storybook.tsx": {"path":"C:\\Users\\arckm\\Documents\\GitHub\\AP-CSE-APP\\src\\components\\SearchPage\\SearchPage.storybook.tsx","statementMap":{"0":{"start":{"line":1,"column":0},"end":{"line":1,"column":25}},"1":{"start":{"line":2,"column":0},"end":{"line":2,"column":44}},"2":{"start":{"line":3,"column":0},"end":{"line":3,"column":48}},"3":{"start":{"line":4,"column":0},"end":{"line":4,"column":47}},"4":{"start":{"line":8,"column":45},"end":{"line":41,"column":1}},"5":{"start":{"line":44,"column":0},"end":{"line":46,"column":68}},"6":{"start":{"line":46,"column":27},"end":{"line":46,"column":66}}},"fnMap":{"0":{"name":"(anonymous_1)","decl":{"start":{"line":46,"column":21},"end":{"line":46,"column":23}},"loc":{"start":{"line":46,"column":27},"end":{"line":46,"column":66}}}},"branchMap":{},"s":{"0":1,"1":1,"2":1,"3":1,"4":1,"5":1,"6":1},"f":{"0":1},"b":{}}
,"C:\\Users\\arckm\\Documents\\GitHub\\AP-CSE-APP\\src\\components\\SearchPage\\index.tsx": {"path":"C:\\Users\\arckm\\Documents\\GitHub\\AP-CSE-APP\\src\\components\\SearchPage\\index.tsx","statementMap":{"0":{"start":{"line":1,"column":0},"end":{"line":1,"column":25}},"1":{"start":{"line":3,"column":0},"end":{"line":3,"column":59}},"2":{"start":{"line":4,"column":0},"end":{"line":4,"column":40}},"3":{"start":{"line":5,"column":0},"end":{"line":5,"column":38}},"4":{"start":{"line":6,"column":0},"end":{"line":6,"column":71}},"5":{"start":{"line":13,"column":11},"end":{"line":16,"column":1}},"6":{"start":{"line":18,"column":13},"end":{"line":27,"column":2}},"7":{"start":{"line":19,"column":2},"end":{"line":26,"column":8}}},"fnMap":{"0":{"name":"(anonymous_1)","decl":{"start":{"line":18,"column":26},"end":{"line":18,"column":27}},"loc":{"start":{"line":19,"column":2},"end":{"line":26,"column":8}}}},"branchMap":{},"s":{"0":1,"1":1,"2":1,"3":1,"4":1,"5":1,"6":1,"7":1},"f":{"0":1},"b":{}}
,"C:\\Users\\arckm\\Documents\\GitHub\\AP-CSE-APP\\src\\components\\TitleBar\\DownloadBtn.tsx": {"path":"C:\\Users\\arckm\\Documents\\GitHub\\AP-CSE-APP\\src\\components\\TitleBar\\DownloadBtn.tsx","statementMap":{"0":{"start":{"line":1,"column":0},"end":{"line":1,"column":25}},"1":{"start":{"line":2,"column":0},"end":{"line":2,"column":40}},"2":{"start":{"line":3,"column":0},"end":{"line":3,"column":40}},"3":{"start":{"line":22,"column":13},"end":{"line":38,"column":2}},"4":{"start":{"line":23,"column":2},"end":{"line":37,"column":6}}},"fnMap":{"0":{"name":"(anonymous_1)","decl":{"start":{"line":22,"column":27},"end":{"line":22,"column":28}},"loc":{"start":{"line":23,"column":2},"end":{"line":37,"column":6}}}},"branchMap":{},"s":{"0":2,"1":2,"2":2,"3":2,"4":9},"f":{"0":9},"b":{}}
,"C:\\Users\\arckm\\Documents\\GitHub\\AP-CSE-APP\\src\\components\\TitleBar\\TitleBar.storybook.tsx": {"path":"C:\\Users\\arckm\\Documents\\GitHub\\AP-CSE-APP\\src\\components\\TitleBar\\TitleBar.storybook.tsx","statementMap":{"0":{"start":{"line":1,"column":0},"end":{"line":1,"column":25}},"1":{"start":{"line":2,"column":0},"end":{"line":2,"column":44}},"2":{"start":{"line":4,"column":0},"end":{"line":4,"column":61}},"3":{"start":{"line":5,"column":0},"end":{"line":5,"column":49}},"4":{"start":{"line":7,"column":42},"end":{"line":10,"column":1}},"5":{"start":{"line":11,"column":37},"end":{"line":16,"column":1}},"6":{"start":{"line":17,"column":17},"end":{"line":22,"column":1}},"7":{"start":{"line":24,"column":0},"end":{"line":56,"column":5}},"8":{"start":{"line":26,"column":4},"end":{"line":28,"column":10}},"9":{"start":{"line":31,"column":4},"end":{"line":33,"column":10}},"10":{"start":{"line":36,"column":4},"end":{"line":44,"column":10}},"11":{"start":{"line":47,"column":4},"end":{"line":55,"column":10}}},"fnMap":{"0":{"name":"(anonymous_1)","decl":{"start":{"line":25,"column":47},"end":{"line":25,"column":49}},"loc":{"start":{"line":26,"column":4},"end":{"line":28,"column":10}}},"1":{"name":"(anonymous_2)","decl":{"start":{"line":30,"column":36},"end":{"line":30,"column":38}},"loc":{"start":{"line":31,"column":4},"end":{"line":33,"column":10}}},"2":{"name":"(anonymous_3)","decl":{"start":{"line":35,"column":48},"end":{"line":35,"column":50}},"loc":{"start":{"line":36,"column":4},"end":{"line":44,"column":10}}},"3":{"name":"(anonymous_4)","decl":{"start":{"line":46,"column":44},"end":{"line":46,"column":46}},"loc":{"start":{"line":47,"column":4},"end":{"line":55,"column":10}}}},"branchMap":{},"s":{"0":1,"1":1,"2":1,"3":1,"4":1,"5":1,"6":1,"7":1,"8":1,"9":1,"10":1,"11":1},"f":{"0":1,"1":1,"2":1,"3":1},"b":{}}
,"C:\\Users\\arckm\\Documents\\GitHub\\AP-CSE-APP\\src\\components\\TitleBar\\index.tsx": {"path":"C:\\Users\\arckm\\Documents\\GitHub\\AP-CSE-APP\\src\\components\\TitleBar\\index.tsx","statementMap":{"0":{"start":{"line":1,"column":0},"end":{"line":1,"column":25}},"1":{"start":{"line":2,"column":0},"end":{"line":2,"column":61}},"2":{"start":{"line":3,"column":0},"end":{"line":3,"column":67}},"3":{"start":{"line":18,"column":11},"end":{"line":22,"column":1}},"4":{"start":{"line":33,"column":13},"end":{"line":112,"column":2}},"5":{"start":{"line":40,"column":2},"end":{"line":111,"column":8}}},"fnMap":{"0":{"name":"(anonymous_1)","decl":{"start":{"line":33,"column":24},"end":{"line":33,"column":25}},"loc":{"start":{"line":40,"column":2},"end":{"line":111,"column":8}}}},"branchMap":{"0":{"loc":{"start":{"line":42,"column":7},"end":{"line":42,"column":17}},"type":"binary-expr","locations":[{"start":{"line":42,"column":7},"end":{"line":42,"column":17}},{"start":{"line":43,"column":8},"end":{"line":45,"column":13}}]},"1":{"loc":{"start":{"line":47,"column":7},"end":{"line":47,"column":16}},"type":"binary-expr","locations":[{"start":{"line":47,"column":7},"end":{"line":47,"column":16}},{"start":{"line":48,"column":8},"end":{"line":50,"column":13}}]},"2":{"loc":{"start":{"line":52,"column":7},"end":{"line":52,"column":18}},"type":"binary-expr","locations":[{"start":{"line":52,"column":7},"end":{"line":52,"column":18}},{"start":{"line":53,"column":8},"end":{"line":55,"column":13}}]},"3":{"loc":{"start":{"line":57,"column":7},"end":{"line":57,"column":17}},"type":"binary-expr","locations":[{"start":{"line":57,"column":7},"end":{"line":57,"column":17}},{"start":{"line":58,"column":8},"end":{"line":60,"column":13}}]},"4":{"loc":{"start":{"line":62,"column":7},"end":{"line":62,"column":23}},"type":"binary-expr","locations":[{"start":{"line":62,"column":7},"end":{"line":62,"column":23}},{"start":{"line":63,"column":8},"end":{"line":65,"column":13}}]}},"s":{"0":2,"1":2,"2":2,"3":2,"4":2,"5":11},"f":{"0":11},"b":{"0":[11,11],"1":[11,8],"2":[11,7],"3":[11,7],"4":[11,8]}}
,"C:\\Users\\arckm\\Documents\\GitHub\\AP-CSE-APP\\src\\constants\\index.ts": {"path":"C:\\Users\\arckm\\Documents\\GitHub\\AP-CSE-APP\\src\\constants\\index.ts","statementMap":{"0":{"start":{"line":1,"column":0},"end":{"line":9,"column":1}},"1":{"start":{"line":2,"column":2},"end":{"line":2,"column":21}},"2":{"start":{"line":3,"column":2},"end":{"line":3,"column":20}},"3":{"start":{"line":4,"column":2},"end":{"line":4,"column":27}},"4":{"start":{"line":5,"column":2},"end":{"line":5,"column":20}},"5":{"start":{"line":6,"column":2},"end":{"line":6,"column":26}},"6":{"start":{"line":7,"column":2},"end":{"line":7,"column":27}},"7":{"start":{"line":8,"column":2},"end":{"line":8,"column":28}},"8":{"start":{"line":11,"column":0},"end":{"line":19,"column":1}},"9":{"start":{"line":12,"column":2},"end":{"line":12,"column":48}},"10":{"start":{"line":13,"column":2},"end":{"line":13,"column":22}},"11":{"start":{"line":14,"column":2},"end":{"line":14,"column":21}},"12":{"start":{"line":15,"column":2},"end":{"line":15,"column":28}},"13":{"start":{"line":16,"column":2},"end":{"line":16,"column":28}},"14":{"start":{"line":17,"column":2},"end":{"line":17,"column":22}},"15":{"start":{"line":18,"column":2},"end":{"line":18,"column":28}},"16":{"start":{"line":21,"column":13},"end":{"line":23,"column":2}}},"fnMap":{"0":{"name":"(anonymous_0)","decl":{"start":{"line":1,"column":0},"end":{"line":1,"column":11}},"loc":{"start":{"line":1,"column":18},"end":{"line":9,"column":1}}},"1":{"name":"(anonymous_1)","decl":{"start":{"line":11,"column":0},"end":{"line":11,"column":11}},"loc":{"start":{"line":11,"column":18},"end":{"line":19,"column":1}}}},"branchMap":{"0":{"loc":{"start":{"line":1,"column":12},"end":{"line":1,"column":18}},"type":"binary-expr","locations":[{"start":{"line":1,"column":12},"end":{"line":1,"column":18}},{"start":{"line":1,"column":12},"end":{"line":1,"column":18}}]},"1":{"loc":{"start":{"line":11,"column":12},"end":{"line":11,"column":18}},"type":"binary-expr","locations":[{"start":{"line":11,"column":12},"end":{"line":11,"column":18}},{"start":{"line":11,"column":12},"end":{"line":11,"column":18}}]}},"s":{"0":7,"1":7,"2":7,"3":7,"4":7,"5":7,"6":7,"7":7,"8":7,"9":7,"10":7,"11":7,"12":7,"13":7,"14":7,"15":7,"16":7},"f":{"0":7,"1":7},"b":{"0":[7,7],"1":[7,7]}}
,"C:\\Users\\arckm\\Documents\\GitHub\\AP-CSE-APP\\src\\pages\\Target\\TargetPage.storybook.tsx": {"path":"C:\\Users\\arckm\\Documents\\GitHub\\AP-CSE-APP\\src\\pages\\Target\\TargetPage.storybook.tsx","statementMap":{"0":{"start":{"line":1,"column":0},"end":{"line":1,"column":25}},"1":{"start":{"line":2,"column":0},"end":{"line":2,"column":44}},"2":{"start":{"line":3,"column":0},"end":{"line":3,"column":54}},"3":{"start":{"line":4,"column":0},"end":{"line":4,"column":48}},"4":{"start":{"line":6,"column":0},"end":{"line":6,"column":30}},"5":{"start":{"line":8,"column":0},"end":{"line":12,"column":64}},"6":{"start":{"line":11,"column":33},"end":{"line":11,"column":63}},"7":{"start":{"line":12,"column":34},"end":{"line":12,"column":62}}},"fnMap":{"0":{"name":"(anonymous_1)","decl":{"start":{"line":11,"column":27},"end":{"line":11,"column":29}},"loc":{"start":{"line":11,"column":33},"end":{"line":11,"column":63}}},"1":{"name":"(anonymous_2)","decl":{"start":{"line":12,"column":28},"end":{"line":12,"column":30}},"loc":{"start":{"line":12,"column":34},"end":{"line":12,"column":62}}}},"branchMap":{},"s":{"0":1,"1":1,"2":1,"3":1,"4":1,"5":1,"6":1,"7":1},"f":{"0":1,"1":1},"b":{}}
,"C:\\Users\\arckm\\Documents\\GitHub\\AP-CSE-APP\\src\\pages\\Target\\index.tsx": {"path":"C:\\Users\\arckm\\Documents\\GitHub\\AP-CSE-APP\\src\\pages\\Target\\index.tsx","statementMap":{"0":{"start":{"line":1,"column":0},"end":{"line":1,"column":40}},"1":{"start":{"line":3,"column":0},"end":{"line":3,"column":67}},"2":{"start":{"line":4,"column":0},"end":{"line":4,"column":56}},"3":{"start":{"line":7,"column":0},"end":{"line":7,"column":76}},"4":{"start":{"line":8,"column":0},"end":{"line":8,"column":59}},"5":{"start":{"line":9,"column":0},"end":{"line":9,"column":74}},"6":{"start":{"line":10,"column":0},"end":{"line":10,"column":83}},"7":{"start":{"line":13,"column":0},"end":{"line":13,"column":40}},"8":{"start":{"line":33,"column":11},"end":{"line":35,"column":1}},"9":{"start":{"line":36,"column":42},"end":{"line":39,"column":1}},"10":{"start":{"line":41,"column":13},"end":{"line":49,"column":2}},"11":{"start":{"line":51,"column":13},"end":{"line":56,"column":2}},"12":{"start":{"line":58,"column":13},"end":{"line":65,"column":2}},"13":{"start":{"line":59,"column":26},"end":{"line":59,"column":68}},"14":{"start":{"line":60,"column":2},"end":{"line":62,"column":5}},"15":{"start":{"line":61,"column":4},"end":{"line":61,"column":79}},"16":{"start":{"line":64,"column":2},"end":{"line":64,"column":14}},"17":{"start":{"line":67,"column":13},"end":{"line":83,"column":2}},"18":{"start":{"line":68,"column":23},"end":{"line":68,"column":47}},"19":{"start":{"line":69,"column":27},"end":{"line":69,"column":29}},"20":{"start":{"line":70,"column":2},"end":{"line":80,"column":3}},"21":{"start":{"line":71,"column":40},"end":{"line":71,"column":42}},"22":{"start":{"line":72,"column":4},"end":{"line":76,"column":5}},"23":{"start":{"line":73,"column":6},"end":{"line":75,"column":9}},"24":{"start":{"line":74,"column":8},"end":{"line":74,"column":53}},"25":{"start":{"line":77,"column":4},"end":{"line":77,"column":27}},"26":{"start":{"line":79,"column":4},"end":{"line":79,"column":37}},"27":{"start":{"line":82,"column":2},"end":{"line":82,"column":15}},"28":{"start":{"line":85,"column":13},"end":{"line":92,"column":2}},"29":{"start":{"line":86,"column":27},"end":{"line":86,"column":29}},"30":{"start":{"line":87,"column":2},"end":{"line":89,"column":5}},"31":{"start":{"line":88,"column":4},"end":{"line":88,"column":56}},"32":{"start":{"line":91,"column":2},"end":{"line":91,"column":15}},"33":{"start":{"line":94,"column":13},"end":{"line":101,"column":2}},"34":{"start":{"line":95,"column":2},"end":{"line":100,"column":4}},"35":{"start":{"line":103,"column":13},"end":{"line":111,"column":2}},"36":{"start":{"line":104,"column":2},"end":{"line":110,"column":4}},"37":{"start":{"line":113,"column":13},"end":{"line":148,"column":2}},"38":{"start":{"line":114,"column":2},"end":{"line":147,"column":4}},"39":{"start":{"line":163,"column":4},"end":{"line":163,"column":17}},"40":{"start":{"line":164,"column":4},"end":{"line":169,"column":6}},"41":{"start":{"line":173,"column":4},"end":{"line":189,"column":9}},"42":{"start":{"line":175,"column":8},"end":{"line":185,"column":9}},"43":{"start":{"line":176,"column":24},"end":{"line":176,"column":47}},"44":{"start":{"line":177,"column":10},"end":{"line":184,"column":13}},"45":{"start":{"line":188,"column":8},"end":{"line":188,"column":23}},"46":{"start":{"line":195,"column":18},"end":{"line":195,"column":35}},"47":{"start":{"line":196,"column":4},"end":{"line":200,"column":7}},"48":{"start":{"line":197,"column":6},"end":{"line":199,"column":9}},"49":{"start":{"line":197,"column":13},"end":{"line":197,"column":52}},"50":{"start":{"line":198,"column":8},"end":{"line":198,"column":54}},"51":{"start":{"line":202,"column":4},"end":{"line":204,"column":7}},"52":{"start":{"line":203,"column":6},"end":{"line":203,"column":18}},"53":{"start":{"line":208,"column":46},"end":{"line":208,"column":72}},"54":{"start":{"line":215,"column":8},"end":{"line":215,"column":32}},"55":{"start":{"line":217,"column":4},"end":{"line":244,"column":6}},"56":{"start":{"line":156,"column":0},"end":{"line":246,"column":1}}},"fnMap":{"0":{"name":"(anonymous_1)","decl":{"start":{"line":58,"column":28},"end":{"line":58,"column":29}},"loc":{"start":{"line":58,"column":65},"end":{"line":65,"column":1}}},"1":{"name":"(anonymous_2)","decl":{"start":{"line":60,"column":37},"end":{"line":60,"column":38}},"loc":{"start":{"line":60,"column":61},"end":{"line":62,"column":3}}},"2":{"name":"(anonymous_3)","decl":{"start":{"line":67,"column":25},"end":{"line":67,"column":26}},"loc":{"start":{"line":67,"column":78},"end":{"line":83,"column":1}}},"3":{"name":"(anonymous_4)","decl":{"start":{"line":73,"column":32},"end":{"line":73,"column":33}},"loc":{"start":{"line":73,"column":58},"end":{"line":75,"column":7}}},"4":{"name":"(anonymous_5)","decl":{"start":{"line":85,"column":29},"end":{"line":85,"column":30}},"loc":{"start":{"line":85,"column":62},"end":{"line":92,"column":1}}},"5":{"name":"(anonymous_6)","decl":{"start":{"line":87,"column":36},"end":{"line":87,"column":37}},"loc":{"start":{"line":87,"column":59},"end":{"line":89,"column":3}}},"6":{"name":"(anonymous_7)","decl":{"start":{"line":94,"column":35},"end":{"line":94,"column":36}},"loc":{"start":{"line":94,"column":71},"end":{"line":101,"column":1}}},"7":{"name":"(anonymous_8)","decl":{"start":{"line":103,"column":33},"end":{"line":103,"column":34}},"loc":{"start":{"line":103,"column":66},"end":{"line":111,"column":1}}},"8":{"name":"(anonymous_9)","decl":{"start":{"line":113,"column":28},"end":{"line":113,"column":29}},"loc":{"start":{"line":113,"column":75},"end":{"line":148,"column":1}}},"9":{"name":"(anonymous_10)","decl":{"start":{"line":162,"column":2},"end":{"line":162,"column":13}},"loc":{"start":{"line":162,"column":36},"end":{"line":170,"column":3}}},"10":{"name":"(anonymous_11)","decl":{"start":{"line":172,"column":2},"end":{"line":172,"column":19}},"loc":{"start":{"line":172,"column":20},"end":{"line":190,"column":3}}},"11":{"name":"(anonymous_12)","decl":{"start":{"line":174,"column":12},"end":{"line":174,"column":13}},"loc":{"start":{"line":174,"column":16},"end":{"line":186,"column":7}}},"12":{"name":"(anonymous_13)","decl":{"start":{"line":187,"column":13},"end":{"line":187,"column":15}},"loc":{"start":{"line":187,"column":18},"end":{"line":189,"column":7}}},"13":{"name":"(anonymous_14)","decl":{"start":{"line":193,"column":2},"end":{"line":193,"column":9}},"loc":{"start":{"line":193,"column":10},"end":{"line":205,"column":3}}},"14":{"name":"(anonymous_15)","decl":{"start":{"line":196,"column":27},"end":{"line":196,"column":29}},"loc":{"start":{"line":196,"column":32},"end":{"line":200,"column":5}}},"15":{"name":"(anonymous_16)","decl":{"start":{"line":197,"column":13},"end":{"line":197,"column":19}},"loc":{"start":{"line":197,"column":13},"end":{"line":197,"column":52}}},"16":{"name":"(anonymous_17)","decl":{"start":{"line":197,"column":59},"end":{"line":197,"column":65}},"loc":{"start":{"line":197,"column":69},"end":{"line":199,"column":7}}},"17":{"name":"(anonymous_18)","decl":{"start":{"line":202,"column":24},"end":{"line":202,"column":26}},"loc":{"start":{"line":202,"column":29},"end":{"line":204,"column":5}}},"18":{"name":"(anonymous_19)","decl":{"start":{"line":207,"column":2},"end":{"line":207,"column":7}},"loc":{"start":{"line":207,"column":8},"end":{"line":245,"column":3}}}},"branchMap":{"0":{"loc":{"start":{"line":70,"column":2},"end":{"line":80,"column":3}},"type":"if","locations":[{"start":{"line":70,"column":2},"end":{"line":80,"column":3}},{"start":{"line":70,"column":2},"end":{"line":80,"column":3}}]},"1":{"loc":{"start":{"line":72,"column":4},"end":{"line":76,"column":5}},"type":"if","locations":[{"start":{"line":72,"column":4},"end":{"line":76,"column":5}},{"start":{"line":72,"column":4},"end":{"line":76,"column":5}}]},"2":{"loc":{"start":{"line":175,"column":8},"end":{"line":185,"column":9}},"type":"if","locations":[{"start":{"line":175,"column":8},"end":{"line":185,"column":9}},{"start":{"line":175,"column":8},"end":{"line":185,"column":9}}]},"3":{"loc":{"start":{"line":180,"column":49},"end":{"line":180,"column":59}},"type":"cond-expr","locations":[{"start":{"line":180,"column":49},"end":{"line":180,"column":59}},{"start":{"line":180,"column":62},"end":{"line":180,"column":76}}]},"4":{"loc":{"start":{"line":218,"column":6},"end":{"line":218,"column":32}},"type":"cond-expr","locations":[{"start":{"line":218,"column":6},"end":{"line":218,"column":32}},{"start":{"line":220,"column":6},"end":{"line":243,"column":9}}]}},"s":{"0":2,"1":2,"2":2,"3":2,"4":2,"5":2,"6":2,"7":2,"8":2,"9":2,"10":2,"11":2,"12":2,"13":25,"14":25,"15":100,"16":25,"17":2,"18":51,"19":51,"20":51,"21":8,"22":8,"23":8,"24":24,"25":8,"26":43,"27":51,"28":2,"29":7,"30":7,"31":49,"32":7,"33":2,"34":9,"35":2,"36":9,"37":2,"38":6,"39":8,"40":8,"41":8,"42":8,"43":8,"44":8,"45":0,"46":8,"47":8,"48":8,"49":8,"50":8,"51":8,"52":8,"53":14,"54":14,"55":14,"56":2},"f":{"0":25,"1":100,"2":51,"3":24,"4":7,"5":49,"6":9,"7":9,"8":6,"9":8,"10":8,"11":8,"12":0,"13":8,"14":8,"15":8,"16":8,"17":8,"18":14},"b":{"0":[8,43],"1":[8,0],"2":[8,0],"3":[1,7],"4":[8,6]}}
}
