{"C:\\Users\\arckm\\Documents\\GitHub\\AP-CSE-APP\\.storybook\\config.js": {"path":"C:\\Users\\arckm\\Documents\\GitHub\\AP-CSE-APP\\.storybook\\config.js","statementMap":{"0":{"start":{"line":9,"column":0},"end":{"line":9,"column":67}},"1":{"start":{"line":9,"column":35},"end":{"line":9,"column":66}},"2":{"start":{"line":10,"column":0},"end":{"line":10,"column":23}},"3":{"start":{"line":13,"column":14},"end":{"line":13,"column":66}},"4":{"start":{"line":15,"column":2},"end":{"line":15,"column":39}},"5":{"start":{"line":15,"column":29},"end":{"line":15,"column":38}},"6":{"start":{"line":19,"column":0},"end":{"line":19,"column":31}}},"fnMap":{"0":{"name":"(anonymous_0)","decl":{"start":{"line":9,"column":13},"end":{"line":9,"column":14}},"loc":{"start":{"line":9,"column":35},"end":{"line":9,"column":66}},"line":9},"1":{"name":"loadStories","decl":{"start":{"line":12,"column":9},"end":{"line":12,"column":20}},"loc":{"start":{"line":12,"column":23},"end":{"line":17,"column":1}},"line":12},"2":{"name":"(anonymous_2)","decl":{"start":{"line":15,"column":21},"end":{"line":15,"column":22}},"loc":{"start":{"line":15,"column":29},"end":{"line":15,"column":38}},"line":15}},"branchMap":{},"s":{"0":1,"1":25,"2":1,"3":1,"4":1,"5":12,"6":1},"f":{"0":25,"1":1,"2":12},"b":{},"_coverageSchema":"332fd63041d2c1bcb487cc26dd0d5f7d97098a6c","hash":"8484a1e089621eb0943b0b3912523be978cb51d4"}
,"C:\\Users\\arckm\\Documents\\GitHub\\AP-CSE-APP\\.storybook\\jestSetup.js": {"path":"C:\\Users\\arckm\\Documents\\GitHub\\AP-CSE-APP\\.storybook\\jestSetup.js","statementMap":{"0":{"start":{"line":5,"column":0},"end":{"line":5,"column":38}},"1":{"start":{"line":6,"column":0},"end":{"line":6,"column":29}}},"fnMap":{},"branchMap":{},"s":{"0":5,"1":5},"f":{},"b":{},"_coverageSchema":"332fd63041d2c1bcb487cc26dd0d5f7d97098a6c","hash":"7fc87be2244e52b68ff9fc63ac3c87005a3d961f"}
,"C:\\Users\\arckm\\Documents\\GitHub\\AP-CSE-APP\\src\\components\\Breadcrumbs\\BreadcrumbLink.tsx": {"path":"C:\\Users\\arckm\\Documents\\GitHub\\AP-CSE-APP\\src\\components\\Breadcrumbs\\BreadcrumbLink.tsx","statementMap":{"0":{"start":{"line":1,"column":0},"end":{"line":1,"column":25}},"1":{"start":{"line":2,"column":0},"end":{"line":2,"column":39}},"2":{"start":{"line":16,"column":14},"end":{"line":20,"column":1}},"3":{"start":{"line":30,"column":13},"end":{"line":57,"column":2}},"4":{"start":{"line":30,"column":33},"end":{"line":30,"column":37}},"5":{"start":{"line":30,"column":39},"end":{"line":30,"column":44}},"6":{"start":{"line":30,"column":46},"end":{"line":30,"column":51}},"7":{"start":{"line":30,"column":79},"end":{"line":57,"column":1}}},"fnMap":{"0":{"name":"(anonymous_1)","decl":{"start":{"line":30,"column":30},"end":{"line":30,"column":30}},"loc":{"start":{"line":30,"column":74},"end":{"line":57,"column":1}}}},"branchMap":{},"s":{"0":1,"1":1,"2":1,"3":1,"4":5,"5":5,"6":5,"7":5},"f":{"0":5},"b":{}}
,"C:\\Users\\arckm\\Documents\\GitHub\\AP-CSE-APP\\src\\components\\Breadcrumbs\\BreadcrumbModel.ts": {"path":"C:\\Users\\arckm\\Documents\\GitHub\\AP-CSE-APP\\src\\components\\Breadcrumbs\\BreadcrumbModel.ts","statementMap":{"0":{"start":{"line":5,"column":0},"end":{"line":8,"column":1}},"1":{"start":{"line":6,"column":2},"end":{"line":6,"column":13}},"2":{"start":{"line":7,"column":2},"end":{"line":7,"column":15}},"3":{"start":{"line":14,"column":0},"end":{"line":22,"column":1}},"4":{"start":{"line":15,"column":2},"end":{"line":15,"column":13}},"5":{"start":{"line":16,"column":2},"end":{"line":16,"column":12}},"6":{"start":{"line":17,"column":2},"end":{"line":17,"column":12}},"7":{"start":{"line":18,"column":2},"end":{"line":18,"column":11}},"8":{"start":{"line":19,"column":2},"end":{"line":19,"column":13}},"9":{"start":{"line":20,"column":2},"end":{"line":20,"column":13}},"10":{"start":{"line":21,"column":2},"end":{"line":21,"column":28}},"11":{"start":{"line":28,"column":0},"end":{"line":33,"column":1}},"12":{"start":{"line":29,"column":2},"end":{"line":29,"column":11}},"13":{"start":{"line":30,"column":2},"end":{"line":30,"column":11}},"14":{"start":{"line":31,"column":2},"end":{"line":31,"column":13}},"15":{"start":{"line":32,"column":2},"end":{"line":32,"column":12}}},"fnMap":{"0":{"name":"(anonymous_0)","decl":{"start":{"line":5,"column":0},"end":{"line":5,"column":11}},"loc":{"start":{"line":5,"column":23},"end":{"line":8,"column":1}}},"1":{"name":"(anonymous_1)","decl":{"start":{"line":14,"column":0},"end":{"line":14,"column":11}},"loc":{"start":{"line":14,"column":21},"end":{"line":22,"column":1}}},"2":{"name":"(anonymous_2)","decl":{"start":{"line":28,"column":0},"end":{"line":28,"column":11}},"loc":{"start":{"line":28,"column":21},"end":{"line":33,"column":1}}}},"branchMap":{"0":{"loc":{"start":{"line":5,"column":12},"end":{"line":5,"column":23}},"type":"binary-expr","locations":[{"start":{"line":5,"column":12},"end":{"line":5,"column":23}},{"start":{"line":5,"column":12},"end":{"line":5,"column":23}}]},"1":{"loc":{"start":{"line":14,"column":12},"end":{"line":14,"column":21}},"type":"binary-expr","locations":[{"start":{"line":14,"column":12},"end":{"line":14,"column":21}},{"start":{"line":14,"column":12},"end":{"line":14,"column":21}}]},"2":{"loc":{"start":{"line":28,"column":12},"end":{"line":28,"column":21}},"type":"binary-expr","locations":[{"start":{"line":28,"column":12},"end":{"line":28,"column":21}},{"start":{"line":28,"column":12},"end":{"line":28,"column":21}}]}},"s":{"0":1,"1":1,"2":1,"3":1,"4":1,"5":1,"6":1,"7":1,"8":1,"9":1,"10":1,"11":1,"12":1,"13":1,"14":1,"15":1},"f":{"0":1,"1":1,"2":1},"b":{"0":[1,1],"1":[1,1],"2":[1,1]}}
,"C:\\Users\\arckm\\Documents\\GitHub\\AP-CSE-APP\\src\\components\\Breadcrumbs\\Breadcrumbs.storybook.tsx": {"path":"C:\\Users\\arckm\\Documents\\GitHub\\AP-CSE-APP\\src\\components\\Breadcrumbs\\Breadcrumbs.storybook.tsx","statementMap":{"0":{"start":{"line":1,"column":0},"end":{"line":1,"column":25}},"1":{"start":{"line":2,"column":0},"end":{"line":2,"column":44}},"2":{"start":{"line":4,"column":0},"end":{"line":4,"column":48}},"3":{"start":{"line":5,"column":0},"end":{"line":5,"column":70}},"4":{"start":{"line":6,"column":0},"end":{"line":6,"column":55}},"5":{"start":{"line":7,"column":0},"end":{"line":7,"column":69}},"6":{"start":{"line":8,"column":0},"end":{"line":8,"column":40}},"7":{"start":{"line":10,"column":45},"end":{"line":14,"column":1}},"8":{"start":{"line":16,"column":36},"end":{"line":16,"column":38}},"9":{"start":{"line":18,"column":38},"end":{"line":23,"column":1}},"10":{"start":{"line":25,"column":19},"end":{"line":27,"column":1}},"11":{"start":{"line":29,"column":0},"end":{"line":61,"column":5}},"12":{"start":{"line":30,"column":25},"end":{"line":30,"column":65}},"13":{"start":{"line":31,"column":55},"end":{"line":41,"column":3}},"14":{"start":{"line":42,"column":49},"end":{"line":51,"column":3}},"15":{"start":{"line":52,"column":50},"end":{"line":61,"column":3}}},"fnMap":{"0":{"name":"(anonymous_1)","decl":{"start":{"line":30,"column":16},"end":{"line":30,"column":15}},"loc":{"start":{"line":30,"column":21},"end":{"line":30,"column":65}}},"1":{"name":"(anonymous_2)","decl":{"start":{"line":31,"column":49},"end":{"line":31,"column":54}},"loc":{"start":{"line":31,"column":49},"end":{"line":41,"column":3}}},"2":{"name":"(anonymous_3)","decl":{"start":{"line":42,"column":43},"end":{"line":42,"column":48}},"loc":{"start":{"line":42,"column":43},"end":{"line":51,"column":3}}},"3":{"name":"(anonymous_4)","decl":{"start":{"line":52,"column":44},"end":{"line":52,"column":49}},"loc":{"start":{"line":52,"column":44},"end":{"line":61,"column":3}}}},"branchMap":{},"s":{"0":1,"1":1,"2":1,"3":1,"4":1,"5":1,"6":1,"7":1,"8":1,"9":1,"10":1,"11":1,"12":3,"13":1,"14":1,"15":1},"f":{"0":3,"1":1,"2":1,"3":1},"b":{}}
,"C:\\Users\\arckm\\Documents\\GitHub\\AP-CSE-APP\\src\\components\\Breadcrumbs\\index.tsx": {"path":"C:\\Users\\arckm\\Documents\\GitHub\\AP-CSE-APP\\src\\components\\Breadcrumbs\\index.tsx","statementMap":{"0":{"start":{"line":1,"column":0},"end":{"line":1,"column":25}},"1":{"start":{"line":2,"column":0},"end":{"line":2,"column":36}},"2":{"start":{"line":3,"column":0},"end":{"line":3,"column":39}},"3":{"start":{"line":5,"column":0},"end":{"line":5,"column":49}},"4":{"start":{"line":19,"column":14},"end":{"line":21,"column":1}},"5":{"start":{"line":32,"column":13},"end":{"line":87,"column":2}},"6":{"start":{"line":32,"column":30},"end":{"line":32,"column":37}},"7":{"start":{"line":32,"column":39},"end":{"line":32,"column":44}},"8":{"start":{"line":32,"column":46},"end":{"line":32,"column":51}},"9":{"start":{"line":32,"column":53},"end":{"line":32,"column":59}},"10":{"start":{"line":32,"column":84},"end":{"line":87,"column":1}}},"fnMap":{"0":{"name":"(anonymous_1)","decl":{"start":{"line":32,"column":27},"end":{"line":32,"column":27}},"loc":{"start":{"line":32,"column":79},"end":{"line":87,"column":1}}}},"branchMap":{"0":{"loc":{"start":{"line":42,"column":7},"end":{"line":42,"column":14}},"type":"binary-expr","locations":[{"start":{"line":42,"column":7},"end":{"line":42,"column":14}},{"start":{"line":42,"column":18},"end":{"line":42,"column":89}}]},"1":{"loc":{"start":{"line":43,"column":7},"end":{"line":43,"column":14}},"type":"binary-expr","locations":[{"start":{"line":43,"column":7},"end":{"line":43,"column":14}},{"start":{"line":44,"column":8},"end":{"line":44,"column":13}},{"start":{"line":44,"column":17},"end":{"line":44,"column":93}}]},"2":{"loc":{"start":{"line":45,"column":7},"end":{"line":45,"column":14}},"type":"binary-expr","locations":[{"start":{"line":45,"column":7},"end":{"line":45,"column":14}},{"start":{"line":46,"column":8},"end":{"line":46,"column":13}},{"start":{"line":47,"column":8},"end":{"line":47,"column":13}},{"start":{"line":48,"column":10},"end":{"line":48,"column":95}}]},"3":{"loc":{"start":{"line":50,"column":7},"end":{"line":50,"column":14}},"type":"binary-expr","locations":[{"start":{"line":50,"column":7},"end":{"line":50,"column":14}},{"start":{"line":51,"column":8},"end":{"line":51,"column":13}},{"start":{"line":52,"column":8},"end":{"line":52,"column":13}},{"start":{"line":53,"column":8},"end":{"line":53,"column":14}},{"start":{"line":54,"column":10},"end":{"line":58,"column":12}}]}},"s":{"0":1,"1":1,"2":1,"3":1,"4":1,"5":1,"6":2,"7":2,"8":2,"9":2,"10":2},"f":{"0":2},"b":{"0":[2,1],"1":[2,1,1],"2":[2,1,1,1],"3":[2,1,1,1,1]}}
,"C:\\Users\\arckm\\Documents\\GitHub\\AP-CSE-APP\\src\\components\\ContentNav\\ContentNav.storybook.tsx": {"path":"C:\\Users\\arckm\\Documents\\GitHub\\AP-CSE-APP\\src\\components\\ContentNav\\ContentNav.storybook.tsx","statementMap":{"0":{"start":{"line":1,"column":0},"end":{"line":1,"column":25}},"1":{"start":{"line":2,"column":0},"end":{"line":2,"column":44}},"2":{"start":{"line":3,"column":0},"end":{"line":3,"column":48}},"3":{"start":{"line":5,"column":0},"end":{"line":5,"column":30}},"4":{"start":{"line":8,"column":0},"end":{"line":8,"column":38}},"5":{"start":{"line":10,"column":0},"end":{"line":12,"column":57}},"6":{"start":{"line":12,"column":24},"end":{"line":12,"column":55}}},"fnMap":{"0":{"name":"(anonymous_1)","decl":{"start":{"line":12,"column":18},"end":{"line":12,"column":23}},"loc":{"start":{"line":12,"column":18},"end":{"line":12,"column":55}}}},"branchMap":{},"s":{"0":1,"1":1,"2":1,"3":1,"4":1,"5":1,"6":1},"f":{"0":1},"b":{}}
,"C:\\Users\\arckm\\Documents\\GitHub\\AP-CSE-APP\\src\\components\\ContentNav\\index.tsx": {"path":"C:\\Users\\arckm\\Documents\\GitHub\\AP-CSE-APP\\src\\components\\ContentNav\\index.tsx","statementMap":{"0":{"start":{"line":1,"column":0},"end":{"line":1,"column":40}},"1":{"start":{"line":4,"column":0},"end":{"line":4,"column":40}},"2":{"start":{"line":5,"column":0},"end":{"line":5,"column":49}},"3":{"start":{"line":32,"column":0},"end":{"line":32,"column":41}},"4":{"start":{"line":32,"column":32},"end":{"line":32,"column":75}},"5":{"start":{"line":34,"column":4},"end":{"line":34,"column":16}},"6":{"start":{"line":59,"column":2},"end":{"line":78,"column":4}},"7":{"start":{"line":60,"column":4},"end":{"line":60,"column":28}},"8":{"start":{"line":61,"column":34},"end":{"line":73,"column":6}},"9":{"start":{"line":62,"column":25},"end":{"line":62,"column":30}},"10":{"start":{"line":63,"column":6},"end":{"line":70,"column":7}},"11":{"start":{"line":64,"column":8},"end":{"line":69,"column":11}},"12":{"start":{"line":65,"column":27},"end":{"line":65,"column":48}},"13":{"start":{"line":66,"column":10},"end":{"line":66,"column":57}},"14":{"start":{"line":68,"column":10},"end":{"line":68,"column":50}},"15":{"start":{"line":72,"column":6},"end":{"line":72,"column":47}},"16":{"start":{"line":75,"column":4},"end":{"line":77,"column":7}},"17":{"start":{"line":80,"column":2},"end":{"line":94,"column":4}},"18":{"start":{"line":81,"column":34},"end":{"line":89,"column":6}},"19":{"start":{"line":82,"column":23},"end":{"line":82,"column":41}},"20":{"start":{"line":84,"column":6},"end":{"line":86,"column":7}},"21":{"start":{"line":85,"column":8},"end":{"line":85,"column":100}},"22":{"start":{"line":85,"column":67},"end":{"line":85,"column":98}},"23":{"start":{"line":88,"column":6},"end":{"line":88,"column":66}},"24":{"start":{"line":91,"column":4},"end":{"line":93,"column":7}},"25":{"start":{"line":96,"column":2},"end":{"line":107,"column":4}},"26":{"start":{"line":97,"column":4},"end":{"line":97,"column":28}},"27":{"start":{"line":98,"column":34},"end":{"line":102,"column":6}},"28":{"start":{"line":99,"column":25},"end":{"line":99,"column":76}},"29":{"start":{"line":101,"column":6},"end":{"line":101,"column":47}},"30":{"start":{"line":104,"column":4},"end":{"line":106,"column":7}},"31":{"start":{"line":35,"column":4},"end":{"line":37,"column":6}},"32":{"start":{"line":40,"column":2},"end":{"line":57,"column":3}},"33":{"start":{"line":40,"column":2},"end":{"line":57,"column":2}},"34":{"start":{"line":41,"column":4},"end":{"line":56,"column":7}},"35":{"start":{"line":42,"column":23},"end":{"line":42,"column":61}},"36":{"start":{"line":43,"column":17},"end":{"line":43,"column":49}},"37":{"start":{"line":44,"column":28},"end":{"line":44,"column":33}},"38":{"start":{"line":45,"column":6},"end":{"line":53,"column":7}},"39":{"start":{"line":46,"column":8},"end":{"line":50,"column":11}},"40":{"start":{"line":47,"column":10},"end":{"line":47,"column":88}},"41":{"start":{"line":49,"column":10},"end":{"line":49,"column":57}},"42":{"start":{"line":52,"column":8},"end":{"line":52,"column":60}},"43":{"start":{"line":55,"column":6},"end":{"line":55,"column":21}},"44":{"start":{"line":109,"column":2},"end":{"line":150,"column":3}},"45":{"start":{"line":109,"column":2},"end":{"line":150,"column":2}},"46":{"start":{"line":110,"column":4},"end":{"line":149,"column":6}},"47":{"start":{"line":113,"column":35},"end":{"line":113,"column":39}},"48":{"start":{"line":113,"column":41},"end":{"line":113,"column":49}},"49":{"start":{"line":113,"column":51},"end":{"line":113,"column":59}},"50":{"start":{"line":113,"column":61},"end":{"line":113,"column":67}},"51":{"start":{"line":114,"column":12},"end":{"line":136,"column":14}},"52":{"start":{"line":126,"column":20},"end":{"line":133,"column":22}},"53":{"start":{"line":151,"column":0},"end":{"line":151,"column":1}},"54":{"start":{"line":32,"column":13},"end":{"line":32,"column":23}}},"fnMap":{"0":{"name":"(anonymous_9)","decl":{"start":{"line":32,"column":0},"end":{"line":null,"column":-1}},"loc":{"start":{"line":32,"column":0},"end":{"line":32,"column":-1}}},"1":{"name":"ContentNav","decl":{"start":{"line":33,"column":2},"end":{"line":33,"column":13}},"loc":{"start":{"line":33,"column":36},"end":{"line":38,"column":3}}},"2":{"name":"(anonymous_11)","decl":{"start":{"line":59,"column":19},"end":{"line":59,"column":19}},"loc":{"start":{"line":59,"column":72},"end":{"line":78,"column":3}}},"3":{"name":"(anonymous_12)","decl":{"start":{"line":61,"column":55},"end":{"line":61,"column":55}},"loc":{"start":{"line":61,"column":71},"end":{"line":73,"column":5}}},"4":{"name":"(anonymous_13)","decl":{"start":{"line":64,"column":42},"end":{"line":64,"column":42}},"loc":{"start":{"line":64,"column":64},"end":{"line":69,"column":9}}},"5":{"name":"(anonymous_14)","decl":{"start":{"line":80,"column":16},"end":{"line":80,"column":16}},"loc":{"start":{"line":80,"column":69},"end":{"line":94,"column":3}}},"6":{"name":"(anonymous_15)","decl":{"start":{"line":81,"column":55},"end":{"line":81,"column":55}},"loc":{"start":{"line":81,"column":71},"end":{"line":89,"column":5}}},"7":{"name":"(anonymous_16)","decl":{"start":{"line":85,"column":40},"end":{"line":85,"column":40}},"loc":{"start":{"line":85,"column":62},"end":{"line":85,"column":98}}},"8":{"name":"(anonymous_17)","decl":{"start":{"line":96,"column":11},"end":{"line":96,"column":11}},"loc":{"start":{"line":96,"column":61},"end":{"line":107,"column":3}}},"9":{"name":"(anonymous_18)","decl":{"start":{"line":98,"column":55},"end":{"line":98,"column":55}},"loc":{"start":{"line":98,"column":71},"end":{"line":102,"column":5}}},"10":{"name":"(anonymous_19)","decl":{"start":{"line":40,"column":2},"end":{"line":40,"column":16}},"loc":{"start":{"line":40,"column":35},"end":{"line":57,"column":3}}},"11":{"name":"(anonymous_20)","decl":{"start":{"line":41,"column":21},"end":{"line":41,"column":21}},"loc":{"start":{"line":41,"column":37},"end":{"line":56,"column":5}}},"12":{"name":"(anonymous_21)","decl":{"start":{"line":46,"column":45},"end":{"line":46,"column":44}},"loc":{"start":{"line":46,"column":52},"end":{"line":50,"column":9}}},"13":{"name":"(anonymous_22)","decl":{"start":{"line":109,"column":2},"end":{"line":null,"column":-1}},"loc":{"start":{"line":109,"column":2},"end":{"line":150,"column":3}}},"14":{"name":"(anonymous_23)","decl":{"start":{"line":113,"column":32},"end":{"line":113,"column":32}},"loc":{"start":{"line":113,"column":80},"end":{"line":137,"column":11}}},"15":{"name":"(anonymous_24)","decl":{"start":{"line":125,"column":31},"end":{"line":125,"column":30}},"loc":{"start":{"line":125,"column":38},"end":{"line":134,"column":19}}}},"branchMap":{"0":{"loc":{"start":{"line":34,"column":4},"end":{"line":34,"column":16}},"type":"binary-expr","locations":[{"start":{"line":34,"column":4},"end":{"line":34,"column":16}},{"start":{"line":34,"column":16},"end":{"line":38,"column":2}}]},"1":{"loc":{"start":{"line":63,"column":6},"end":{"line":70,"column":7}},"type":"if","locations":[{"start":{"line":63,"column":6},"end":{"line":70,"column":7}},{"start":{"line":63,"column":6},"end":{"line":70,"column":7}}]},"2":{"loc":{"start":{"line":66,"column":41},"end":{"line":66,"column":49}},"type":"cond-expr","locations":[{"start":{"line":66,"column":41},"end":{"line":66,"column":49}},{"start":{"line":66,"column":52},"end":{"line":66,"column":56}}]},"3":{"loc":{"start":{"line":84,"column":6},"end":{"line":86,"column":7}},"type":"if","locations":[{"start":{"line":84,"column":6},"end":{"line":86,"column":7}},{"start":{"line":84,"column":6},"end":{"line":86,"column":7}}]},"4":{"loc":{"start":{"line":99,"column":46},"end":{"line":99,"column":60}},"type":"cond-expr","locations":[{"start":{"line":99,"column":46},"end":{"line":99,"column":60}},{"start":{"line":99,"column":63},"end":{"line":99,"column":76}}]},"5":{"loc":{"start":{"line":45,"column":6},"end":{"line":53,"column":7}},"type":"if","locations":[{"start":{"line":45,"column":6},"end":{"line":53,"column":7}},{"start":{"line":45,"column":6},"end":{"line":53,"column":7}}]},"6":{"loc":{"start":{"line":124,"column":17},"end":{"line":124,"column":25}},"type":"binary-expr","locations":[{"start":{"line":124,"column":17},"end":{"line":124,"column":25}},{"start":{"line":125,"column":18},"end":{"line":134,"column":20}}]}},"s":{"0":2,"1":2,"2":2,"3":2,"4":2,"5":5,"6":5,"7":1,"8":1,"9":7,"10":7,"11":1,"12":3,"13":3,"14":3,"15":7,"16":1,"17":5,"18":1,"19":7,"20":7,"21":1,"22":3,"23":7,"24":1,"25":5,"26":4,"27":4,"28":28,"29":28,"30":4,"31":5,"32":2,"33":5,"34":5,"35":35,"36":35,"37":35,"38":35,"39":5,"40":15,"41":15,"42":5,"43":35,"44":2,"45":11,"46":11,"47":77,"48":77,"49":77,"50":77,"51":77,"52":33,"53":2,"54":2},"f":{"0":2,"1":5,"2":1,"3":7,"4":3,"5":1,"6":7,"7":3,"8":4,"9":28,"10":5,"11":35,"12":15,"13":11,"14":77,"15":33},"b":{"0":[5,5],"1":[1,6],"2":[1,2],"3":[1,6],"4":[4,24],"5":[5,30],"6":[77,11]}}
,"C:\\Users\\arckm\\Documents\\GitHub\\AP-CSE-APP\\src\\components\\ContentNav\\Item\\Item.storybook.tsx": {"path":"C:\\Users\\arckm\\Documents\\GitHub\\AP-CSE-APP\\src\\components\\ContentNav\\Item\\Item.storybook.tsx","statementMap":{"0":{"start":{"line":1,"column":0},"end":{"line":1,"column":25}},"1":{"start":{"line":2,"column":0},"end":{"line":2,"column":44}},"2":{"start":{"line":3,"column":0},"end":{"line":3,"column":48}},"3":{"start":{"line":5,"column":0},"end":{"line":5,"column":35}},"4":{"start":{"line":6,"column":0},"end":{"line":6,"column":36}},"5":{"start":{"line":7,"column":0},"end":{"line":7,"column":42}},"6":{"start":{"line":9,"column":0},"end":{"line":32,"column":5}},"7":{"start":{"line":11,"column":23},"end":{"line":11,"column":67}},"8":{"start":{"line":12,"column":27},"end":{"line":16,"column":3}},"9":{"start":{"line":17,"column":25},"end":{"line":22,"column":3}},"10":{"start":{"line":23,"column":45},"end":{"line":32,"column":3}},"11":{"start":{"line":34,"column":0},"end":{"line":46,"column":5}},"12":{"start":{"line":36,"column":24},"end":{"line":36,"column":54}},"13":{"start":{"line":37,"column":27},"end":{"line":41,"column":3}},"14":{"start":{"line":42,"column":25},"end":{"line":46,"column":3}}},"fnMap":{"0":{"name":"(anonymous_1)","decl":{"start":{"line":11,"column":17},"end":{"line":11,"column":22}},"loc":{"start":{"line":11,"column":17},"end":{"line":11,"column":67}}},"1":{"name":"(anonymous_2)","decl":{"start":{"line":12,"column":21},"end":{"line":12,"column":26}},"loc":{"start":{"line":12,"column":21},"end":{"line":16,"column":3}}},"2":{"name":"(anonymous_3)","decl":{"start":{"line":17,"column":19},"end":{"line":17,"column":24}},"loc":{"start":{"line":17,"column":19},"end":{"line":22,"column":3}}},"3":{"name":"(anonymous_4)","decl":{"start":{"line":23,"column":39},"end":{"line":23,"column":44}},"loc":{"start":{"line":23,"column":39},"end":{"line":32,"column":3}}},"4":{"name":"(anonymous_5)","decl":{"start":{"line":36,"column":18},"end":{"line":36,"column":23}},"loc":{"start":{"line":36,"column":18},"end":{"line":36,"column":54}}},"5":{"name":"(anonymous_6)","decl":{"start":{"line":37,"column":21},"end":{"line":37,"column":26}},"loc":{"start":{"line":37,"column":21},"end":{"line":41,"column":3}}},"6":{"name":"(anonymous_7)","decl":{"start":{"line":42,"column":19},"end":{"line":42,"column":24}},"loc":{"start":{"line":42,"column":19},"end":{"line":46,"column":3}}}},"branchMap":{},"s":{"0":1,"1":1,"2":1,"3":1,"4":1,"5":1,"6":1,"7":1,"8":1,"9":1,"10":1,"11":1,"12":1,"13":1,"14":1},"f":{"0":1,"1":1,"2":1,"3":1,"4":1,"5":1,"6":1},"b":{}}
,"C:\\Users\\arckm\\Documents\\GitHub\\AP-CSE-APP\\src\\components\\ContentNav\\Item\\index.tsx": {"path":"C:\\Users\\arckm\\Documents\\GitHub\\AP-CSE-APP\\src\\components\\ContentNav\\Item\\index.tsx","statementMap":{"0":{"start":{"line":1,"column":0},"end":{"line":1,"column":25}},"1":{"start":{"line":2,"column":0},"end":{"line":2,"column":51}},"2":{"start":{"line":3,"column":0},"end":{"line":3,"column":54}},"3":{"start":{"line":24,"column":13},"end":{"line":42,"column":2}},"4":{"start":{"line":24,"column":26},"end":{"line":24,"column":34}},"5":{"start":{"line":24,"column":36},"end":{"line":24,"column":42}},"6":{"start":{"line":24,"column":44},"end":{"line":24,"column":52}},"7":{"start":{"line":25,"column":2},"end":{"line":33,"column":3}},"8":{"start":{"line":26,"column":4},"end":{"line":32,"column":6}},"9":{"start":{"line":29,"column":10},"end":{"line":29,"column":42}},"10":{"start":{"line":29,"column":22},"end":{"line":29,"column":42}},"11":{"start":{"line":35,"column":2},"end":{"line":41,"column":4}},"12":{"start":{"line":38,"column":8},"end":{"line":38,"column":40}},"13":{"start":{"line":38,"column":20},"end":{"line":38,"column":40}},"14":{"start":{"line":55,"column":13},"end":{"line":136,"column":2}},"15":{"start":{"line":55,"column":23},"end":{"line":55,"column":27}},"16":{"start":{"line":55,"column":29},"end":{"line":55,"column":35}},"17":{"start":{"line":55,"column":37},"end":{"line":55,"column":45}},"18":{"start":{"line":55,"column":47},"end":{"line":55,"column":55}},"19":{"start":{"line":55,"column":57},"end":{"line":55,"column":63}},"20":{"start":{"line":55,"column":65},"end":{"line":55,"column":73}},"21":{"start":{"line":56,"column":2},"end":{"line":135,"column":4}},"22":{"start":{"line":60,"column":8},"end":{"line":60,"column":40}},"23":{"start":{"line":60,"column":22},"end":{"line":60,"column":40}}},"fnMap":{"0":{"name":"(anonymous_1)","decl":{"start":{"line":24,"column":23},"end":{"line":24,"column":23}},"loc":{"start":{"line":24,"column":68},"end":{"line":42,"column":1}}},"1":{"name":"(anonymous_2)","decl":{"start":{"line":28,"column":17},"end":{"line":28,"column":16}},"loc":{"start":{"line":28,"column":18},"end":{"line":30,"column":9}}},"2":{"name":"(anonymous_3)","decl":{"start":{"line":37,"column":15},"end":{"line":37,"column":14}},"loc":{"start":{"line":37,"column":16},"end":{"line":39,"column":7}}},"3":{"name":"(anonymous_4)","decl":{"start":{"line":55,"column":20},"end":{"line":55,"column":20}},"loc":{"start":{"line":55,"column":86},"end":{"line":136,"column":1}}},"4":{"name":"(anonymous_5)","decl":{"start":{"line":59,"column":15},"end":{"line":59,"column":14}},"loc":{"start":{"line":59,"column":16},"end":{"line":61,"column":7}}}},"branchMap":{"0":{"loc":{"start":{"line":25,"column":2},"end":{"line":33,"column":3}},"type":"if","locations":[{"start":{"line":25,"column":2},"end":{"line":33,"column":3}},{"start":{"line":25,"column":2},"end":{"line":33,"column":3}}]},"1":{"loc":{"start":{"line":29,"column":10},"end":{"line":29,"column":42}},"type":"if","locations":[{"start":{"line":29,"column":10},"end":{"line":29,"column":42}},{"start":{"line":29,"column":10},"end":{"line":29,"column":42}}]},"2":{"loc":{"start":{"line":38,"column":8},"end":{"line":38,"column":40}},"type":"if","locations":[{"start":{"line":38,"column":8},"end":{"line":38,"column":40}},{"start":{"line":38,"column":8},"end":{"line":38,"column":40}}]},"3":{"loc":{"start":{"line":60,"column":8},"end":{"line":60,"column":40}},"type":"if","locations":[{"start":{"line":60,"column":8},"end":{"line":60,"column":40}},{"start":{"line":60,"column":8},"end":{"line":60,"column":40}}]},"4":{"loc":{"start":{"line":64,"column":31},"end":{"line":64,"column":39}},"type":"cond-expr","locations":[{"start":{"line":64,"column":31},"end":{"line":64,"column":39}},{"start":{"line":64,"column":42},"end":{"line":64,"column":44}}]},"5":{"loc":{"start":{"line":68,"column":13},"end":{"line":68,"column":21}},"type":"binary-expr","locations":[{"start":{"line":68,"column":13},"end":{"line":68,"column":21}},{"start":{"line":68,"column":25},"end":{"line":68,"column":88}}]},"6":{"loc":{"start":{"line":72,"column":44},"end":{"line":72,"column":54}},"type":"cond-expr","locations":[{"start":{"line":72,"column":44},"end":{"line":72,"column":54}},{"start":{"line":72,"column":57},"end":{"line":72,"column":59}}]}},"s":{"0":3,"1":3,"2":3,"3":3,"4":18,"5":18,"6":18,"7":18,"8":8,"9":2,"10":1,"11":10,"12":4,"13":3,"14":3,"15":85,"16":85,"17":85,"18":85,"19":85,"20":85,"21":85,"22":2,"23":1},"f":{"0":18,"1":2,"2":4,"3":85,"4":2},"b":{"0":[8,10],"1":[1,1],"2":[3,1],"3":[1,1],"4":[7,78],"5":[85,16],"6":[7,78]}}
,"C:\\Users\\arckm\\Documents\\GitHub\\AP-CSE-APP\\src\\components\\ContentNav\\SubItem\\SubItem.storybook.tsx": {"path":"C:\\Users\\arckm\\Documents\\GitHub\\AP-CSE-APP\\src\\components\\ContentNav\\SubItem\\SubItem.storybook.tsx","statementMap":{"0":{"start":{"line":1,"column":0},"end":{"line":1,"column":25}},"1":{"start":{"line":2,"column":0},"end":{"line":2,"column":44}},"2":{"start":{"line":3,"column":0},"end":{"line":3,"column":48}},"3":{"start":{"line":5,"column":0},"end":{"line":5,"column":41}},"4":{"start":{"line":7,"column":0},"end":{"line":10,"column":85}},"5":{"start":{"line":9,"column":24},"end":{"line":9,"column":62}},"6":{"start":{"line":10,"column":31},"end":{"line":10,"column":83}}},"fnMap":{"0":{"name":"(anonymous_1)","decl":{"start":{"line":9,"column":18},"end":{"line":9,"column":23}},"loc":{"start":{"line":9,"column":18},"end":{"line":9,"column":62}}},"1":{"name":"(anonymous_2)","decl":{"start":{"line":10,"column":25},"end":{"line":10,"column":30}},"loc":{"start":{"line":10,"column":25},"end":{"line":10,"column":83}}}},"branchMap":{},"s":{"0":1,"1":1,"2":1,"3":1,"4":1,"5":1,"6":1},"f":{"0":1,"1":1},"b":{}}
,"C:\\Users\\arckm\\Documents\\GitHub\\AP-CSE-APP\\src\\components\\ContentNav\\SubItem\\index.tsx": {"path":"C:\\Users\\arckm\\Documents\\GitHub\\AP-CSE-APP\\src\\components\\ContentNav\\SubItem\\index.tsx","statementMap":{"0":{"start":{"line":1,"column":0},"end":{"line":1,"column":25}},"1":{"start":{"line":2,"column":0},"end":{"line":2,"column":51}},"2":{"start":{"line":24,"column":13},"end":{"line":66,"column":2}},"3":{"start":{"line":24,"column":26},"end":{"line":24,"column":30}},"4":{"start":{"line":24,"column":32},"end":{"line":24,"column":38}},"5":{"start":{"line":24,"column":40},"end":{"line":24,"column":48}},"6":{"start":{"line":25,"column":2},"end":{"line":65,"column":4}},"7":{"start":{"line":29,"column":8},"end":{"line":29,"column":40}},"8":{"start":{"line":29,"column":22},"end":{"line":29,"column":40}}},"fnMap":{"0":{"name":"(anonymous_1)","decl":{"start":{"line":24,"column":23},"end":{"line":24,"column":23}},"loc":{"start":{"line":24,"column":64},"end":{"line":66,"column":1}}},"1":{"name":"(anonymous_2)","decl":{"start":{"line":28,"column":15},"end":{"line":28,"column":14}},"loc":{"start":{"line":28,"column":16},"end":{"line":30,"column":7}}}},"branchMap":{"0":{"loc":{"start":{"line":27,"column":29},"end":{"line":27,"column":37}},"type":"cond-expr","locations":[{"start":{"line":27,"column":29},"end":{"line":27,"column":37}},{"start":{"line":27,"column":40},"end":{"line":27,"column":42}}]},"1":{"loc":{"start":{"line":29,"column":8},"end":{"line":29,"column":40}},"type":"if","locations":[{"start":{"line":29,"column":8},"end":{"line":29,"column":40}},{"start":{"line":29,"column":8},"end":{"line":29,"column":40}}]}},"s":{"0":3,"1":3,"2":3,"3":43,"4":43,"5":43,"6":43,"7":2,"8":1},"f":{"0":43,"1":2},"b":{"0":[4,39],"1":[1,1]}}
,"C:\\Users\\arckm\\Documents\\GitHub\\AP-CSE-APP\\src\\components\\FilterItem\\FilterItem.storybook.tsx": {"path":"C:\\Users\\arckm\\Documents\\GitHub\\AP-CSE-APP\\src\\components\\FilterItem\\FilterItem.storybook.tsx","statementMap":{"0":{"start":{"line":1,"column":0},"end":{"line":1,"column":25}},"1":{"start":{"line":2,"column":0},"end":{"line":2,"column":44}},"2":{"start":{"line":3,"column":0},"end":{"line":3,"column":48}},"3":{"start":{"line":4,"column":0},"end":{"line":4,"column":47}},"4":{"start":{"line":6,"column":45},"end":{"line":14,"column":1}},"5":{"start":{"line":16,"column":0},"end":{"line":18,"column":68}},"6":{"start":{"line":18,"column":27},"end":{"line":18,"column":66}}},"fnMap":{"0":{"name":"(anonymous_3)","decl":{"start":{"line":18,"column":21},"end":{"line":18,"column":26}},"loc":{"start":{"line":18,"column":21},"end":{"line":18,"column":66}}}},"branchMap":{},"s":{"0":1,"1":1,"2":1,"3":1,"4":1,"5":1,"6":1},"f":{"0":1},"b":{}}
,"C:\\Users\\arckm\\Documents\\GitHub\\AP-CSE-APP\\src\\components\\FilterItem\\index.tsx": {"path":"C:\\Users\\arckm\\Documents\\GitHub\\AP-CSE-APP\\src\\components\\FilterItem\\index.tsx","statementMap":{"0":{"start":{"line":1,"column":0},"end":{"line":1,"column":25}},"1":{"start":{"line":12,"column":14},"end":{"line":15,"column":1}},"2":{"start":{"line":17,"column":18},"end":{"line":20,"column":1}},"3":{"start":{"line":22,"column":24},"end":{"line":24,"column":1}},"4":{"start":{"line":26,"column":22},"end":{"line":28,"column":1}},"5":{"start":{"line":30,"column":13},"end":{"line":45,"column":2}},"6":{"start":{"line":30,"column":67},"end":{"line":45,"column":1}}},"fnMap":{"0":{"name":"(anonymous_1)","decl":{"start":{"line":30,"column":26},"end":{"line":30,"column":26}},"loc":{"start":{"line":30,"column":49},"end":{"line":45,"column":1}}}},"branchMap":{},"s":{"0":1,"1":1,"2":1,"3":1,"4":1,"5":1,"6":4},"f":{"0":4},"b":{}}
,"C:\\Users\\arckm\\Documents\\GitHub\\AP-CSE-APP\\src\\components\\FilterItemList\\FilterItemList.storybook.tsx": {"path":"C:\\Users\\arckm\\Documents\\GitHub\\AP-CSE-APP\\src\\components\\FilterItemList\\FilterItemList.storybook.tsx","statementMap":{"0":{"start":{"line":1,"column":0},"end":{"line":1,"column":25}},"1":{"start":{"line":2,"column":0},"end":{"line":2,"column":44}},"2":{"start":{"line":3,"column":0},"end":{"line":3,"column":48}},"3":{"start":{"line":4,"column":0},"end":{"line":4,"column":55}},"4":{"start":{"line":8,"column":49},"end":{"line":38,"column":1}},"5":{"start":{"line":41,"column":0},"end":{"line":43,"column":76}},"6":{"start":{"line":43,"column":31},"end":{"line":43,"column":74}}},"fnMap":{"0":{"name":"(anonymous_3)","decl":{"start":{"line":43,"column":25},"end":{"line":43,"column":30}},"loc":{"start":{"line":43,"column":25},"end":{"line":43,"column":74}}}},"branchMap":{},"s":{"0":1,"1":1,"2":1,"3":1,"4":1,"5":1,"6":1},"f":{"0":1},"b":{}}
,"C:\\Users\\arckm\\Documents\\GitHub\\AP-CSE-APP\\src\\components\\FilterItemList\\index.tsx": {"path":"C:\\Users\\arckm\\Documents\\GitHub\\AP-CSE-APP\\src\\components\\FilterItemList\\index.tsx","statementMap":{"0":{"start":{"line":1,"column":0},"end":{"line":1,"column":40}},"1":{"start":{"line":2,"column":0},"end":{"line":2,"column":59}},"2":{"start":{"line":12,"column":20},"end":{"line":16,"column":1}},"3":{"start":{"line":24,"column":0},"end":{"line":24,"column":45}},"4":{"start":{"line":24,"column":36},"end":{"line":24,"column":87}},"5":{"start":{"line":26,"column":4},"end":{"line":26,"column":16}},"6":{"start":{"line":27,"column":4},"end":{"line":27,"column":48}},"7":{"start":{"line":30,"column":2},"end":{"line":58,"column":3}},"8":{"start":{"line":31,"column":17},"end":{"line":31,"column":35}},"9":{"start":{"line":33,"column":4},"end":{"line":55,"column":5}},"10":{"start":{"line":34,"column":24},"end":{"line":34,"column":75}},"11":{"start":{"line":34,"column":53},"end":{"line":34,"column":74}},"12":{"start":{"line":36,"column":6},"end":{"line":44,"column":8}},"13":{"start":{"line":46,"column":6},"end":{"line":54,"column":8}},"14":{"start":{"line":57,"column":4},"end":{"line":57,"column":18}},"15":{"start":{"line":59,"column":0},"end":{"line":59,"column":1}},"16":{"start":{"line":24,"column":13},"end":{"line":24,"column":27}}},"fnMap":{"0":{"name":"(anonymous_9)","decl":{"start":{"line":24,"column":0},"end":{"line":null,"column":-1}},"loc":{"start":{"line":24,"column":0},"end":{"line":24,"column":-1}}},"1":{"name":"FilterItemList","decl":{"start":{"line":25,"column":2},"end":{"line":25,"column":13}},"loc":{"start":{"line":25,"column":40},"end":{"line":28,"column":3}}},"2":{"name":"(anonymous_11)","decl":{"start":{"line":30,"column":2},"end":{"line":null,"column":-1}},"loc":{"start":{"line":30,"column":2},"end":{"line":58,"column":3}}},"3":{"name":"(anonymous_12)","decl":{"start":{"line":34,"column":48},"end":{"line":34,"column":47}},"loc":{"start":{"line":34,"column":49},"end":{"line":34,"column":74}}}},"branchMap":{"0":{"loc":{"start":{"line":26,"column":4},"end":{"line":26,"column":16}},"type":"binary-expr","locations":[{"start":{"line":26,"column":4},"end":{"line":26,"column":16}},{"start":{"line":26,"column":16},"end":{"line":28,"column":2}}]},"1":{"loc":{"start":{"line":33,"column":4},"end":{"line":55,"column":5}},"type":"if","locations":[{"start":{"line":33,"column":4},"end":{"line":55,"column":5}},{"start":{"line":33,"column":4},"end":{"line":55,"column":5}}]}},"s":{"0":1,"1":1,"2":1,"3":1,"4":1,"5":2,"6":2,"7":1,"8":2,"9":2,"10":1,"11":3,"12":1,"13":1,"14":2,"15":1,"16":1},"f":{"0":1,"1":2,"2":2,"3":3},"b":{"0":[2,2],"1":[1,1]}}
,"C:\\Users\\arckm\\Documents\\GitHub\\AP-CSE-APP\\src\\components\\HelloWorld\\HelloWorld.storybook.tsx": {"path":"C:\\Users\\arckm\\Documents\\GitHub\\AP-CSE-APP\\src\\components\\HelloWorld\\HelloWorld.storybook.tsx","statementMap":{"0":{"start":{"line":1,"column":0},"end":{"line":1,"column":25}},"1":{"start":{"line":2,"column":0},"end":{"line":2,"column":44}},"2":{"start":{"line":3,"column":0},"end":{"line":3,"column":48}},"3":{"start":{"line":5,"column":0},"end":{"line":5,"column":36}},"4":{"start":{"line":7,"column":0},"end":{"line":10,"column":86}},"5":{"start":{"line":9,"column":42},"end":{"line":9,"column":78}},"6":{"start":{"line":10,"column":43},"end":{"line":10,"column":84}}},"fnMap":{"0":{"name":"(anonymous_1)","decl":{"start":{"line":9,"column":36},"end":{"line":9,"column":41}},"loc":{"start":{"line":9,"column":36},"end":{"line":9,"column":78}}},"1":{"name":"(anonymous_2)","decl":{"start":{"line":10,"column":37},"end":{"line":10,"column":42}},"loc":{"start":{"line":10,"column":37},"end":{"line":10,"column":84}}}},"branchMap":{},"s":{"0":1,"1":1,"2":1,"3":1,"4":1,"5":1,"6":1},"f":{"0":1,"1":1},"b":{}}
,"C:\\Users\\arckm\\Documents\\GitHub\\AP-CSE-APP\\src\\components\\HelloWorld\\index.tsx": {"path":"C:\\Users\\arckm\\Documents\\GitHub\\AP-CSE-APP\\src\\components\\HelloWorld\\index.tsx","statementMap":{"0":{"start":{"line":1,"column":0},"end":{"line":1,"column":25}},"1":{"start":{"line":4,"column":2},"end":{"line":4,"column":27}},"2":{"start":{"line":3,"column":0},"end":{"line":5,"column":1}},"3":{"start":{"line":12,"column":13},"end":{"line":22,"column":2}},"4":{"start":{"line":12,"column":29},"end":{"line":12,"column":33}},"5":{"start":{"line":12,"column":35},"end":{"line":12,"column":39}},"6":{"start":{"line":12,"column":63},"end":{"line":22,"column":1}}},"fnMap":{"0":{"name":"capitalize","decl":{"start":{"line":3,"column":16},"end":{"line":3,"column":26}},"loc":{"start":{"line":3,"column":38},"end":{"line":5,"column":1}}},"1":{"name":"(anonymous_2)","decl":{"start":{"line":12,"column":26},"end":{"line":12,"column":26}},"loc":{"start":{"line":12,"column":58},"end":{"line":22,"column":1}}}},"branchMap":{"0":{"loc":{"start":{"line":14,"column":16},"end":{"line":14,"column":32}},"type":"cond-expr","locations":[{"start":{"line":14,"column":16},"end":{"line":14,"column":32}},{"start":{"line":14,"column":35},"end":{"line":14,"column":39}}]}},"s":{"0":2,"1":2,"2":2,"3":2,"4":2,"5":2,"6":2},"f":{"0":2,"1":2},"b":{"0":[1,1]}}
,"C:\\Users\\arckm\\Documents\\GitHub\\AP-CSE-APP\\src\\components\\MainContent\\Components.tsx": {"path":"C:\\Users\\arckm\\Documents\\GitHub\\AP-CSE-APP\\src\\components\\MainContent\\Components.tsx","statementMap":{"0":{"start":{"line":1,"column":0},"end":{"line":1,"column":25}},"1":{"start":{"line":2,"column":0},"end":{"line":2,"column":46}},"2":{"start":{"line":22,"column":13},"end":{"line":31,"column":2}},"3":{"start":{"line":22,"column":26},"end":{"line":22,"column":30}},"4":{"start":{"line":22,"column":32},"end":{"line":22,"column":40}},"5":{"start":{"line":22,"column":61},"end":{"line":31,"column":1}},"6":{"start":{"line":33,"column":13},"end":{"line":37,"column":2}},"7":{"start":{"line":33,"column":29},"end":{"line":33,"column":33}},"8":{"start":{"line":33,"column":53},"end":{"line":37,"column":1}},"9":{"start":{"line":38,"column":13},"end":{"line":42,"column":2}},"10":{"start":{"line":38,"column":28},"end":{"line":38,"column":32}},"11":{"start":{"line":38,"column":52},"end":{"line":42,"column":1}},"12":{"start":{"line":44,"column":13},"end":{"line":56,"column":2}},"13":{"start":{"line":44,"column":32},"end":{"line":44,"column":40}},"14":{"start":{"line":44,"column":61},"end":{"line":56,"column":1}},"15":{"start":{"line":58,"column":13},"end":{"line":68,"column":2}},"16":{"start":{"line":58,"column":29},"end":{"line":58,"column":37}},"17":{"start":{"line":58,"column":58},"end":{"line":68,"column":1}},"18":{"start":{"line":70,"column":13},"end":{"line":79,"column":2}},"19":{"start":{"line":70,"column":26},"end":{"line":70,"column":34}},"20":{"start":{"line":70,"column":55},"end":{"line":79,"column":1}}},"fnMap":{"0":{"name":"(anonymous_1)","decl":{"start":{"line":22,"column":23},"end":{"line":22,"column":23}},"loc":{"start":{"line":22,"column":56},"end":{"line":31,"column":1}}},"1":{"name":"(anonymous_2)","decl":{"start":{"line":33,"column":26},"end":{"line":33,"column":26}},"loc":{"start":{"line":33,"column":48},"end":{"line":37,"column":1}}},"2":{"name":"(anonymous_3)","decl":{"start":{"line":38,"column":25},"end":{"line":38,"column":25}},"loc":{"start":{"line":38,"column":47},"end":{"line":42,"column":1}}},"3":{"name":"(anonymous_4)","decl":{"start":{"line":44,"column":29},"end":{"line":44,"column":29}},"loc":{"start":{"line":44,"column":56},"end":{"line":56,"column":1}}},"4":{"name":"(anonymous_5)","decl":{"start":{"line":58,"column":26},"end":{"line":58,"column":26}},"loc":{"start":{"line":58,"column":53},"end":{"line":68,"column":1}}},"5":{"name":"(anonymous_6)","decl":{"start":{"line":70,"column":23},"end":{"line":70,"column":23}},"loc":{"start":{"line":70,"column":50},"end":{"line":79,"column":1}}}},"branchMap":{},"s":{"0":1,"1":1,"2":1,"3":26,"4":26,"5":26,"6":1,"7":10,"8":10,"9":1,"10":18,"11":18,"12":1,"13":7,"14":7,"15":1,"16":4,"17":4,"18":1,"19":12,"20":12},"f":{"0":26,"1":10,"2":18,"3":7,"4":4,"5":12},"b":{}}
,"C:\\Users\\arckm\\Documents\\GitHub\\AP-CSE-APP\\src\\components\\MainContent\\MainContent.storybook.tsx": {"path":"C:\\Users\\arckm\\Documents\\GitHub\\AP-CSE-APP\\src\\components\\MainContent\\MainContent.storybook.tsx","statementMap":{"0":{"start":{"line":1,"column":0},"end":{"line":1,"column":25}},"1":{"start":{"line":2,"column":0},"end":{"line":2,"column":44}},"2":{"start":{"line":3,"column":0},"end":{"line":3,"column":48}},"3":{"start":{"line":5,"column":0},"end":{"line":5,"column":40}},"4":{"start":{"line":6,"column":0},"end":{"line":6,"column":37}},"5":{"start":{"line":7,"column":0},"end":{"line":7,"column":47}},"6":{"start":{"line":9,"column":14},"end":{"line":14,"column":1}},"7":{"start":{"line":16,"column":0},"end":{"line":22,"column":5}},"8":{"start":{"line":18,"column":56},"end":{"line":22,"column":3}}},"fnMap":{"0":{"name":"(anonymous_1)","decl":{"start":{"line":18,"column":50},"end":{"line":18,"column":55}},"loc":{"start":{"line":18,"column":50},"end":{"line":22,"column":3}}}},"branchMap":{},"s":{"0":1,"1":1,"2":1,"3":1,"4":1,"5":1,"6":1,"7":1,"8":1},"f":{"0":1},"b":{}}
,"C:\\Users\\arckm\\Documents\\GitHub\\AP-CSE-APP\\src\\components\\MainContent\\TaskModel.tsx": {"path":"C:\\Users\\arckm\\Documents\\GitHub\\AP-CSE-APP\\src\\components\\MainContent\\TaskModel.tsx","statementMap":{"0":{"start":{"line":1,"column":0},"end":{"line":1,"column":25}},"1":{"start":{"line":2,"column":0},"end":{"line":2,"column":53}},"2":{"start":{"line":3,"column":0},"end":{"line":3,"column":43}},"3":{"start":{"line":4,"column":0},"end":{"line":4,"column":97}},"4":{"start":{"line":14,"column":22},"end":{"line":19,"column":4}},"5":{"start":{"line":15,"column":2},"end":{"line":19,"column":4}},"6":{"start":{"line":15,"column":23},"end":{"line":15,"column":48}},"7":{"start":{"line":16,"column":17},"end":{"line":16,"column":44}},"8":{"start":{"line":18,"column":4},"end":{"line":18,"column":39}},"9":{"start":{"line":21,"column":31},"end":{"line":21,"column":91}},"10":{"start":{"line":21,"column":50},"end":{"line":21,"column":91}},"11":{"start":{"line":23,"column":32},"end":{"line":24,"column":65}},"12":{"start":{"line":24,"column":2},"end":{"line":24,"column":65}},"13":{"start":{"line":26,"column":28},"end":{"line":38,"column":1}},"14":{"start":{"line":29,"column":2},"end":{"line":29,"column":31}},"15":{"start":{"line":29,"column":24},"end":{"line":29,"column":31}},"16":{"start":{"line":30,"column":2},"end":{"line":30,"column":37}},"17":{"start":{"line":30,"column":30},"end":{"line":30,"column":37}},"18":{"start":{"line":32,"column":2},"end":{"line":37,"column":4}},"19":{"start":{"line":40,"column":13},"end":{"line":75,"column":2}},"20":{"start":{"line":40,"column":28},"end":{"line":40,"column":32}},"21":{"start":{"line":40,"column":34},"end":{"line":40,"column":39}},"22":{"start":{"line":40,"column":41},"end":{"line":40,"column":50}},"23":{"start":{"line":40,"column":52},"end":{"line":40,"column":63}},"24":{"start":{"line":40,"column":65},"end":{"line":40,"column":70}},"25":{"start":{"line":41,"column":21},"end":{"line":41,"column":40}},"26":{"start":{"line":42,"column":15},"end":{"line":42,"column":42}},"27":{"start":{"line":44,"column":2},"end":{"line":74,"column":4}}},"fnMap":{"0":{"name":"(anonymous_1)","decl":{"start":{"line":14,"column":22},"end":{"line":14,"column":22}},"loc":{"start":{"line":14,"column":52},"end":{"line":19,"column":4}}},"1":{"name":"(anonymous_2)","decl":{"start":{"line":15,"column":15},"end":{"line":15,"column":14}},"loc":{"start":{"line":15,"column":19},"end":{"line":15,"column":48}}},"2":{"name":"(anonymous_3)","decl":{"start":{"line":15,"column":54},"end":{"line":15,"column":54}},"loc":{"start":{"line":15,"column":66},"end":{"line":19,"column":3}}},"3":{"name":"(anonymous_4)","decl":{"start":{"line":21,"column":31},"end":{"line":21,"column":31}},"loc":{"start":{"line":21,"column":45},"end":{"line":21,"column":91}}},"4":{"name":"(anonymous_5)","decl":{"start":{"line":23,"column":32},"end":{"line":23,"column":32}},"loc":{"start":{"line":23,"column":46},"end":{"line":24,"column":65}}},"5":{"name":"(anonymous_6)","decl":{"start":{"line":26,"column":28},"end":{"line":26,"column":28}},"loc":{"start":{"line":26,"column":65},"end":{"line":38,"column":1}}},"6":{"name":"(anonymous_7)","decl":{"start":{"line":40,"column":25},"end":{"line":40,"column":25}},"loc":{"start":{"line":40,"column":88},"end":{"line":75,"column":1}}}},"branchMap":{"0":{"loc":{"start":{"line":29,"column":2},"end":{"line":29,"column":31}},"type":"if","locations":[{"start":{"line":29,"column":2},"end":{"line":29,"column":31}},{"start":{"line":29,"column":2},"end":{"line":29,"column":31}}]},"1":{"loc":{"start":{"line":30,"column":2},"end":{"line":30,"column":37}},"type":"if","locations":[{"start":{"line":30,"column":2},"end":{"line":30,"column":37}},{"start":{"line":30,"column":2},"end":{"line":30,"column":37}}]}},"s":{"0":1,"1":1,"2":1,"3":1,"4":1,"5":6,"6":12,"7":6,"8":6,"9":1,"10":3,"11":1,"12":3,"13":1,"14":3,"15":1,"16":2,"17":1,"18":1,"19":1,"20":3,"21":3,"22":3,"23":3,"24":3,"25":3,"26":3,"27":3},"f":{"0":6,"1":12,"2":6,"3":3,"4":3,"5":3,"6":3},"b":{"0":[1,2],"1":[1,1]}}
,"C:\\Users\\arckm\\Documents\\GitHub\\AP-CSE-APP\\src\\components\\MainContent\\index.tsx": {"path":"C:\\Users\\arckm\\Documents\\GitHub\\AP-CSE-APP\\src\\components\\MainContent\\index.tsx","statementMap":{"0":{"start":{"line":1,"column":0},"end":{"line":1,"column":25}},"1":{"start":{"line":2,"column":0},"end":{"line":2,"column":39}},"2":{"start":{"line":3,"column":0},"end":{"line":3,"column":43}},"3":{"start":{"line":4,"column":0},"end":{"line":4,"column":97}},"4":{"start":{"line":55,"column":13},"end":{"line":58,"column":5}},"5":{"start":{"line":56,"column":2},"end":{"line":58,"column":4}},"6":{"start":{"line":57,"column":4},"end":{"line":57,"column":39}},"7":{"start":{"line":60,"column":28},"end":{"line":65,"column":1}},"8":{"start":{"line":61,"column":16},"end":{"line":61,"column":31}},"9":{"start":{"line":62,"column":2},"end":{"line":62,"column":38}},"10":{"start":{"line":62,"column":26},"end":{"line":62,"column":38}},"11":{"start":{"line":64,"column":2},"end":{"line":64,"column":35}},"12":{"start":{"line":67,"column":26},"end":{"line":83,"column":1}},"13":{"start":{"line":68,"column":16},"end":{"line":68,"column":39}},"14":{"start":{"line":69,"column":2},"end":{"line":80,"column":3}},"15":{"start":{"line":70,"column":4},"end":{"line":79,"column":6}},"16":{"start":{"line":82,"column":2},"end":{"line":82,"column":14}},"17":{"start":{"line":85,"column":22},"end":{"line":90,"column":1}},"18":{"start":{"line":86,"column":2},"end":{"line":86,"column":81}},"19":{"start":{"line":86,"column":71},"end":{"line":86,"column":81}},"20":{"start":{"line":87,"column":2},"end":{"line":87,"column":59}},"21":{"start":{"line":87,"column":50},"end":{"line":87,"column":59}},"22":{"start":{"line":89,"column":2},"end":{"line":89,"column":11}},"23":{"start":{"line":92,"column":24},"end":{"line":102,"column":4}},"24":{"start":{"line":93,"column":2},"end":{"line":102,"column":4}},"25":{"start":{"line":94,"column":17},"end":{"line":94,"column":73}},"26":{"start":{"line":95,"column":17},"end":{"line":95,"column":47}},"27":{"start":{"line":97,"column":4},"end":{"line":101,"column":6}},"28":{"start":{"line":104,"column":25},"end":{"line":125,"column":4}},"29":{"start":{"line":110,"column":2},"end":{"line":125,"column":4}},"30":{"start":{"line":111,"column":23},"end":{"line":111,"column":32}},"31":{"start":{"line":112,"column":21},"end":{"line":112,"column":35}},"32":{"start":{"line":113,"column":24},"end":{"line":113,"column":57}},"33":{"start":{"line":115,"column":4},"end":{"line":124,"column":6}},"34":{"start":{"line":127,"column":19},"end":{"line":139,"column":4}},"35":{"start":{"line":128,"column":2},"end":{"line":139,"column":4}},"36":{"start":{"line":129,"column":4},"end":{"line":138,"column":6}},"37":{"start":{"line":141,"column":13},"end":{"line":214,"column":2}},"38":{"start":{"line":141,"column":30},"end":{"line":141,"column":36}},"39":{"start":{"line":142,"column":24},"end":{"line":142,"column":58}},"40":{"start":{"line":143,"column":22},"end":{"line":143,"column":51}},"41":{"start":{"line":144,"column":29},"end":{"line":144,"column":58}},"42":{"start":{"line":145,"column":24},"end":{"line":145,"column":58}},"43":{"start":{"line":147,"column":2},"end":{"line":147,"column":39}},"44":{"start":{"line":149,"column":2},"end":{"line":213,"column":4}}},"fnMap":{"0":{"name":"(anonymous_1)","decl":{"start":{"line":55,"column":31},"end":{"line":55,"column":31}},"loc":{"start":{"line":55,"column":47},"end":{"line":58,"column":4}}},"1":{"name":"(anonymous_2)","decl":{"start":{"line":56,"column":12},"end":{"line":56,"column":12}},"loc":{"start":{"line":56,"column":24},"end":{"line":58,"column":3}}},"2":{"name":"(anonymous_3)","decl":{"start":{"line":60,"column":28},"end":{"line":60,"column":28}},"loc":{"start":{"line":60,"column":41},"end":{"line":65,"column":1}}},"3":{"name":"(anonymous_4)","decl":{"start":{"line":67,"column":26},"end":{"line":67,"column":26}},"loc":{"start":{"line":67,"column":39},"end":{"line":83,"column":1}}},"4":{"name":"(anonymous_5)","decl":{"start":{"line":85,"column":22},"end":{"line":85,"column":22}},"loc":{"start":{"line":85,"column":47},"end":{"line":90,"column":1}}},"5":{"name":"(anonymous_6)","decl":{"start":{"line":92,"column":24},"end":{"line":92,"column":24}},"loc":{"start":{"line":92,"column":46},"end":{"line":102,"column":4}}},"6":{"name":"(anonymous_7)","decl":{"start":{"line":93,"column":16},"end":{"line":93,"column":16}},"loc":{"start":{"line":93,"column":32},"end":{"line":102,"column":3}}},"7":{"name":"(anonymous_8)","decl":{"start":{"line":104,"column":25},"end":{"line":105,"column":1}},"loc":{"start":{"line":108,"column":24},"end":{"line":125,"column":4}}},"8":{"name":"(anonymous_9)","decl":{"start":{"line":110,"column":17},"end":{"line":110,"column":17}},"loc":{"start":{"line":110,"column":34},"end":{"line":125,"column":3}}},"9":{"name":"(anonymous_10)","decl":{"start":{"line":127,"column":19},"end":{"line":127,"column":19}},"loc":{"start":{"line":127,"column":31},"end":{"line":139,"column":4}}},"10":{"name":"(anonymous_11)","decl":{"start":{"line":128,"column":11},"end":{"line":128,"column":11}},"loc":{"start":{"line":128,"column":22},"end":{"line":139,"column":3}}},"11":{"name":"(anonymous_12)","decl":{"start":{"line":141,"column":27},"end":{"line":141,"column":27}},"loc":{"start":{"line":141,"column":56},"end":{"line":214,"column":1}}}},"branchMap":{"0":{"loc":{"start":{"line":62,"column":2},"end":{"line":62,"column":38}},"type":"if","locations":[{"start":{"line":62,"column":2},"end":{"line":62,"column":38}},{"start":{"line":62,"column":2},"end":{"line":62,"column":38}}]},"1":{"loc":{"start":{"line":69,"column":2},"end":{"line":80,"column":3}},"type":"if","locations":[{"start":{"line":69,"column":2},"end":{"line":80,"column":3}},{"start":{"line":69,"column":2},"end":{"line":80,"column":3}}]},"2":{"loc":{"start":{"line":86,"column":2},"end":{"line":86,"column":81}},"type":"if","locations":[{"start":{"line":86,"column":2},"end":{"line":86,"column":81}},{"start":{"line":86,"column":2},"end":{"line":86,"column":81}}]},"3":{"loc":{"start":{"line":87,"column":2},"end":{"line":87,"column":59}},"type":"if","locations":[{"start":{"line":87,"column":2},"end":{"line":87,"column":59}},{"start":{"line":87,"column":2},"end":{"line":87,"column":59}}]}},"s":{"0":1,"1":1,"2":1,"3":1,"4":1,"5":4,"6":16,"7":1,"8":52,"9":52,"10":0,"11":52,"12":1,"13":8,"14":8,"15":3,"16":5,"17":1,"18":17,"19":7,"20":10,"21":10,"22":0,"23":1,"24":1,"25":8,"26":8,"27":8,"28":1,"29":1,"30":3,"31":3,"32":3,"33":3,"34":1,"35":1,"36":2,"37":1,"38":1,"39":1,"40":1,"41":1,"42":1,"43":1,"44":1},"f":{"0":4,"1":16,"2":52,"3":8,"4":17,"5":1,"6":8,"7":1,"8":3,"9":1,"10":2,"11":1},"b":{"0":[0,52],"1":[3,5],"2":[7,10],"3":[10,0]}}
,"C:\\Users\\arckm\\Documents\\GitHub\\AP-CSE-APP\\src\\components\\MainContent\\parseUtils.tsx": {"path":"C:\\Users\\arckm\\Documents\\GitHub\\AP-CSE-APP\\src\\components\\MainContent\\parseUtils.tsx","statementMap":{"0":{"start":{"line":1,"column":0},"end":{"line":1,"column":25}},"1":{"start":{"line":4,"column":23},"end":{"line":6,"column":1}},"2":{"start":{"line":5,"column":2},"end":{"line":5,"column":28}},"3":{"start":{"line":8,"column":21},"end":{"line":13,"column":1}},"4":{"start":{"line":9,"column":2},"end":{"line":12,"column":4}},"5":{"start":{"line":15,"column":13},"end":{"line":20,"column":2}},"6":{"start":{"line":15,"column":26},"end":{"line":15,"column":34}},"7":{"start":{"line":15,"column":55},"end":{"line":20,"column":1}},"8":{"start":{"line":22,"column":27},"end":{"line":22,"column":71}},"9":{"start":{"line":22,"column":45},"end":{"line":22,"column":71}},"10":{"start":{"line":24,"column":28},"end":{"line":37,"column":1}},"11":{"start":{"line":25,"column":16},"end":{"line":25,"column":31}},"12":{"start":{"line":27,"column":2},"end":{"line":36,"column":5}},"13":{"start":{"line":28,"column":23},"end":{"line":28,"column":47}},"14":{"start":{"line":29,"column":4},"end":{"line":33,"column":5}},"15":{"start":{"line":30,"column":6},"end":{"line":30,"column":61}},"16":{"start":{"line":30,"column":22},"end":{"line":30,"column":61}},"17":{"start":{"line":32,"column":6},"end":{"line":32,"column":45}},"18":{"start":{"line":35,"column":4},"end":{"line":35,"column":69}},"19":{"start":{"line":39,"column":29},"end":{"line":50,"column":1}},"20":{"start":{"line":40,"column":16},"end":{"line":40,"column":32}},"21":{"start":{"line":42,"column":2},"end":{"line":49,"column":5}},"22":{"start":{"line":43,"column":23},"end":{"line":43,"column":60}},"23":{"start":{"line":44,"column":4},"end":{"line":46,"column":5}},"24":{"start":{"line":45,"column":6},"end":{"line":45,"column":55}},"25":{"start":{"line":48,"column":4},"end":{"line":48,"column":69}},"26":{"start":{"line":52,"column":13},"end":{"line":65,"column":2}},"27":{"start":{"line":53,"column":16},"end":{"line":53,"column":36}},"28":{"start":{"line":55,"column":2},"end":{"line":55,"column":24}},"29":{"start":{"line":55,"column":17},"end":{"line":55,"column":24}},"30":{"start":{"line":56,"column":21},"end":{"line":56,"column":43}},"31":{"start":{"line":58,"column":2},"end":{"line":60,"column":3}},"32":{"start":{"line":59,"column":4},"end":{"line":59,"column":23}},"33":{"start":{"line":62,"column":2},"end":{"line":64,"column":5}},"34":{"start":{"line":63,"column":4},"end":{"line":63,"column":83}}},"fnMap":{"0":{"name":"(anonymous_1)","decl":{"start":{"line":4,"column":23},"end":{"line":4,"column":23}},"loc":{"start":{"line":4,"column":36},"end":{"line":6,"column":1}}},"1":{"name":"(anonymous_2)","decl":{"start":{"line":8,"column":21},"end":{"line":8,"column":21}},"loc":{"start":{"line":8,"column":34},"end":{"line":13,"column":1}}},"2":{"name":"(anonymous_3)","decl":{"start":{"line":15,"column":23},"end":{"line":15,"column":23}},"loc":{"start":{"line":15,"column":50},"end":{"line":20,"column":1}}},"3":{"name":"(anonymous_4)","decl":{"start":{"line":22,"column":27},"end":{"line":22,"column":27}},"loc":{"start":{"line":22,"column":40},"end":{"line":22,"column":71}}},"4":{"name":"(anonymous_5)","decl":{"start":{"line":24,"column":28},"end":{"line":24,"column":28}},"loc":{"start":{"line":24,"column":62},"end":{"line":37,"column":1}}},"5":{"name":"(anonymous_6)","decl":{"start":{"line":27,"column":19},"end":{"line":27,"column":19}},"loc":{"start":{"line":27,"column":31},"end":{"line":36,"column":3}}},"6":{"name":"(anonymous_7)","decl":{"start":{"line":39,"column":29},"end":{"line":39,"column":29}},"loc":{"start":{"line":39,"column":63},"end":{"line":50,"column":1}}},"7":{"name":"(anonymous_8)","decl":{"start":{"line":42,"column":19},"end":{"line":42,"column":19}},"loc":{"start":{"line":42,"column":31},"end":{"line":49,"column":3}}},"8":{"name":"(anonymous_9)","decl":{"start":{"line":52,"column":28},"end":{"line":52,"column":28}},"loc":{"start":{"line":52,"column":41},"end":{"line":65,"column":1}}},"9":{"name":"(anonymous_10)","decl":{"start":{"line":62,"column":19},"end":{"line":62,"column":19}},"loc":{"start":{"line":62,"column":31},"end":{"line":64,"column":3}}}},"branchMap":{"0":{"loc":{"start":{"line":29,"column":4},"end":{"line":33,"column":5}},"type":"if","locations":[{"start":{"line":29,"column":4},"end":{"line":33,"column":5}},{"start":{"line":29,"column":4},"end":{"line":33,"column":5}}]},"1":{"loc":{"start":{"line":30,"column":6},"end":{"line":30,"column":61}},"type":"if","locations":[{"start":{"line":30,"column":6},"end":{"line":30,"column":61}},{"start":{"line":30,"column":6},"end":{"line":30,"column":61}}]},"2":{"loc":{"start":{"line":44,"column":4},"end":{"line":46,"column":5}},"type":"if","locations":[{"start":{"line":44,"column":4},"end":{"line":46,"column":5}},{"start":{"line":44,"column":4},"end":{"line":46,"column":5}}]},"3":{"loc":{"start":{"line":55,"column":2},"end":{"line":55,"column":24}},"type":"if","locations":[{"start":{"line":55,"column":2},"end":{"line":55,"column":24}},{"start":{"line":55,"column":2},"end":{"line":55,"column":24}}]},"4":{"loc":{"start":{"line":58,"column":2},"end":{"line":60,"column":3}},"type":"if","locations":[{"start":{"line":58,"column":2},"end":{"line":60,"column":3}},{"start":{"line":58,"column":2},"end":{"line":60,"column":3}}]}},"s":{"0":1,"1":1,"2":22,"3":1,"4":22,"5":1,"6":158,"7":158,"8":1,"9":390,"10":1,"11":260,"12":260,"13":390,"14":390,"15":65,"16":52,"17":13,"18":325,"19":1,"20":158,"21":158,"22":260,"23":260,"24":51,"25":209,"26":1,"27":22,"28":22,"29":0,"30":22,"31":22,"32":6,"33":22,"34":158},"f":{"0":22,"1":22,"2":158,"3":390,"4":260,"5":390,"6":158,"7":260,"8":22,"9":158},"b":{"0":[65,325],"1":[52,13],"2":[51,209],"3":[0,22],"4":[6,16]}}
,"C:\\Users\\arckm\\Documents\\GitHub\\AP-CSE-APP\\src\\components\\NavBar\\MainMenu.tsx": {"path":"C:\\Users\\arckm\\Documents\\GitHub\\AP-CSE-APP\\src\\components\\NavBar\\MainMenu.tsx","statementMap":{"0":{"start":{"line":1,"column":0},"end":{"line":1,"column":25}},"1":{"start":{"line":2,"column":0},"end":{"line":2,"column":40}},"2":{"start":{"line":3,"column":0},"end":{"line":3,"column":40}},"3":{"start":{"line":4,"column":0},"end":{"line":4,"column":55}},"4":{"start":{"line":16,"column":13},"end":{"line":34,"column":2}},"5":{"start":{"line":16,"column":27},"end":{"line":16,"column":31}},"6":{"start":{"line":16,"column":33},"end":{"line":16,"column":37}},"7":{"start":{"line":16,"column":72},"end":{"line":34,"column":1}},"8":{"start":{"line":36,"column":13},"end":{"line":60,"column":2}},"9":{"start":{"line":37,"column":36},"end":{"line":40,"column":3}},"10":{"start":{"line":41,"column":15},"end":{"line":41,"column":75}},"11":{"start":{"line":42,"column":17},"end":{"line":42,"column":81}},"12":{"start":{"line":43,"column":18},"end":{"line":43,"column":80}},"13":{"start":{"line":44,"column":15},"end":{"line":44,"column":75}},"14":{"start":{"line":46,"column":2},"end":{"line":59,"column":4}}},"fnMap":{"0":{"name":"(anonymous_3)","decl":{"start":{"line":16,"column":24},"end":{"line":16,"column":24}},"loc":{"start":{"line":16,"column":54},"end":{"line":34,"column":1}}},"1":{"name":"(anonymous_4)","decl":{"start":{"line":36,"column":24},"end":{"line":null,"column":-1}},"loc":{"start":{"line":36,"column":24},"end":{"line":60,"column":1}}}},"branchMap":{},"s":{"0":1,"1":1,"2":1,"3":1,"4":1,"5":4,"6":4,"7":4,"8":1,"9":1,"10":1,"11":1,"12":1,"13":1,"14":1},"f":{"0":4,"1":1},"b":{}}
,"C:\\Users\\arckm\\Documents\\GitHub\\AP-CSE-APP\\src\\components\\NavBar\\NavBar.storybook.tsx": {"path":"C:\\Users\\arckm\\Documents\\GitHub\\AP-CSE-APP\\src\\components\\NavBar\\NavBar.storybook.tsx","statementMap":{"0":{"start":{"line":1,"column":0},"end":{"line":1,"column":25}},"1":{"start":{"line":2,"column":0},"end":{"line":2,"column":44}},"2":{"start":{"line":3,"column":0},"end":{"line":3,"column":48}},"3":{"start":{"line":5,"column":0},"end":{"line":5,"column":26}},"4":{"start":{"line":7,"column":0},"end":{"line":9,"column":87}},"5":{"start":{"line":9,"column":23},"end":{"line":9,"column":85}}},"fnMap":{"0":{"name":"(anonymous_1)","decl":{"start":{"line":9,"column":17},"end":{"line":9,"column":22}},"loc":{"start":{"line":9,"column":17},"end":{"line":9,"column":85}}}},"branchMap":{},"s":{"0":1,"1":1,"2":1,"3":1,"4":1,"5":1},"f":{"0":1},"b":{}}
,"C:\\Users\\arckm\\Documents\\GitHub\\AP-CSE-APP\\src\\components\\NavBar\\index.tsx": {"path":"C:\\Users\\arckm\\Documents\\GitHub\\AP-CSE-APP\\src\\components\\NavBar\\index.tsx","statementMap":{"0":{"start":{"line":1,"column":0},"end":{"line":1,"column":25}},"1":{"start":{"line":2,"column":0},"end":{"line":2,"column":48}},"2":{"start":{"line":3,"column":0},"end":{"line":3,"column":48}},"3":{"start":{"line":4,"column":0},"end":{"line":4,"column":56}},"4":{"start":{"line":5,"column":0},"end":{"line":5,"column":40}},"5":{"start":{"line":6,"column":0},"end":{"line":6,"column":48}},"6":{"start":{"line":9,"column":23},"end":{"line":9,"column":97}},"7":{"start":{"line":17,"column":13},"end":{"line":40,"column":2}},"8":{"start":{"line":17,"column":39},"end":{"line":40,"column":1}},"9":{"start":{"line":42,"column":13},"end":{"line":108,"column":2}},"10":{"start":{"line":43,"column":36},"end":{"line":46,"column":3}},"11":{"start":{"line":47,"column":15},"end":{"line":47,"column":49}},"12":{"start":{"line":48,"column":15},"end":{"line":48,"column":43}},"13":{"start":{"line":50,"column":2},"end":{"line":107,"column":4}}},"fnMap":{"0":{"name":"(anonymous_3)","decl":{"start":{"line":17,"column":20},"end":{"line":17,"column":38}},"loc":{"start":{"line":17,"column":20},"end":{"line":40,"column":1}}},"1":{"name":"(anonymous_4)","decl":{"start":{"line":42,"column":22},"end":{"line":42,"column":22}},"loc":{"start":{"line":42,"column":41},"end":{"line":108,"column":1}}}},"branchMap":{},"s":{"0":1,"1":1,"2":1,"3":1,"4":1,"5":1,"6":1,"7":1,"8":1,"9":1,"10":1,"11":1,"12":1,"13":1},"f":{"0":1,"1":1},"b":{}}
,"C:\\Users\\arckm\\Documents\\GitHub\\AP-CSE-APP\\src\\components\\SbNavLink\\index.tsx": {"path":"C:\\Users\\arckm\\Documents\\GitHub\\AP-CSE-APP\\src\\components\\SbNavLink\\index.tsx","statementMap":{"0":{"start":{"line":1,"column":0},"end":{"line":1,"column":25}},"1":{"start":{"line":8,"column":13},"end":{"line":20,"column":2}},"2":{"start":{"line":8,"column":28},"end":{"line":8,"column":31}},"3":{"start":{"line":8,"column":33},"end":{"line":8,"column":40}},"4":{"start":{"line":9,"column":2},"end":{"line":19,"column":4}}},"fnMap":{"0":{"name":"(anonymous_1)","decl":{"start":{"line":8,"column":25},"end":{"line":8,"column":25}},"loc":{"start":{"line":8,"column":58},"end":{"line":20,"column":1}}}},"branchMap":{},"s":{"0":1,"1":1,"2":6,"3":6,"4":6},"f":{"0":6},"b":{}}
,"C:\\Users\\arckm\\Documents\\GitHub\\AP-CSE-APP\\src\\components\\SearchBar\\SearchBar.storybook.tsx": {"path":"C:\\Users\\arckm\\Documents\\GitHub\\AP-CSE-APP\\src\\components\\SearchBar\\SearchBar.storybook.tsx","statementMap":{"0":{"start":{"line":1,"column":0},"end":{"line":1,"column":25}},"1":{"start":{"line":2,"column":0},"end":{"line":2,"column":44}},"2":{"start":{"line":3,"column":0},"end":{"line":3,"column":48}},"3":{"start":{"line":5,"column":0},"end":{"line":5,"column":29}},"4":{"start":{"line":7,"column":0},"end":{"line":9,"column":41}},"5":{"start":{"line":9,"column":26},"end":{"line":9,"column":39}}},"fnMap":{"0":{"name":"(anonymous_1)","decl":{"start":{"line":9,"column":20},"end":{"line":9,"column":25}},"loc":{"start":{"line":9,"column":20},"end":{"line":9,"column":39}}}},"branchMap":{},"s":{"0":1,"1":1,"2":1,"3":1,"4":1,"5":1},"f":{"0":1},"b":{}}
,"C:\\Users\\arckm\\Documents\\GitHub\\AP-CSE-APP\\src\\components\\SearchBar\\index.tsx": {"path":"C:\\Users\\arckm\\Documents\\GitHub\\AP-CSE-APP\\src\\components\\SearchBar\\index.tsx","statementMap":{"0":{"start":{"line":1,"column":0},"end":{"line":1,"column":25}},"1":{"start":{"line":2,"column":0},"end":{"line":2,"column":38}},"2":{"start":{"line":3,"column":0},"end":{"line":3,"column":40}},"3":{"start":{"line":5,"column":13},"end":{"line":42,"column":2}},"4":{"start":{"line":5,"column":44},"end":{"line":42,"column":1}}},"fnMap":{"0":{"name":"(anonymous_1)","decl":{"start":{"line":5,"column":25},"end":{"line":5,"column":43}},"loc":{"start":{"line":5,"column":25},"end":{"line":42,"column":1}}}},"branchMap":{},"s":{"0":1,"1":1,"2":1,"3":1,"4":3},"f":{"0":3},"b":{}}
,"C:\\Users\\arckm\\Documents\\GitHub\\AP-CSE-APP\\src\\components\\SearchPage\\SearchPage.storybook.tsx": {"path":"C:\\Users\\arckm\\Documents\\GitHub\\AP-CSE-APP\\src\\components\\SearchPage\\SearchPage.storybook.tsx","statementMap":{"0":{"start":{"line":1,"column":0},"end":{"line":1,"column":25}},"1":{"start":{"line":2,"column":0},"end":{"line":2,"column":44}},"2":{"start":{"line":3,"column":0},"end":{"line":3,"column":48}},"3":{"start":{"line":4,"column":0},"end":{"line":4,"column":47}},"4":{"start":{"line":8,"column":45},"end":{"line":42,"column":1}},"5":{"start":{"line":45,"column":0},"end":{"line":47,"column":68}},"6":{"start":{"line":47,"column":27},"end":{"line":47,"column":66}}},"fnMap":{"0":{"name":"(anonymous_3)","decl":{"start":{"line":47,"column":21},"end":{"line":47,"column":26}},"loc":{"start":{"line":47,"column":21},"end":{"line":47,"column":66}}}},"branchMap":{},"s":{"0":1,"1":1,"2":1,"3":1,"4":1,"5":1,"6":1},"f":{"0":1},"b":{}}
,"C:\\Users\\arckm\\Documents\\GitHub\\AP-CSE-APP\\src\\components\\SearchPage\\index.tsx": {"path":"C:\\Users\\arckm\\Documents\\GitHub\\AP-CSE-APP\\src\\components\\SearchPage\\index.tsx","statementMap":{"0":{"start":{"line":1,"column":0},"end":{"line":1,"column":25}},"1":{"start":{"line":3,"column":0},"end":{"line":3,"column":59}},"2":{"start":{"line":4,"column":0},"end":{"line":4,"column":40}},"3":{"start":{"line":5,"column":0},"end":{"line":5,"column":38}},"4":{"start":{"line":6,"column":0},"end":{"line":6,"column":71}},"5":{"start":{"line":13,"column":17},"end":{"line":18,"column":1}},"6":{"start":{"line":20,"column":18},"end":{"line":24,"column":1}},"7":{"start":{"line":26,"column":20},"end":{"line":29,"column":1}},"8":{"start":{"line":31,"column":13},"end":{"line":44,"column":2}},"9":{"start":{"line":31,"column":67},"end":{"line":44,"column":1}}},"fnMap":{"0":{"name":"(anonymous_3)","decl":{"start":{"line":31,"column":26},"end":{"line":31,"column":26}},"loc":{"start":{"line":31,"column":49},"end":{"line":44,"column":1}}}},"branchMap":{},"s":{"0":1,"1":1,"2":1,"3":1,"4":1,"5":1,"6":1,"7":1,"8":1,"9":1},"f":{"0":1},"b":{}}
,"C:\\Users\\arckm\\Documents\\GitHub\\AP-CSE-APP\\src\\components\\TitleBar\\DownloadBtn.tsx": {"path":"C:\\Users\\arckm\\Documents\\GitHub\\AP-CSE-APP\\src\\components\\TitleBar\\DownloadBtn.tsx","statementMap":{"0":{"start":{"line":1,"column":0},"end":{"line":1,"column":25}},"1":{"start":{"line":2,"column":0},"end":{"line":2,"column":40}},"2":{"start":{"line":3,"column":0},"end":{"line":3,"column":40}},"3":{"start":{"line":22,"column":13},"end":{"line":38,"column":2}},"4":{"start":{"line":22,"column":30},"end":{"line":22,"column":33}},"5":{"start":{"line":22,"column":35},"end":{"line":22,"column":43}},"6":{"start":{"line":22,"column":68},"end":{"line":38,"column":1}}},"fnMap":{"0":{"name":"(anonymous_1)","decl":{"start":{"line":22,"column":27},"end":{"line":22,"column":27}},"loc":{"start":{"line":22,"column":63},"end":{"line":38,"column":1}}}},"branchMap":{},"s":{"0":1,"1":1,"2":1,"3":1,"4":3,"5":3,"6":3},"f":{"0":3},"b":{}}
,"C:\\Users\\arckm\\Documents\\GitHub\\AP-CSE-APP\\src\\components\\TitleBar\\TitleBar.storybook.tsx": {"path":"C:\\Users\\arckm\\Documents\\GitHub\\AP-CSE-APP\\src\\components\\TitleBar\\TitleBar.storybook.tsx","statementMap":{"0":{"start":{"line":1,"column":0},"end":{"line":1,"column":25}},"1":{"start":{"line":2,"column":0},"end":{"line":2,"column":44}},"2":{"start":{"line":3,"column":0},"end":{"line":3,"column":48}},"3":{"start":{"line":4,"column":0},"end":{"line":4,"column":51}},"4":{"start":{"line":6,"column":0},"end":{"line":6,"column":61}},"5":{"start":{"line":7,"column":0},"end":{"line":7,"column":49}},"6":{"start":{"line":9,"column":42},"end":{"line":12,"column":1}},"7":{"start":{"line":13,"column":37},"end":{"line":18,"column":1}},"8":{"start":{"line":19,"column":17},"end":{"line":24,"column":1}},"9":{"start":{"line":26,"column":11},"end":{"line":29,"column":1}},"10":{"start":{"line":31,"column":0},"end":{"line":64,"column":5}},"11":{"start":{"line":33,"column":53},"end":{"line":37,"column":3}},"12":{"start":{"line":38,"column":42},"end":{"line":42,"column":3}},"13":{"start":{"line":43,"column":54},"end":{"line":53,"column":3}},"14":{"start":{"line":54,"column":50},"end":{"line":64,"column":3}}},"fnMap":{"0":{"name":"(anonymous_3)","decl":{"start":{"line":33,"column":47},"end":{"line":33,"column":52}},"loc":{"start":{"line":33,"column":47},"end":{"line":37,"column":3}}},"1":{"name":"(anonymous_4)","decl":{"start":{"line":38,"column":36},"end":{"line":38,"column":41}},"loc":{"start":{"line":38,"column":36},"end":{"line":42,"column":3}}},"2":{"name":"(anonymous_5)","decl":{"start":{"line":43,"column":48},"end":{"line":43,"column":53}},"loc":{"start":{"line":43,"column":48},"end":{"line":53,"column":3}}},"3":{"name":"(anonymous_6)","decl":{"start":{"line":54,"column":44},"end":{"line":54,"column":49}},"loc":{"start":{"line":54,"column":44},"end":{"line":64,"column":3}}}},"branchMap":{},"s":{"0":1,"1":1,"2":1,"3":1,"4":1,"5":1,"6":1,"7":1,"8":1,"9":1,"10":1,"11":1,"12":1,"13":1,"14":1},"f":{"0":1,"1":1,"2":1,"3":1},"b":{}}
,"C:\\Users\\arckm\\Documents\\GitHub\\AP-CSE-APP\\src\\components\\TitleBar\\index.tsx": {"path":"C:\\Users\\arckm\\Documents\\GitHub\\AP-CSE-APP\\src\\components\\TitleBar\\index.tsx","statementMap":{"0":{"start":{"line":1,"column":0},"end":{"line":1,"column":25}},"1":{"start":{"line":2,"column":0},"end":{"line":2,"column":61}},"2":{"start":{"line":3,"column":0},"end":{"line":3,"column":40}},"3":{"start":{"line":27,"column":13},"end":{"line":103,"column":2}},"4":{"start":{"line":28,"column":2},"end":{"line":28,"column":12}},"5":{"start":{"line":29,"column":2},"end":{"line":29,"column":11}},"6":{"start":{"line":30,"column":2},"end":{"line":30,"column":13}},"7":{"start":{"line":31,"column":2},"end":{"line":31,"column":12}},"8":{"start":{"line":32,"column":2},"end":{"line":32,"column":18}},"9":{"start":{"line":33,"column":21},"end":{"line":103,"column":1}}},"fnMap":{"0":{"name":"(anonymous_1)","decl":{"start":{"line":27,"column":24},"end":{"line":27,"column":24}},"loc":{"start":{"line":33,"column":16},"end":{"line":103,"column":1}}}},"branchMap":{"0":{"loc":{"start":{"line":36,"column":7},"end":{"line":36,"column":17}},"type":"binary-expr","locations":[{"start":{"line":36,"column":7},"end":{"line":36,"column":17}},{"start":{"line":37,"column":8},"end":{"line":39,"column":13}}]},"1":{"loc":{"start":{"line":41,"column":7},"end":{"line":41,"column":16}},"type":"binary-expr","locations":[{"start":{"line":41,"column":7},"end":{"line":41,"column":16}},{"start":{"line":42,"column":8},"end":{"line":44,"column":13}}]},"2":{"loc":{"start":{"line":46,"column":7},"end":{"line":46,"column":18}},"type":"binary-expr","locations":[{"start":{"line":46,"column":7},"end":{"line":46,"column":18}},{"start":{"line":47,"column":8},"end":{"line":49,"column":13}}]},"3":{"loc":{"start":{"line":51,"column":7},"end":{"line":51,"column":17}},"type":"binary-expr","locations":[{"start":{"line":51,"column":7},"end":{"line":51,"column":17}},{"start":{"line":52,"column":8},"end":{"line":54,"column":13}}]},"4":{"loc":{"start":{"line":56,"column":7},"end":{"line":56,"column":23}},"type":"binary-expr","locations":[{"start":{"line":56,"column":7},"end":{"line":56,"column":23}},{"start":{"line":57,"column":8},"end":{"line":59,"column":13}}]}},"s":{"0":1,"1":1,"2":1,"3":1,"4":4,"5":4,"6":4,"7":4,"8":4,"9":4},"f":{"0":4},"b":{"0":[4,4],"1":[4,2],"2":[4,1],"3":[4,1],"4":[4,2]}}
,"C:\\Users\\arckm\\Documents\\GitHub\\AP-CSE-APP\\src\\constants\\index.ts": {"path":"C:\\Users\\arckm\\Documents\\GitHub\\AP-CSE-APP\\src\\constants\\index.ts","statementMap":{"0":{"start":{"line":1,"column":0},"end":{"line":9,"column":1}},"1":{"start":{"line":2,"column":2},"end":{"line":2,"column":21}},"2":{"start":{"line":3,"column":2},"end":{"line":3,"column":20}},"3":{"start":{"line":4,"column":2},"end":{"line":4,"column":27}},"4":{"start":{"line":5,"column":2},"end":{"line":5,"column":20}},"5":{"start":{"line":6,"column":2},"end":{"line":6,"column":26}},"6":{"start":{"line":7,"column":2},"end":{"line":7,"column":27}},"7":{"start":{"line":8,"column":2},"end":{"line":8,"column":28}},"8":{"start":{"line":11,"column":0},"end":{"line":18,"column":1}},"9":{"start":{"line":12,"column":2},"end":{"line":12,"column":48}},"10":{"start":{"line":13,"column":2},"end":{"line":13,"column":22}},"11":{"start":{"line":14,"column":2},"end":{"line":14,"column":21}},"12":{"start":{"line":15,"column":2},"end":{"line":15,"column":28}},"13":{"start":{"line":16,"column":2},"end":{"line":16,"column":28}},"14":{"start":{"line":17,"column":2},"end":{"line":17,"column":22}},"15":{"start":{"line":20,"column":13},"end":{"line":22,"column":2}}},"fnMap":{"0":{"name":"(anonymous_0)","decl":{"start":{"line":1,"column":0},"end":{"line":1,"column":11}},"loc":{"start":{"line":1,"column":18},"end":{"line":9,"column":1}}},"1":{"name":"(anonymous_1)","decl":{"start":{"line":11,"column":0},"end":{"line":11,"column":11}},"loc":{"start":{"line":11,"column":18},"end":{"line":18,"column":1}}}},"branchMap":{"0":{"loc":{"start":{"line":1,"column":12},"end":{"line":1,"column":18}},"type":"binary-expr","locations":[{"start":{"line":1,"column":12},"end":{"line":1,"column":18}},{"start":{"line":1,"column":12},"end":{"line":1,"column":18}}]},"1":{"loc":{"start":{"line":11,"column":12},"end":{"line":11,"column":18}},"type":"binary-expr","locations":[{"start":{"line":11,"column":12},"end":{"line":11,"column":18}},{"start":{"line":11,"column":12},"end":{"line":11,"column":18}}]}},"s":{"0":4,"1":4,"2":4,"3":4,"4":4,"5":4,"6":4,"7":4,"8":4,"9":4,"10":4,"11":4,"12":4,"13":4,"14":4,"15":4},"f":{"0":4,"1":4},"b":{"0":[4,4],"1":[4,4]}}
}
