TN:
SF:C:\Users\arckm\Documents\GitHub\AP-CSE-APP\.storybook\config.js
FN:9,(anonymous_0)
FN:12,loadStories
FN:15,(anonymous_2)
FNF:3
FNH:3
FNDA:25,(anonymous_0)
FNDA:1,loadStories
FNDA:12,(anonymous_2)
DA:9,25
DA:10,1
DA:13,1
DA:15,12
DA:19,1
LF:5
LH:5
BRF:0
BRH:0
end_of_record
TN:
SF:C:\Users\arckm\Documents\GitHub\AP-CSE-APP\.storybook\jestSetup.js
FNF:0
FNH:0
DA:5,5
DA:6,5
LF:2
LH:2
BRF:0
BRH:0
end_of_record
TN:
SF:C:\Users\arckm\Documents\GitHub\AP-CSE-APP\src\components\Breadcrumbs\BreadcrumbLink.tsx
FN:30,(anonymous_1)
FNF:1
FNH:1
FNDA:5,(anonymous_1)
DA:1,1
DA:2,1
DA:16,1
DA:30,5
LF:4
LH:4
BRF:0
BRH:0
end_of_record
TN:
SF:C:\Users\arckm\Documents\GitHub\AP-CSE-APP\src\components\Breadcrumbs\BreadcrumbModel.ts
FN:5,(anonymous_0)
FN:14,(anonymous_1)
FN:28,(anonymous_2)
FNF:3
FNH:3
FNDA:1,(anonymous_0)
FNDA:1,(anonymous_1)
FNDA:1,(anonymous_2)
DA:5,1
DA:6,1
DA:7,1
DA:14,1
DA:15,1
DA:16,1
DA:17,1
DA:18,1
DA:19,1
DA:20,1
DA:21,1
DA:28,1
DA:29,1
DA:30,1
DA:31,1
DA:32,1
LF:16
LH:16
BRDA:5,0,0,1
BRDA:5,0,1,1
BRDA:14,1,0,1
BRDA:14,1,1,1
BRDA:28,2,0,1
BRDA:28,2,1,1
BRF:6
BRH:6
end_of_record
TN:
SF:C:\Users\arckm\Documents\GitHub\AP-CSE-APP\src\components\Breadcrumbs\Breadcrumbs.storybook.tsx
FN:30,(anonymous_1)
FN:31,(anonymous_2)
FN:42,(anonymous_3)
FN:52,(anonymous_4)
FNF:4
FNH:4
FNDA:3,(anonymous_1)
FNDA:1,(anonymous_2)
FNDA:1,(anonymous_3)
FNDA:1,(anonymous_4)
DA:1,1
DA:2,1
DA:4,1
DA:5,1
DA:6,1
DA:7,1
DA:8,1
DA:10,1
DA:16,1
DA:18,1
DA:25,1
DA:29,1
DA:30,3
DA:31,1
DA:42,1
DA:52,1
LF:16
LH:16
BRF:0
BRH:0
end_of_record
TN:
SF:C:\Users\arckm\Documents\GitHub\AP-CSE-APP\src\components\Breadcrumbs\index.tsx
FN:32,(anonymous_1)
FNF:1
FNH:1
FNDA:2,(anonymous_1)
DA:1,1
DA:2,1
DA:3,1
DA:5,1
DA:19,1
DA:32,2
LF:6
LH:6
BRDA:42,0,0,2
BRDA:42,0,1,1
BRDA:43,1,0,2
BRDA:43,1,1,1
BRDA:43,1,2,1
BRDA:45,2,0,2
BRDA:45,2,1,1
BRDA:45,2,2,1
BRDA:45,2,3,1
BRDA:50,3,0,2
BRDA:50,3,1,1
BRDA:50,3,2,1
BRDA:50,3,3,1
BRDA:50,3,4,1
BRF:14
BRH:14
end_of_record
TN:
SF:C:\Users\arckm\Documents\GitHub\AP-CSE-APP\src\components\ContentNav\ContentNav.storybook.tsx
FN:12,(anonymous_1)
FNF:1
FNH:1
FNDA:1,(anonymous_1)
DA:1,1
DA:2,1
DA:3,1
DA:5,1
DA:8,1
DA:10,1
DA:12,1
LF:7
LH:7
BRF:0
BRH:0
end_of_record
TN:
SF:C:\Users\arckm\Documents\GitHub\AP-CSE-APP\src\components\ContentNav\index.tsx
FN:32,(anonymous_9)
FN:33,ContentNav
FN:59,(anonymous_11)
FN:61,(anonymous_12)
FN:64,(anonymous_13)
FN:80,(anonymous_14)
FN:81,(anonymous_15)
FN:85,(anonymous_16)
FN:96,(anonymous_17)
FN:98,(anonymous_18)
FN:40,(anonymous_19)
FN:41,(anonymous_20)
FN:46,(anonymous_21)
FN:109,(anonymous_22)
FN:113,(anonymous_23)
FN:125,(anonymous_24)
FNF:16
FNH:16
FNDA:2,(anonymous_9)
FNDA:5,ContentNav
FNDA:1,(anonymous_11)
FNDA:7,(anonymous_12)
FNDA:3,(anonymous_13)
FNDA:1,(anonymous_14)
FNDA:7,(anonymous_15)
FNDA:3,(anonymous_16)
FNDA:4,(anonymous_17)
FNDA:28,(anonymous_18)
FNDA:5,(anonymous_19)
FNDA:35,(anonymous_20)
FNDA:15,(anonymous_21)
FNDA:11,(anonymous_22)
FNDA:77,(anonymous_23)
FNDA:33,(anonymous_24)
DA:1,2
DA:4,2
DA:5,2
DA:32,2
DA:34,5
DA:35,5
DA:40,5
DA:41,5
DA:42,35
DA:43,35
DA:44,35
DA:45,35
DA:46,5
DA:47,15
DA:49,15
DA:52,5
DA:55,35
DA:59,5
DA:60,1
DA:61,1
DA:62,7
DA:63,7
DA:64,1
DA:65,3
DA:66,3
DA:68,3
DA:72,7
DA:75,1
DA:80,5
DA:81,1
DA:82,7
DA:84,7
DA:85,3
DA:88,7
DA:91,1
DA:96,5
DA:97,4
DA:98,4
DA:99,28
DA:101,28
DA:104,4
DA:109,11
DA:110,11
DA:113,77
DA:114,77
DA:126,33
DA:151,2
LF:47
LH:47
BRDA:34,0,0,5
BRDA:34,0,1,5
BRDA:63,1,0,1
BRDA:63,1,1,6
BRDA:66,2,0,1
BRDA:66,2,1,2
BRDA:84,3,0,1
BRDA:84,3,1,6
BRDA:99,4,0,4
BRDA:99,4,1,24
BRDA:45,5,0,5
BRDA:45,5,1,30
BRDA:124,6,0,77
BRDA:124,6,1,11
BRF:14
BRH:14
end_of_record
TN:
SF:C:\Users\arckm\Documents\GitHub\AP-CSE-APP\src\components\ContentNav\Item\Item.storybook.tsx
FN:11,(anonymous_1)
FN:12,(anonymous_2)
FN:17,(anonymous_3)
FN:23,(anonymous_4)
FN:36,(anonymous_5)
FN:37,(anonymous_6)
FN:42,(anonymous_7)
FNF:7
FNH:7
FNDA:1,(anonymous_1)
FNDA:1,(anonymous_2)
FNDA:1,(anonymous_3)
FNDA:1,(anonymous_4)
FNDA:1,(anonymous_5)
FNDA:1,(anonymous_6)
FNDA:1,(anonymous_7)
DA:1,1
DA:2,1
DA:3,1
DA:5,1
DA:6,1
DA:7,1
DA:9,1
DA:11,1
DA:12,1
DA:17,1
DA:23,1
DA:34,1
DA:36,1
DA:37,1
DA:42,1
LF:15
LH:15
BRF:0
BRH:0
end_of_record
TN:
SF:C:\Users\arckm\Documents\GitHub\AP-CSE-APP\src\components\ContentNav\Item\index.tsx
FN:24,(anonymous_1)
FN:28,(anonymous_2)
FN:37,(anonymous_3)
FN:55,(anonymous_4)
FN:59,(anonymous_5)
FNF:5
FNH:5
FNDA:18,(anonymous_1)
FNDA:2,(anonymous_2)
FNDA:4,(anonymous_3)
FNDA:85,(anonymous_4)
FNDA:2,(anonymous_5)
DA:1,3
DA:2,3
DA:3,3
DA:24,18
DA:25,18
DA:26,8
DA:29,2
DA:35,10
DA:38,4
DA:55,85
DA:56,85
DA:60,2
LF:12
LH:12
BRDA:25,0,0,8
BRDA:25,0,1,10
BRDA:29,1,0,1
BRDA:29,1,1,1
BRDA:38,2,0,3
BRDA:38,2,1,1
BRDA:60,3,0,1
BRDA:60,3,1,1
BRDA:64,4,0,7
BRDA:64,4,1,78
BRDA:68,5,0,85
BRDA:68,5,1,16
BRDA:72,6,0,7
BRDA:72,6,1,78
BRF:14
BRH:14
end_of_record
TN:
SF:C:\Users\arckm\Documents\GitHub\AP-CSE-APP\src\components\ContentNav\SubItem\SubItem.storybook.tsx
FN:9,(anonymous_1)
FN:10,(anonymous_2)
FNF:2
FNH:2
FNDA:1,(anonymous_1)
FNDA:1,(anonymous_2)
DA:1,1
DA:2,1
DA:3,1
DA:5,1
DA:7,1
DA:9,1
DA:10,1
LF:7
LH:7
BRF:0
BRH:0
end_of_record
TN:
SF:C:\Users\arckm\Documents\GitHub\AP-CSE-APP\src\components\ContentNav\SubItem\index.tsx
FN:24,(anonymous_1)
FN:28,(anonymous_2)
FNF:2
FNH:2
FNDA:43,(anonymous_1)
FNDA:2,(anonymous_2)
DA:1,3
DA:2,3
DA:24,43
DA:25,43
DA:29,2
LF:5
LH:5
BRDA:27,0,0,4
BRDA:27,0,1,39
BRDA:29,1,0,1
BRDA:29,1,1,1
BRF:4
BRH:4
end_of_record
TN:
SF:C:\Users\arckm\Documents\GitHub\AP-CSE-APP\src\components\FilterItem\FilterItem.storybook.tsx
FN:18,(anonymous_3)
FNF:1
FNH:1
FNDA:1,(anonymous_3)
DA:1,1
DA:2,1
DA:3,1
DA:4,1
DA:6,1
DA:16,1
DA:18,1
LF:7
LH:7
BRF:0
BRH:0
end_of_record
TN:
SF:C:\Users\arckm\Documents\GitHub\AP-CSE-APP\src\components\FilterItem\index.tsx
FN:30,(anonymous_1)
FNF:1
FNH:1
FNDA:4,(anonymous_1)
DA:1,1
DA:12,1
DA:17,1
DA:22,1
DA:26,1
DA:30,4
LF:6
LH:6
BRF:0
BRH:0
end_of_record
TN:
SF:C:\Users\arckm\Documents\GitHub\AP-CSE-APP\src\components\FilterItemList\FilterItemList.storybook.tsx
FN:43,(anonymous_3)
FNF:1
FNH:1
FNDA:1,(anonymous_3)
DA:1,1
DA:2,1
DA:3,1
DA:4,1
DA:8,1
DA:41,1
DA:43,1
LF:7
LH:7
BRF:0
BRH:0
end_of_record
TN:
SF:C:\Users\arckm\Documents\GitHub\AP-CSE-APP\src\components\FilterItemList\index.tsx
FN:24,(anonymous_9)
FN:25,FilterItemList
FN:30,(anonymous_11)
FN:34,(anonymous_12)
FNF:4
FNH:4
FNDA:1,(anonymous_9)
FNDA:2,FilterItemList
FNDA:2,(anonymous_11)
FNDA:3,(anonymous_12)
DA:1,1
DA:2,1
DA:12,1
DA:24,1
DA:26,2
DA:27,2
DA:30,1
DA:31,2
DA:33,2
DA:34,3
DA:36,1
DA:46,1
DA:57,2
DA:59,1
LF:14
LH:14
BRDA:26,0,0,2
BRDA:26,0,1,2
BRDA:33,1,0,1
BRDA:33,1,1,1
BRF:4
BRH:4
end_of_record
TN:
SF:C:\Users\arckm\Documents\GitHub\AP-CSE-APP\src\components\HelloWorld\HelloWorld.storybook.tsx
FN:9,(anonymous_1)
FN:10,(anonymous_2)
FNF:2
FNH:2
FNDA:1,(anonymous_1)
FNDA:1,(anonymous_2)
DA:1,1
DA:2,1
DA:3,1
DA:5,1
DA:7,1
DA:9,1
DA:10,1
LF:7
LH:7
BRF:0
BRH:0
end_of_record
TN:
SF:C:\Users\arckm\Documents\GitHub\AP-CSE-APP\src\components\HelloWorld\index.tsx
FN:3,capitalize
FN:12,(anonymous_2)
FNF:2
FNH:2
FNDA:2,capitalize
FNDA:2,(anonymous_2)
DA:1,2
DA:3,2
DA:4,2
DA:12,2
LF:4
LH:4
BRDA:14,0,0,1
BRDA:14,0,1,1
BRF:2
BRH:2
end_of_record
TN:
SF:C:\Users\arckm\Documents\GitHub\AP-CSE-APP\src\components\MainContent\Components.tsx
FN:22,(anonymous_1)
FN:33,(anonymous_2)
FN:38,(anonymous_3)
FN:44,(anonymous_4)
FN:58,(anonymous_5)
FN:70,(anonymous_6)
FNF:6
FNH:6
FNDA:26,(anonymous_1)
FNDA:10,(anonymous_2)
FNDA:18,(anonymous_3)
FNDA:7,(anonymous_4)
FNDA:4,(anonymous_5)
FNDA:12,(anonymous_6)
DA:1,1
DA:2,1
DA:22,26
DA:33,10
DA:38,18
DA:44,7
DA:58,4
DA:70,12
LF:8
LH:8
BRF:0
BRH:0
end_of_record
TN:
SF:C:\Users\arckm\Documents\GitHub\AP-CSE-APP\src\components\MainContent\MainContent.storybook.tsx
FN:18,(anonymous_1)
FNF:1
FNH:1
FNDA:1,(anonymous_1)
DA:1,1
DA:2,1
DA:3,1
DA:5,1
DA:6,1
DA:7,1
DA:9,1
DA:16,1
DA:18,1
LF:9
LH:9
BRF:0
BRH:0
end_of_record
TN:
SF:C:\Users\arckm\Documents\GitHub\AP-CSE-APP\src\components\MainContent\TaskModel.tsx
FN:14,(anonymous_1)
FN:15,(anonymous_2)
FN:15,(anonymous_3)
FN:21,(anonymous_4)
FN:23,(anonymous_5)
FN:26,(anonymous_6)
FN:40,(anonymous_7)
FNF:7
FNH:7
FNDA:6,(anonymous_1)
FNDA:12,(anonymous_2)
FNDA:6,(anonymous_3)
FNDA:3,(anonymous_4)
FNDA:3,(anonymous_5)
FNDA:3,(anonymous_6)
FNDA:3,(anonymous_7)
DA:1,1
DA:2,1
DA:3,1
DA:4,1
DA:14,1
DA:15,12
DA:16,6
DA:18,6
DA:21,3
DA:23,1
DA:24,3
DA:26,1
DA:29,3
DA:30,2
DA:32,1
DA:40,3
DA:41,3
DA:42,3
DA:44,3
LF:19
LH:19
BRDA:29,0,0,1
BRDA:29,0,1,2
BRDA:30,1,0,1
BRDA:30,1,1,1
BRF:4
BRH:4
end_of_record
TN:
SF:C:\Users\arckm\Documents\GitHub\AP-CSE-APP\src\components\MainContent\index.tsx
FN:55,(anonymous_1)
FN:56,(anonymous_2)
FN:60,(anonymous_3)
FN:67,(anonymous_4)
FN:85,(anonymous_5)
FN:92,(anonymous_6)
FN:93,(anonymous_7)
FN:104,(anonymous_8)
FN:110,(anonymous_9)
FN:127,(anonymous_10)
FN:128,(anonymous_11)
FN:141,(anonymous_12)
FNF:12
FNH:12
FNDA:4,(anonymous_1)
FNDA:16,(anonymous_2)
FNDA:52,(anonymous_3)
FNDA:8,(anonymous_4)
FNDA:17,(anonymous_5)
FNDA:1,(anonymous_6)
FNDA:8,(anonymous_7)
FNDA:1,(anonymous_8)
FNDA:3,(anonymous_9)
FNDA:1,(anonymous_10)
FNDA:2,(anonymous_11)
FNDA:1,(anonymous_12)
DA:1,1
DA:2,1
DA:3,1
DA:4,1
DA:55,1
DA:56,4
DA:57,16
DA:60,1
DA:61,52
DA:62,52
DA:64,52
DA:67,1
DA:68,8
DA:69,8
DA:70,3
DA:82,5
DA:85,1
DA:86,17
DA:87,10
DA:89,0
DA:92,1
DA:93,1
DA:94,8
DA:95,8
DA:97,8
DA:104,1
DA:110,1
DA:111,3
DA:112,3
DA:113,3
DA:115,3
DA:127,1
DA:128,1
DA:129,2
DA:141,1
DA:142,1
DA:143,1
DA:144,1
DA:145,1
DA:147,1
DA:149,1
LF:41
LH:40
BRDA:62,0,0,0
BRDA:62,0,1,52
BRDA:69,1,0,3
BRDA:69,1,1,5
BRDA:86,2,0,7
BRDA:86,2,1,10
BRDA:87,3,0,10
BRDA:87,3,1,0
BRF:8
BRH:6
end_of_record
TN:
SF:C:\Users\arckm\Documents\GitHub\AP-CSE-APP\src\components\MainContent\parseUtils.tsx
FN:4,(anonymous_1)
FN:8,(anonymous_2)
FN:15,(anonymous_3)
FN:22,(anonymous_4)
FN:24,(anonymous_5)
FN:27,(anonymous_6)
FN:39,(anonymous_7)
FN:42,(anonymous_8)
FN:52,(anonymous_9)
FN:62,(anonymous_10)
FNF:10
FNH:10
FNDA:22,(anonymous_1)
FNDA:22,(anonymous_2)
FNDA:158,(anonymous_3)
FNDA:390,(anonymous_4)
FNDA:260,(anonymous_5)
FNDA:390,(anonymous_6)
FNDA:158,(anonymous_7)
FNDA:260,(anonymous_8)
FNDA:22,(anonymous_9)
FNDA:158,(anonymous_10)
DA:1,1
DA:4,1
DA:5,22
DA:8,1
DA:9,22
DA:15,158
DA:22,390
DA:24,1
DA:25,260
DA:27,260
DA:28,390
DA:29,390
DA:30,65
DA:32,13
DA:35,325
DA:39,1
DA:40,158
DA:42,158
DA:43,260
DA:44,260
DA:45,51
DA:48,209
DA:52,1
DA:53,22
DA:55,22
DA:56,22
DA:58,22
DA:59,6
DA:62,22
DA:63,158
LF:30
LH:30
BRDA:29,0,0,65
BRDA:29,0,1,325
BRDA:30,1,0,52
BRDA:30,1,1,13
BRDA:44,2,0,51
BRDA:44,2,1,209
BRDA:55,3,0,0
BRDA:55,3,1,22
BRDA:58,4,0,6
BRDA:58,4,1,16
BRF:10
BRH:9
end_of_record
TN:
SF:C:\Users\arckm\Documents\GitHub\AP-CSE-APP\src\components\NavBar\MainMenu.tsx
FN:16,(anonymous_3)
FN:36,(anonymous_4)
FNF:2
FNH:2
FNDA:4,(anonymous_3)
FNDA:1,(anonymous_4)
DA:1,1
DA:2,1
DA:3,1
DA:4,1
DA:16,4
DA:36,1
DA:37,1
DA:41,1
DA:42,1
DA:43,1
DA:44,1
DA:46,1
LF:12
LH:12
BRF:0
BRH:0
end_of_record
TN:
SF:C:\Users\arckm\Documents\GitHub\AP-CSE-APP\src\components\NavBar\NavBar.storybook.tsx
FN:9,(anonymous_1)
FNF:1
FNH:1
FNDA:1,(anonymous_1)
DA:1,1
DA:2,1
DA:3,1
DA:5,1
DA:7,1
DA:9,1
LF:6
LH:6
BRF:0
BRH:0
end_of_record
TN:
SF:C:\Users\arckm\Documents\GitHub\AP-CSE-APP\src\components\NavBar\index.tsx
FN:17,(anonymous_3)
FN:42,(anonymous_4)
FNF:2
FNH:2
FNDA:1,(anonymous_3)
FNDA:1,(anonymous_4)
DA:1,1
DA:2,1
DA:3,1
DA:4,1
DA:5,1
DA:6,1
DA:9,1
DA:17,1
DA:42,1
DA:43,1
DA:47,1
DA:48,1
DA:50,1
LF:13
LH:13
BRF:0
BRH:0
end_of_record
TN:
SF:C:\Users\arckm\Documents\GitHub\AP-CSE-APP\src\components\SbNavLink\index.tsx
FN:8,(anonymous_1)
FNF:1
FNH:1
FNDA:6,(anonymous_1)
DA:1,1
DA:8,6
DA:9,6
LF:3
LH:3
BRF:0
BRH:0
end_of_record
TN:
SF:C:\Users\arckm\Documents\GitHub\AP-CSE-APP\src\components\SearchBar\SearchBar.storybook.tsx
FN:9,(anonymous_1)
FNF:1
FNH:1
FNDA:1,(anonymous_1)
DA:1,1
DA:2,1
DA:3,1
DA:5,1
DA:7,1
DA:9,1
LF:6
LH:6
BRF:0
BRH:0
end_of_record
TN:
SF:C:\Users\arckm\Documents\GitHub\AP-CSE-APP\src\components\SearchBar\index.tsx
FN:5,(anonymous_1)
FNF:1
FNH:1
FNDA:3,(anonymous_1)
DA:1,1
DA:2,1
DA:3,1
DA:5,3
LF:4
LH:4
BRF:0
BRH:0
end_of_record
TN:
SF:C:\Users\arckm\Documents\GitHub\AP-CSE-APP\src\components\SearchPage\SearchPage.storybook.tsx
FN:47,(anonymous_3)
FNF:1
FNH:1
FNDA:1,(anonymous_3)
DA:1,1
DA:2,1
DA:3,1
DA:4,1
DA:8,1
DA:45,1
DA:47,1
LF:7
LH:7
BRF:0
BRH:0
end_of_record
TN:
SF:C:\Users\arckm\Documents\GitHub\AP-CSE-APP\src\components\SearchPage\index.tsx
FN:31,(anonymous_3)
FNF:1
FNH:1
FNDA:1,(anonymous_3)
DA:1,1
DA:3,1
DA:4,1
DA:5,1
DA:6,1
DA:13,1
DA:20,1
DA:26,1
DA:31,1
LF:9
LH:9
BRF:0
BRH:0
end_of_record
TN:
SF:C:\Users\arckm\Documents\GitHub\AP-CSE-APP\src\components\TitleBar\DownloadBtn.tsx
FN:22,(anonymous_1)
FNF:1
FNH:1
FNDA:3,(anonymous_1)
DA:1,1
DA:2,1
DA:3,1
DA:22,3
LF:4
LH:4
BRF:0
BRH:0
end_of_record
TN:
SF:C:\Users\arckm\Documents\GitHub\AP-CSE-APP\src\components\TitleBar\TitleBar.storybook.tsx
FN:33,(anonymous_3)
FN:38,(anonymous_4)
FN:43,(anonymous_5)
FN:54,(anonymous_6)
FNF:4
FNH:4
FNDA:1,(anonymous_3)
FNDA:1,(anonymous_4)
FNDA:1,(anonymous_5)
FNDA:1,(anonymous_6)
DA:1,1
DA:2,1
DA:3,1
DA:4,1
DA:6,1
DA:7,1
DA:9,1
DA:13,1
DA:19,1
DA:26,1
DA:31,1
DA:33,1
DA:38,1
DA:43,1
DA:54,1
LF:15
LH:15
BRF:0
BRH:0
end_of_record
TN:
SF:C:\Users\arckm\Documents\GitHub\AP-CSE-APP\src\components\TitleBar\index.tsx
FN:27,(anonymous_1)
FNF:1
FNH:1
FNDA:4,(anonymous_1)
DA:1,1
DA:2,1
DA:3,1
DA:27,1
DA:28,4
DA:29,4
DA:30,4
DA:31,4
DA:32,4
DA:33,4
LF:10
LH:10
BRDA:36,0,0,4
BRDA:36,0,1,4
BRDA:41,1,0,4
BRDA:41,1,1,2
BRDA:46,2,0,4
BRDA:46,2,1,1
BRDA:51,3,0,4
BRDA:51,3,1,1
BRDA:56,4,0,4
BRDA:56,4,1,2
BRF:10
BRH:10
end_of_record
TN:
SF:C:\Users\arckm\Documents\GitHub\AP-CSE-APP\src\constants\index.ts
FN:1,(anonymous_0)
FN:11,(anonymous_1)
FNF:2
FNH:2
FNDA:4,(anonymous_0)
FNDA:4,(anonymous_1)
DA:1,4
DA:2,4
DA:3,4
DA:4,4
DA:5,4
DA:6,4
DA:7,4
DA:8,4
DA:11,4
DA:12,4
DA:13,4
DA:14,4
DA:15,4
DA:16,4
DA:17,4
DA:20,4
LF:16
LH:16
BRDA:1,0,0,4
BRDA:1,0,1,4
BRDA:11,1,0,4
BRDA:11,1,1,4
BRF:4
BRH:4
end_of_record
