TN:
SF:C:\Users\arckm\Documents\GitHub\AP-CSE-APP\.storybook\config.js
FN:9,(anonymous_0)
FN:12,loadStories
FN:15,(anonymous_2)
FNF:3
FNH:3
FNDA:28,(anonymous_0)
FNDA:1,loadStories
FNDA:14,(anonymous_2)
DA:9,28
DA:10,1
DA:13,1
DA:15,14
DA:19,1
LF:5
LH:5
BRF:0
BRH:0
end_of_record
TN:
SF:C:\Users\arckm\Documents\GitHub\AP-CSE-APP\.storybook\jestSetup.js
FNF:0
FNH:0
DA:5,10
DA:6,10
LF:2
LH:2
BRF:0
BRH:0
end_of_record
TN:
SF:C:\Users\arckm\Documents\GitHub\AP-CSE-APP\mock_api_data\E.G3.C1.ts
FNF:0
FNH:0
DA:2,2
DA:1440,2
LF:2
LH:2
BRF:0
BRH:0
end_of_record
TN:
SF:C:\Users\arckm\Documents\GitHub\AP-CSE-APP\src\__decorators__\index.tsx
FN:5,(anonymous_1)
FNF:1
FNH:1
FNDA:2,(anonymous_1)
DA:1,1
DA:3,1
DA:5,1
DA:6,2
LF:4
LH:4
BRF:0
BRH:0
end_of_record
TN:
SF:C:\Users\arckm\Documents\GitHub\AP-CSE-APP\src\components\AdditionalMaterials\index.tsx
FN:10,(anonymous_1)
FN:16,(anonymous_2)
FN:17,(anonymous_3)
FNF:3
FNH:3
FNDA:2,(anonymous_1)
FNDA:6,(anonymous_2)
FNDA:18,(anonymous_3)
DA:1,2
DA:2,2
DA:3,2
DA:4,2
DA:10,2
DA:11,2
DA:12,2
DA:13,2
DA:16,2
DA:17,6
DA:18,18
DA:35,6
LF:12
LH:12
BRDA:10,0,0,2
BRDA:10,0,1,2
BRF:2
BRH:2
end_of_record
TN:
SF:C:\Users\arckm\Documents\GitHub\AP-CSE-APP\src\components\Breadcrumbs\BreadcrumbLink.tsx
FN:30,(anonymous_1)
FNF:1
FNH:1
FNDA:29,(anonymous_1)
DA:1,2
DA:2,2
DA:16,2
DA:30,2
DA:35,29
LF:5
LH:5
BRF:0
BRH:0
end_of_record
TN:
SF:C:\Users\arckm\Documents\GitHub\AP-CSE-APP\src\components\Breadcrumbs\BreadcrumbModel.ts
FN:5,(anonymous_0)
FN:14,(anonymous_1)
FN:28,(anonymous_2)
FNF:3
FNH:3
FNDA:1,(anonymous_0)
FNDA:1,(anonymous_1)
FNDA:1,(anonymous_2)
DA:5,1
DA:6,1
DA:7,1
DA:14,1
DA:15,1
DA:16,1
DA:17,1
DA:18,1
DA:19,1
DA:20,1
DA:21,1
DA:28,1
DA:29,1
DA:30,1
DA:31,1
DA:32,1
LF:16
LH:16
BRDA:5,0,0,1
BRDA:5,0,1,1
BRDA:14,1,0,1
BRDA:14,1,1,1
BRDA:28,2,0,1
BRDA:28,2,1,1
BRF:6
BRH:6
end_of_record
TN:
SF:C:\Users\arckm\Documents\GitHub\AP-CSE-APP\src\components\Breadcrumbs\Breadcrumbs.storybook.tsx
FN:30,(anonymous_1)
FN:31,(anonymous_2)
FN:42,(anonymous_3)
FN:52,(anonymous_4)
FNF:4
FNH:4
FNDA:3,(anonymous_1)
FNDA:1,(anonymous_2)
FNDA:1,(anonymous_3)
FNDA:1,(anonymous_4)
DA:1,1
DA:2,1
DA:4,1
DA:5,1
DA:6,1
DA:7,1
DA:8,1
DA:10,1
DA:16,1
DA:18,1
DA:25,1
DA:29,1
DA:30,3
DA:32,1
DA:43,1
DA:53,1
LF:16
LH:16
BRF:0
BRH:0
end_of_record
TN:
SF:C:\Users\arckm\Documents\GitHub\AP-CSE-APP\src\components\Breadcrumbs\index.tsx
FN:28,(anonymous_1)
FNF:1
FNH:1
FNDA:8,(anonymous_1)
DA:1,2
DA:2,2
DA:3,2
DA:4,2
DA:5,2
DA:28,2
DA:29,8
LF:7
LH:7
BRDA:38,0,0,8
BRDA:38,0,1,7
BRDA:39,1,0,8
BRDA:39,1,1,7
BRDA:39,1,2,7
BRDA:41,2,0,8
BRDA:41,2,1,7
BRDA:41,2,2,7
BRDA:41,2,3,7
BRDA:46,3,0,8
BRDA:46,3,1,7
BRDA:46,3,2,7
BRDA:46,3,3,7
BRDA:46,3,4,7
BRF:14
BRH:14
end_of_record
TN:
SF:C:\Users\arckm\Documents\GitHub\AP-CSE-APP\src\components\ContentNav\ContentNav.storybook.tsx
FN:10,(anonymous_1)
FNF:1
FNH:1
FNDA:1,(anonymous_1)
DA:1,1
DA:2,1
DA:3,1
DA:5,1
DA:6,1
DA:8,1
DA:10,1
LF:7
LH:7
BRF:0
BRH:0
end_of_record
TN:
SF:C:\Users\arckm\Documents\GitHub\AP-CSE-APP\src\components\ContentNav\index.tsx
FN:34,(anonymous_2)
FN:58,(anonymous_3)
FN:68,(anonymous_4)
FN:71,(anonymous_5)
FN:73,(anonymous_6)
FN:88,(anonymous_7)
FN:90,(anonymous_8)
FN:94,(anonymous_9)
FN:105,(anonymous_10)
FN:107,(anonymous_11)
FN:118,(anonymous_12)
FN:120,(anonymous_13)
FN:41,(anonymous_14)
FN:42,(anonymous_15)
FN:46,(anonymous_16)
FN:135,(anonymous_17)
FN:140,(anonymous_18)
FNF:17
FNH:17
FNDA:11,(anonymous_2)
FNDA:2,(anonymous_3)
FNDA:1,(anonymous_4)
FNDA:7,(anonymous_5)
FNDA:3,(anonymous_6)
FNDA:1,(anonymous_7)
FNDA:7,(anonymous_8)
FNDA:3,(anonymous_9)
FNDA:4,(anonymous_10)
FNDA:28,(anonymous_11)
FNDA:131,(anonymous_12)
FNDA:105,(anonymous_13)
FNDA:11,(anonymous_14)
FNDA:89,(anonymous_15)
FNDA:87,(anonymous_16)
FNDA:17,(anonymous_17)
FNDA:131,(anonymous_18)
DA:1,3
DA:2,3
DA:5,3
DA:6,3
DA:33,3
DA:35,11
DA:36,11
DA:42,11
DA:43,89
DA:44,89
DA:45,89
DA:46,89
DA:47,87
DA:49,87
DA:52,89
DA:54,89
DA:58,11
DA:59,2
DA:68,11
DA:69,1
DA:70,1
DA:71,1
DA:72,7
DA:73,7
DA:74,3
DA:75,3
DA:77,3
DA:80,7
DA:83,1
DA:88,11
DA:89,1
DA:90,1
DA:91,7
DA:92,7
DA:93,7
DA:94,3
DA:97,7
DA:100,1
DA:105,11
DA:106,4
DA:107,4
DA:108,28
DA:110,28
DA:113,4
DA:118,11
DA:119,131
DA:120,29
DA:121,105
DA:132,102
DA:136,17
DA:141,131
LF:51
LH:51
BRDA:75,0,0,1
BRDA:75,0,1,2
BRDA:93,1,0,1
BRDA:93,1,1,6
BRDA:108,2,0,4
BRDA:108,2,1,24
BRDA:119,3,0,29
BRDA:119,3,1,102
BRF:8
BRH:8
end_of_record
TN:
SF:C:\Users\arckm\Documents\GitHub\AP-CSE-APP\src\components\ContentNav\Item\Item.storybook.tsx
FN:11,(anonymous_1)
FN:12,(anonymous_2)
FN:17,(anonymous_3)
FN:23,(anonymous_4)
FN:36,(anonymous_5)
FN:37,(anonymous_6)
FN:42,(anonymous_7)
FNF:7
FNH:7
FNDA:1,(anonymous_1)
FNDA:1,(anonymous_2)
FNDA:1,(anonymous_3)
FNDA:1,(anonymous_4)
FNDA:1,(anonymous_5)
FNDA:1,(anonymous_6)
FNDA:1,(anonymous_7)
DA:1,1
DA:2,1
DA:3,1
DA:5,1
DA:6,1
DA:7,1
DA:9,1
DA:11,1
DA:13,1
DA:18,1
DA:24,1
DA:34,1
DA:36,1
DA:38,1
DA:43,1
LF:15
LH:15
BRF:0
BRH:0
end_of_record
TN:
SF:C:\Users\arckm\Documents\GitHub\AP-CSE-APP\src\components\ContentNav\Item\index.tsx
FN:23,(anonymous_1)
FN:27,(anonymous_2)
FN:36,(anonymous_3)
FN:54,(anonymous_4)
FN:69,(anonymous_5)
FNF:5
FNH:5
FNDA:36,(anonymous_1)
FNDA:2,(anonymous_2)
FNDA:4,(anonymous_3)
FNDA:140,(anonymous_4)
FNDA:3,(anonymous_5)
DA:1,5
DA:2,5
DA:3,5
DA:23,5
DA:24,36
DA:25,8
DA:28,2
DA:34,28
DA:37,4
DA:54,5
DA:63,140
DA:64,140
DA:66,140
DA:70,3
LF:14
LH:14
BRDA:24,0,0,8
BRDA:24,0,1,28
BRDA:28,1,0,1
BRDA:28,1,1,1
BRDA:37,2,0,3
BRDA:37,2,1,1
BRDA:70,3,0,1
BRDA:70,3,1,2
BRDA:74,4,0,8
BRDA:74,4,1,132
BRDA:78,5,0,140
BRDA:78,5,1,34
BRDA:82,6,0,7
BRDA:82,6,1,133
BRF:14
BRH:14
end_of_record
TN:
SF:C:\Users\arckm\Documents\GitHub\AP-CSE-APP\src\components\ContentNav\SubItem\SubItem.storybook.tsx
FN:9,(anonymous_1)
FN:10,(anonymous_2)
FNF:2
FNH:2
FNDA:1,(anonymous_1)
FNDA:1,(anonymous_2)
DA:1,1
DA:2,1
DA:3,1
DA:5,1
DA:7,1
DA:9,1
DA:10,1
LF:7
LH:7
BRF:0
BRH:0
end_of_record
TN:
SF:C:\Users\arckm\Documents\GitHub\AP-CSE-APP\src\components\ContentNav\SubItem\index.tsx
FN:24,(anonymous_1)
FN:30,(anonymous_2)
FNF:2
FNH:2
FNDA:116,(anonymous_1)
FNDA:3,(anonymous_2)
DA:1,5
DA:2,5
DA:24,5
DA:25,116
DA:27,116
DA:31,3
LF:6
LH:6
BRDA:29,0,0,5
BRDA:29,0,1,111
BRDA:31,1,0,1
BRDA:31,1,1,2
BRF:4
BRH:4
end_of_record
TN:
SF:C:\Users\arckm\Documents\GitHub\AP-CSE-APP\src\components\FilterItem\FilterItem.storybook.tsx
FN:18,(anonymous_1)
FNF:1
FNH:1
FNDA:1,(anonymous_1)
DA:1,1
DA:2,1
DA:3,1
DA:4,1
DA:6,1
DA:16,1
DA:18,1
LF:7
LH:7
BRF:0
BRH:0
end_of_record
TN:
SF:C:\Users\arckm\Documents\GitHub\AP-CSE-APP\src\components\FilterItem\index.tsx
FN:30,(anonymous_1)
FNF:1
FNH:1
FNDA:7,(anonymous_1)
DA:1,1
DA:12,1
DA:17,1
DA:22,1
DA:26,1
DA:30,1
DA:31,7
LF:7
LH:7
BRF:0
BRH:0
end_of_record
TN:
SF:C:\Users\arckm\Documents\GitHub\AP-CSE-APP\src\components\FilterItemList\FilterItemList.storybook.tsx
FN:43,(anonymous_1)
FNF:1
FNH:1
FNDA:1,(anonymous_1)
DA:1,1
DA:2,1
DA:3,1
DA:4,1
DA:8,1
DA:41,1
DA:43,1
LF:7
LH:7
BRF:0
BRH:0
end_of_record
TN:
SF:C:\Users\arckm\Documents\GitHub\AP-CSE-APP\src\components\FilterItemList\index.tsx
FN:19,(anonymous_1)
FN:24,(anonymous_2)
FN:25,(anonymous_3)
FNF:3
FNH:3
FNDA:2,(anonymous_1)
FNDA:2,(anonymous_2)
FNDA:6,(anonymous_3)
DA:1,1
DA:2,1
DA:18,1
DA:20,2
DA:21,2
DA:25,6
DA:27,2
LF:7
LH:7
BRF:0
BRH:0
end_of_record
TN:
SF:C:\Users\arckm\Documents\GitHub\AP-CSE-APP\src\components\HelloWorld\HelloWorld.storybook.tsx
FN:9,(anonymous_1)
FN:10,(anonymous_2)
FNF:2
FNH:2
FNDA:1,(anonymous_1)
FNDA:1,(anonymous_2)
DA:1,1
DA:2,1
DA:3,1
DA:5,1
DA:7,1
DA:9,1
DA:10,1
LF:7
LH:7
BRF:0
BRH:0
end_of_record
TN:
SF:C:\Users\arckm\Documents\GitHub\AP-CSE-APP\src\components\HelloWorld\index.tsx
FN:3,capitalize
FN:12,(anonymous_2)
FNF:2
FNH:2
FNDA:2,capitalize
FNDA:2,(anonymous_2)
DA:1,2
DA:3,2
DA:4,2
DA:12,2
DA:13,2
LF:5
LH:5
BRDA:14,0,0,1
BRDA:14,0,1,1
BRF:2
BRH:2
end_of_record
TN:
SF:C:\Users\arckm\Documents\GitHub\AP-CSE-APP\src\components\HomeContent\Buttons.storybook.tsx
FN:9,(anonymous_1)
FNF:1
FNH:1
FNDA:1,(anonymous_1)
DA:1,1
DA:2,1
DA:3,1
DA:5,1
DA:7,1
DA:9,1
LF:6
LH:6
BRF:0
BRH:0
end_of_record
TN:
SF:C:\Users\arckm\Documents\GitHub\AP-CSE-APP\src\components\HomeContent\index.tsx
FN:9,(anonymous_1)
FNF:1
FNH:1
FNDA:1,(anonymous_1)
DA:1,1
DA:2,1
DA:3,1
DA:4,1
DA:6,1
DA:9,1
DA:10,1
LF:7
LH:7
BRF:0
BRH:0
end_of_record
TN:
SF:C:\Users\arckm\Documents\GitHub\AP-CSE-APP\src\components\MainContent\Components.tsx
FN:13,(anonymous_1)
FN:24,(anonymous_2)
FN:29,(anonymous_3)
FN:35,(anonymous_4)
FN:49,(anonymous_5)
FN:61,(anonymous_6)
FNF:6
FNH:6
FNDA:196,(anonymous_1)
FNDA:70,(anonymous_2)
FNDA:126,(anonymous_3)
FNDA:49,(anonymous_4)
FNDA:28,(anonymous_5)
FNDA:84,(anonymous_6)
DA:1,2
DA:2,2
DA:13,2
DA:14,196
DA:24,2
DA:25,70
DA:29,2
DA:30,126
DA:35,2
DA:36,49
DA:49,2
DA:50,28
DA:61,2
DA:62,84
LF:14
LH:14
BRF:0
BRH:0
end_of_record
TN:
SF:C:\Users\arckm\Documents\GitHub\AP-CSE-APP\src\components\MainContent\MainContent.storybook.tsx
FN:19,(anonymous_1)
FNF:1
FNH:1
FNDA:1,(anonymous_1)
DA:1,1
DA:2,1
DA:3,1
DA:5,1
DA:6,1
DA:7,1
DA:8,1
DA:10,1
DA:17,1
DA:20,1
LF:10
LH:10
BRF:0
BRH:0
end_of_record
TN:
SF:C:\Users\arckm\Documents\GitHub\AP-CSE-APP\src\components\MainContent\TaskModel.tsx
FN:15,(anonymous_1)
FN:16,(anonymous_2)
FN:16,(anonymous_3)
FN:22,(anonymous_4)
FN:24,(anonymous_5)
FN:27,(anonymous_6)
FN:40,(anonymous_7)
FNF:7
FNH:7
FNDA:42,(anonymous_1)
FNDA:84,(anonymous_2)
FNDA:42,(anonymous_3)
FNDA:21,(anonymous_4)
FNDA:21,(anonymous_5)
FNDA:21,(anonymous_6)
FNDA:21,(anonymous_7)
DA:1,2
DA:2,2
DA:3,2
DA:4,2
DA:15,2
DA:16,84
DA:17,42
DA:19,42
DA:22,21
DA:24,2
DA:25,21
DA:27,2
DA:30,21
DA:31,7
DA:40,2
DA:48,21
DA:49,21
DA:51,21
LF:18
LH:18
BRDA:30,0,0,7
BRDA:30,0,1,14
BRDA:30,1,0,21
BRDA:30,1,1,8
BRF:4
BRH:4
end_of_record
TN:
SF:C:\Users\arckm\Documents\GitHub\AP-CSE-APP\src\components\MainContent\index.tsx
FN:32,(anonymous_1)
FN:33,(anonymous_2)
FN:37,(anonymous_3)
FN:44,(anonymous_4)
FN:62,(anonymous_5)
FN:69,(anonymous_6)
FN:70,(anonymous_7)
FN:81,(anonymous_8)
FN:88,(anonymous_9)
FN:106,(anonymous_10)
FN:107,(anonymous_11)
FN:120,(anonymous_12)
FNF:12
FNH:12
FNDA:28,(anonymous_1)
FNDA:40,(anonymous_2)
FNDA:58,(anonymous_3)
FNDA:14,(anonymous_4)
FNDA:17,(anonymous_5)
FNDA:7,(anonymous_6)
FNDA:14,(anonymous_7)
FNDA:7,(anonymous_8)
FNDA:21,(anonymous_9)
FNDA:7,(anonymous_10)
FNDA:14,(anonymous_11)
FNDA:7,(anonymous_12)
DA:1,2
DA:2,2
DA:3,2
DA:4,2
DA:32,2
DA:33,28
DA:34,40
DA:37,2
DA:38,58
DA:39,58
DA:41,58
DA:44,2
DA:45,14
DA:46,14
DA:47,9
DA:59,5
DA:62,2
DA:63,17
DA:64,10
DA:66,0
DA:69,2
DA:70,7
DA:71,14
DA:72,14
DA:74,14
DA:81,2
DA:88,7
DA:89,21
DA:90,21
DA:91,21
DA:93,21
DA:106,2
DA:107,7
DA:108,14
DA:120,2
DA:121,7
DA:122,7
DA:123,7
DA:124,7
DA:126,7
DA:128,7
LF:41
LH:40
BRDA:39,0,0,0
BRDA:39,0,1,58
BRDA:46,1,0,9
BRDA:46,1,1,5
BRDA:63,2,0,7
BRDA:63,2,1,10
BRDA:64,3,0,10
BRDA:64,3,1,0
BRDA:99,4,0,21
BRDA:99,4,1,0
BRF:10
BRH:7
end_of_record
TN:
SF:C:\Users\arckm\Documents\GitHub\AP-CSE-APP\src\components\MainContent\parseUtils.tsx
FN:4,(anonymous_1)
FN:8,(anonymous_2)
FN:15,(anonymous_3)
FN:22,(anonymous_4)
FN:24,(anonymous_5)
FN:27,(anonymous_6)
FN:39,(anonymous_7)
FN:42,(anonymous_8)
FN:52,(anonymous_9)
FN:62,(anonymous_10)
FNF:10
FNH:10
FNDA:112,(anonymous_1)
FNDA:112,(anonymous_2)
FNDA:884,(anonymous_3)
FNDA:2196,(anonymous_4)
FNDA:2054,(anonymous_5)
FNDA:2196,(anonymous_6)
FNDA:884,(anonymous_7)
FNDA:2054,(anonymous_8)
FNDA:112,(anonymous_9)
FNDA:884,(anonymous_10)
DA:1,2
DA:4,2
DA:5,112
DA:8,2
DA:9,112
DA:15,2
DA:16,884
DA:22,2196
DA:24,2
DA:25,2054
DA:27,2054
DA:28,2196
DA:29,2196
DA:30,71
DA:32,19
DA:35,2125
DA:39,2
DA:40,884
DA:42,884
DA:43,2054
DA:44,2054
DA:45,585
DA:48,1469
DA:52,2
DA:53,112
DA:55,112
DA:56,112
DA:58,112
DA:59,6
DA:62,112
DA:63,884
LF:31
LH:31
BRDA:29,0,0,71
BRDA:29,0,1,2125
BRDA:30,1,0,52
BRDA:30,1,1,19
BRDA:44,2,0,585
BRDA:44,2,1,1469
BRDA:55,3,0,0
BRDA:55,3,1,112
BRDA:58,4,0,6
BRDA:58,4,1,106
BRF:10
BRH:9
end_of_record
TN:
SF:C:\Users\arckm\Documents\GitHub\AP-CSE-APP\src\components\NavBar\MainMenu.tsx
FN:16,(anonymous_1)
FN:36,(anonymous_2)
FNF:2
FNH:2
FNDA:8,(anonymous_1)
FNDA:2,(anonymous_2)
DA:1,1
DA:2,1
DA:3,1
DA:4,1
DA:16,1
DA:17,8
DA:36,1
DA:37,2
DA:41,2
DA:42,2
DA:43,2
DA:44,2
DA:46,2
LF:13
LH:13
BRF:0
BRH:0
end_of_record
TN:
SF:C:\Users\arckm\Documents\GitHub\AP-CSE-APP\src\components\NavBar\NavBar.storybook.tsx
FN:9,(anonymous_1)
FNF:1
FNH:1
FNDA:1,(anonymous_1)
DA:1,1
DA:2,1
DA:3,1
DA:5,1
DA:7,1
DA:9,1
LF:6
LH:6
BRF:0
BRH:0
end_of_record
TN:
SF:C:\Users\arckm\Documents\GitHub\AP-CSE-APP\src\components\NavBar\index.tsx
FN:17,(anonymous_1)
FN:42,(anonymous_2)
FNF:2
FNH:2
FNDA:2,(anonymous_1)
FNDA:2,(anonymous_2)
DA:1,1
DA:2,1
DA:3,1
DA:4,1
DA:5,1
DA:6,1
DA:9,1
DA:17,1
DA:18,2
DA:42,1
DA:43,2
DA:47,2
DA:48,2
DA:50,2
LF:14
LH:14
BRF:0
BRH:0
end_of_record
TN:
SF:C:\Users\arckm\Documents\GitHub\AP-CSE-APP\src\components\SbNavLink\index.tsx
FN:8,(anonymous_1)
FNF:1
FNH:1
FNDA:30,(anonymous_1)
DA:1,2
DA:8,2
DA:9,30
LF:3
LH:3
BRF:0
BRH:0
end_of_record
TN:
SF:C:\Users\arckm\Documents\GitHub\AP-CSE-APP\src\components\SearchBar\SearchBar.storybook.tsx
FN:9,(anonymous_1)
FNF:1
FNH:1
FNDA:1,(anonymous_1)
DA:1,1
DA:2,1
DA:3,1
DA:5,1
DA:7,1
DA:9,1
LF:6
LH:6
BRF:0
BRH:0
end_of_record
TN:
SF:C:\Users\arckm\Documents\GitHub\AP-CSE-APP\src\components\SearchBar\index.tsx
FN:5,(anonymous_1)
FNF:1
FNH:1
FNDA:4,(anonymous_1)
DA:1,1
DA:2,1
DA:3,1
DA:5,1
DA:6,4
LF:5
LH:5
BRF:0
BRH:0
end_of_record
TN:
SF:C:\Users\arckm\Documents\GitHub\AP-CSE-APP\src\components\SearchPage\SearchPage.storybook.tsx
FN:46,(anonymous_1)
FNF:1
FNH:1
FNDA:1,(anonymous_1)
DA:1,1
DA:2,1
DA:3,1
DA:4,1
DA:8,1
DA:44,1
DA:46,1
LF:7
LH:7
BRF:0
BRH:0
end_of_record
TN:
SF:C:\Users\arckm\Documents\GitHub\AP-CSE-APP\src\components\SearchPage\index.tsx
FN:18,(anonymous_1)
FNF:1
FNH:1
FNDA:1,(anonymous_1)
DA:1,1
DA:3,1
DA:4,1
DA:5,1
DA:6,1
DA:13,1
DA:18,1
DA:19,1
LF:8
LH:8
BRF:0
BRH:0
end_of_record
TN:
SF:C:\Users\arckm\Documents\GitHub\AP-CSE-APP\src\components\TitleBar\DownloadBtn.tsx
FN:22,(anonymous_1)
FNF:1
FNH:1
FNDA:9,(anonymous_1)
DA:1,2
DA:2,2
DA:3,2
DA:22,2
DA:23,9
LF:5
LH:5
BRF:0
BRH:0
end_of_record
TN:
SF:C:\Users\arckm\Documents\GitHub\AP-CSE-APP\src\components\TitleBar\TitleBar.storybook.tsx
FN:25,(anonymous_1)
FN:30,(anonymous_2)
FN:35,(anonymous_3)
FN:46,(anonymous_4)
FNF:4
FNH:4
FNDA:1,(anonymous_1)
FNDA:1,(anonymous_2)
FNDA:1,(anonymous_3)
FNDA:1,(anonymous_4)
DA:1,1
DA:2,1
DA:4,1
DA:5,1
DA:7,1
DA:11,1
DA:17,1
DA:24,1
DA:26,1
DA:31,1
DA:36,1
DA:47,1
LF:12
LH:12
BRF:0
BRH:0
end_of_record
TN:
SF:C:\Users\arckm\Documents\GitHub\AP-CSE-APP\src\components\TitleBar\index.tsx
FN:33,(anonymous_1)
FNF:1
FNH:1
FNDA:11,(anonymous_1)
DA:1,2
DA:2,2
DA:3,2
DA:18,2
DA:33,2
DA:40,11
LF:6
LH:6
BRDA:42,0,0,11
BRDA:42,0,1,11
BRDA:47,1,0,11
BRDA:47,1,1,8
BRDA:52,2,0,11
BRDA:52,2,1,7
BRDA:57,3,0,11
BRDA:57,3,1,7
BRDA:62,4,0,11
BRDA:62,4,1,8
BRF:10
BRH:10
end_of_record
TN:
SF:C:\Users\arckm\Documents\GitHub\AP-CSE-APP\src\constants\index.ts
FN:1,(anonymous_0)
FN:11,(anonymous_1)
FNF:2
FNH:2
FNDA:7,(anonymous_0)
FNDA:7,(anonymous_1)
DA:1,7
DA:2,7
DA:3,7
DA:4,7
DA:5,7
DA:6,7
DA:7,7
DA:8,7
DA:11,7
DA:12,7
DA:13,7
DA:14,7
DA:15,7
DA:16,7
DA:17,7
DA:18,7
DA:21,7
LF:17
LH:17
BRDA:1,0,0,7
BRDA:1,0,1,7
BRDA:11,1,0,7
BRDA:11,1,1,7
BRF:4
BRH:4
end_of_record
TN:
SF:C:\Users\arckm\Documents\GitHub\AP-CSE-APP\src\pages\Target\TargetPage.storybook.tsx
FN:11,(anonymous_1)
FN:12,(anonymous_2)
FNF:2
FNH:2
FNDA:1,(anonymous_1)
FNDA:1,(anonymous_2)
DA:1,1
DA:2,1
DA:3,1
DA:4,1
DA:6,1
DA:8,1
DA:11,1
DA:12,1
LF:8
LH:8
BRF:0
BRH:0
end_of_record
TN:
SF:C:\Users\arckm\Documents\GitHub\AP-CSE-APP\src\pages\Target\index.tsx
FN:58,(anonymous_1)
FN:60,(anonymous_2)
FN:67,(anonymous_3)
FN:73,(anonymous_4)
FN:85,(anonymous_5)
FN:87,(anonymous_6)
FN:94,(anonymous_7)
FN:103,(anonymous_8)
FN:113,(anonymous_9)
FN:162,(anonymous_10)
FN:172,(anonymous_11)
FN:174,(anonymous_12)
FN:187,(anonymous_13)
FN:193,(anonymous_14)
FN:196,(anonymous_15)
FN:197,(anonymous_16)
FN:197,(anonymous_17)
FN:202,(anonymous_18)
FN:207,(anonymous_19)
FNF:19
FNH:18
FNDA:25,(anonymous_1)
FNDA:100,(anonymous_2)
FNDA:51,(anonymous_3)
FNDA:24,(anonymous_4)
FNDA:7,(anonymous_5)
FNDA:49,(anonymous_6)
FNDA:9,(anonymous_7)
FNDA:9,(anonymous_8)
FNDA:6,(anonymous_9)
FNDA:8,(anonymous_10)
FNDA:8,(anonymous_11)
FNDA:8,(anonymous_12)
FNDA:0,(anonymous_13)
FNDA:8,(anonymous_14)
FNDA:8,(anonymous_15)
FNDA:8,(anonymous_16)
FNDA:8,(anonymous_17)
FNDA:8,(anonymous_18)
FNDA:14,(anonymous_19)
DA:1,2
DA:3,2
DA:4,2
DA:7,2
DA:8,2
DA:9,2
DA:10,2
DA:13,2
DA:33,2
DA:36,2
DA:41,2
DA:51,2
DA:58,2
DA:59,25
DA:60,25
DA:61,100
DA:64,25
DA:67,2
DA:68,51
DA:69,51
DA:70,51
DA:71,8
DA:72,8
DA:73,8
DA:74,24
DA:77,8
DA:79,43
DA:82,51
DA:85,2
DA:86,7
DA:87,7
DA:88,49
DA:91,7
DA:94,2
DA:95,9
DA:103,2
DA:104,9
DA:113,2
DA:114,6
DA:156,2
DA:163,8
DA:164,8
DA:173,8
DA:175,8
DA:176,8
DA:177,8
DA:188,0
DA:195,8
DA:196,8
DA:197,8
DA:198,8
DA:202,8
DA:203,8
DA:208,14
DA:215,14
DA:217,14
LF:56
LH:55
BRDA:70,0,0,8
BRDA:70,0,1,43
BRDA:72,1,0,8
BRDA:72,1,1,0
BRDA:175,2,0,8
BRDA:175,2,1,0
BRDA:180,3,0,1
BRDA:180,3,1,7
BRDA:218,4,0,8
BRDA:218,4,1,6
BRF:10
BRH:8
end_of_record
